{"D:\\onlinewebsites\\quiz-platform\\apps\\api-server\\src\\__test-utils__\\mock-db.ts": {"path":"D:\\onlinewebsites\\quiz-platform\\apps\\api-server\\src\\__test-utils__\\mock-db.ts","statementMap":{"0":{"start":{"line":3,"column":28},"end":{"line":60,"column":null}},"1":{"start":{"line":4,"column":17},"end":{"line":50,"column":null}},"2":{"start":{"line":52,"column":17},"end":{"line":57,"column":null}},"3":{"start":{"line":55,"column":6},"end":{"line":55,"column":null}},"4":{"start":{"line":59,"column":2},"end":{"line":59,"column":null}},"5":{"start":{"line":62,"column":34},"end":{"line":62,"column":null}}},"fnMap":{"0":{"name":"(anonymous_0)","decl":{"start":{"line":3,"column":28},"end":{"line":3,"column":34}},"loc":{"start":{"line":3,"column":34},"end":{"line":60,"column":null}},"line":3},"1":{"name":"(anonymous_1)","decl":{"start":{"line":54,"column":44},"end":{"line":54,"column":51}},"loc":{"start":{"line":54,"column":64},"end":{"line":56,"column":5}},"line":54}},"branchMap":{},"s":{"0":2,"1":2,"2":2,"3":15,"4":2,"5":2},"f":{"0":2,"1":15},"b":{},"meta":{"lastBranch":0,"lastFunction":2,"lastStatement":6,"seen":{"s:3:28:60:Infinity":0,"f:3:28:3:34":0,"s:4:17:50:Infinity":1,"s:52:17:57:Infinity":2,"f:54:44:54:51":1,"s:55:6:55:Infinity":3,"s:59:2:59:Infinity":4,"s:62:34:62:Infinity":5}}}
,"D:\\onlinewebsites\\quiz-platform\\apps\\api-server\\src\\lib\\db.ts": {"path":"D:\\onlinewebsites\\quiz-platform\\apps\\api-server\\src\\lib\\db.ts","statementMap":{"0":{"start":{"line":4,"column":23},"end":{"line":4,"column":null}},"1":{"start":{"line":5,"column":22},"end":{"line":5,"column":null}},"2":{"start":{"line":8,"column":2},"end":{"line":10,"column":null}},"3":{"start":{"line":15,"column":13},"end":{"line":15,"column":null}},"4":{"start":{"line":22,"column":2},"end":{"line":24,"column":null}}},"fnMap":{},"branchMap":{"0":{"loc":{"start":{"line":8,"column":2},"end":{"line":10,"column":null}},"type":"cond-expr","locations":[{"start":{"line":9,"column":6},"end":{"line":9,"column":null}},{"start":{"line":10,"column":6},"end":{"line":10,"column":null}}],"line":8},"1":{"loc":{"start":{"line":8,"column":2},"end":{"line":8,"column":null}},"type":"binary-expr","locations":[{"start":{"line":8,"column":2},"end":{"line":8,"column":34}},{"start":{"line":8,"column":34},"end":{"line":8,"column":61}},{"start":{"line":8,"column":61},"end":{"line":8,"column":null}}],"line":8},"2":{"loc":{"start":{"line":22,"column":2},"end":{"line":24,"column":null}},"type":"cond-expr","locations":[{"start":{"line":22,"column":77},"end":{"line":23,"column":null}},{"start":{"line":24,"column":6},"end":{"line":24,"column":null}}],"line":22},"3":{"loc":{"start":{"line":22,"column":2},"end":{"line":22,"column":null}},"type":"binary-expr","locations":[{"start":{"line":22,"column":2},"end":{"line":22,"column":33}},{"start":{"line":22,"column":33},"end":{"line":22,"column":59}},{"start":{"line":22,"column":59},"end":{"line":22,"column":null}}],"line":22}},"s":{"0":51,"1":51,"2":51,"3":51,"4":51},"f":{},"b":{"0":[48,3],"1":[51,4,4],"2":[1,50],"3":[51,1,1]},"meta":{"lastBranch":4,"lastFunction":0,"lastStatement":5,"seen":{"s:4:23:4:Infinity":0,"s:5:22:5:Infinity":1,"s:8:2:10:Infinity":2,"b:9:6:9:Infinity:10:6:10:Infinity":0,"b:8:2:8:34:8:34:8:61:8:61:8:Infinity":1,"s:15:13:15:Infinity":3,"s:22:2:24:Infinity":4,"b:22:77:23:Infinity:24:6:24:Infinity":2,"b:22:2:22:33:22:33:22:59:22:59:22:Infinity":3}}}
,"D:\\onlinewebsites\\quiz-platform\\apps\\api-server\\src\\lib\\redis.ts": {"path":"D:\\onlinewebsites\\quiz-platform\\apps\\api-server\\src\\lib\\redis.ts","statementMap":{"0":{"start":{"line":4,"column":21},"end":{"line":7,"column":null}}},"fnMap":{},"branchMap":{},"s":{"0":46},"f":{},"b":{},"meta":{"lastBranch":0,"lastFunction":0,"lastStatement":1,"seen":{"s:4:21:7:Infinity":0}}}
,"D:\\onlinewebsites\\quiz-platform\\apps\\api-server\\src\\modules\\adaptive-engine\\adaptive-tutor.service.ts": {"path":"D:\\onlinewebsites\\quiz-platform\\apps\\api-server\\src\\modules\\adaptive-engine\\adaptive-tutor.service.ts","statementMap":{"0":{"start":{"line":30,"column":23},"end":{"line":30,"column":null}},"1":{"start":{"line":31,"column":26},"end":{"line":31,"column":null}},"2":{"start":{"line":31,"column":56},"end":{"line":31,"column":79}},"3":{"start":{"line":34,"column":24},"end":{"line":34,"column":null}},"4":{"start":{"line":34,"column":59},"end":{"line":34,"column":74}},"5":{"start":{"line":35,"column":4},"end":{"line":35,"column":null}},"6":{"start":{"line":35,"column":34},"end":{"line":35,"column":null}},"7":{"start":{"line":38,"column":19},"end":{"line":39,"column":null}},"8":{"start":{"line":39,"column":6},"end":{"line":39,"column":null}},"9":{"start":{"line":41,"column":19},"end":{"line":41,"column":null}},"10":{"start":{"line":41,"column":42},"end":{"line":41,"column":51}},"11":{"start":{"line":42,"column":21},"end":{"line":42,"column":null}},"12":{"start":{"line":42,"column":44},"end":{"line":42,"column":53}},"13":{"start":{"line":42,"column":70},"end":{"line":42,"column":81}},"14":{"start":{"line":44,"column":40},"end":{"line":51,"column":null}},"15":{"start":{"line":53,"column":24},"end":{"line":55,"column":null}},"16":{"start":{"line":54,"column":30},"end":{"line":54,"column":54}},"17":{"start":{"line":56,"column":26},"end":{"line":60,"column":null}},"18":{"start":{"line":58,"column":23},"end":{"line":58,"column":70}},"19":{"start":{"line":59,"column":20},"end":{"line":59,"column":56}},"20":{"start":{"line":62,"column":37},"end":{"line":62,"column":null}},"21":{"start":{"line":64,"column":4},"end":{"line":104,"column":null}},"22":{"start":{"line":65,"column":27},"end":{"line":65,"column":null}},"23":{"start":{"line":67,"column":8},"end":{"line":69,"column":null}},"24":{"start":{"line":71,"column":47},"end":{"line":71,"column":null}},"25":{"start":{"line":72,"column":18},"end":{"line":72,"column":null}},"26":{"start":{"line":73,"column":27},"end":{"line":73,"column":null}},"27":{"start":{"line":75,"column":6},"end":{"line":87,"column":null}},"28":{"start":{"line":76,"column":8},"end":{"line":76,"column":null}},"29":{"start":{"line":77,"column":8},"end":{"line":77,"column":null}},"30":{"start":{"line":78,"column":8},"end":{"line":78,"column":null}},"31":{"start":{"line":79,"column":6},"end":{"line":87,"column":null}},"32":{"start":{"line":80,"column":8},"end":{"line":80,"column":null}},"33":{"start":{"line":81,"column":8},"end":{"line":81,"column":null}},"34":{"start":{"line":82,"column":8},"end":{"line":82,"column":null}},"35":{"start":{"line":84,"column":8},"end":{"line":84,"column":null}},"36":{"start":{"line":85,"column":8},"end":{"line":85,"column":null}},"37":{"start":{"line":86,"column":8},"end":{"line":86,"column":null}},"38":{"start":{"line":89,"column":6},"end":{"line":103,"column":null}},"39":{"start":{"line":106,"column":4},"end":{"line":108,"column":null}},"40":{"start":{"line":107,"column":24},"end":{"line":107,"column":59}},"41":{"start":{"line":115,"column":18},"end":{"line":117,"column":null}},"42":{"start":{"line":119,"column":31},"end":{"line":119,"column":null}},"43":{"start":{"line":120,"column":21},"end":{"line":120,"column":null}},"44":{"start":{"line":121,"column":4},"end":{"line":123,"column":null}},"45":{"start":{"line":122,"column":6},"end":{"line":122,"column":null}},"46":{"start":{"line":126,"column":23},"end":{"line":128,"column":null}},"47":{"start":{"line":127,"column":36},"end":{"line":127,"column":null}},"48":{"start":{"line":131,"column":4},"end":{"line":141,"column":null}},"49":{"start":{"line":145,"column":4},"end":{"line":145,"column":null}}},"fnMap":{"0":{"name":"(anonymous_0)","decl":{"start":{"line":25,"column":15},"end":{"line":25,"column":null}},"loc":{"start":{"line":28,"column":29},"end":{"line":109,"column":null}},"line":28},"1":{"name":"(anonymous_1)","decl":{"start":{"line":31,"column":49},"end":{"line":31,"column":50}},"loc":{"start":{"line":31,"column":56},"end":{"line":31,"column":79}},"line":31},"2":{"name":"(anonymous_2)","decl":{"start":{"line":34,"column":52},"end":{"line":34,"column":53}},"loc":{"start":{"line":34,"column":59},"end":{"line":34,"column":74}},"line":34},"3":{"name":"(anonymous_3)","decl":{"start":{"line":38,"column":19},"end":{"line":38,"column":20}},"loc":{"start":{"line":39,"column":6},"end":{"line":39,"column":null}},"line":39},"4":{"name":"(anonymous_4)","decl":{"start":{"line":41,"column":35},"end":{"line":41,"column":36}},"loc":{"start":{"line":41,"column":42},"end":{"line":41,"column":51}},"line":41},"5":{"name":"(anonymous_5)","decl":{"start":{"line":42,"column":37},"end":{"line":42,"column":38}},"loc":{"start":{"line":42,"column":44},"end":{"line":42,"column":53}},"line":42},"6":{"name":"(anonymous_6)","decl":{"start":{"line":42,"column":62},"end":{"line":42,"column":63}},"loc":{"start":{"line":42,"column":70},"end":{"line":42,"column":81}},"line":42},"7":{"name":"(anonymous_7)","decl":{"start":{"line":54,"column":23},"end":{"line":54,"column":24}},"loc":{"start":{"line":54,"column":30},"end":{"line":54,"column":54}},"line":54},"8":{"name":"(anonymous_8)","decl":{"start":{"line":58,"column":16},"end":{"line":58,"column":17}},"loc":{"start":{"line":58,"column":23},"end":{"line":58,"column":70}},"line":58},"9":{"name":"(anonymous_9)","decl":{"start":{"line":59,"column":13},"end":{"line":59,"column":14}},"loc":{"start":{"line":59,"column":20},"end":{"line":59,"column":56}},"line":59},"10":{"name":"(anonymous_10)","decl":{"start":{"line":107,"column":12},"end":{"line":107,"column":13}},"loc":{"start":{"line":107,"column":24},"end":{"line":107,"column":59}},"line":107},"11":{"name":"(anonymous_11)","decl":{"start":{"line":114,"column":15},"end":{"line":114,"column":34}},"loc":{"start":{"line":114,"column":85},"end":{"line":146,"column":null}},"line":114},"12":{"name":"(anonymous_12)","decl":{"start":{"line":127,"column":13},"end":{"line":127,"column":14}},"loc":{"start":{"line":127,"column":36},"end":{"line":127,"column":null}},"line":127}},"branchMap":{"0":{"loc":{"start":{"line":35,"column":4},"end":{"line":35,"column":null}},"type":"if","locations":[{"start":{"line":35,"column":4},"end":{"line":35,"column":null}},{"start":{},"end":{}}],"line":35},"1":{"loc":{"start":{"line":45,"column":10},"end":{"line":47,"column":null}},"type":"cond-expr","locations":[{"start":{"line":46,"column":12},"end":{"line":46,"column":null}},{"start":{"line":47,"column":10},"end":{"line":47,"column":null}}],"line":45},"2":{"loc":{"start":{"line":48,"column":10},"end":{"line":50,"column":null}},"type":"cond-expr","locations":[{"start":{"line":49,"column":12},"end":{"line":49,"column":null}},{"start":{"line":50,"column":10},"end":{"line":50,"column":null}}],"line":48},"3":{"loc":{"start":{"line":58,"column":23},"end":{"line":58,"column":70}},"type":"binary-expr","locations":[{"start":{"line":58,"column":23},"end":{"line":58,"column":53}},{"start":{"line":58,"column":53},"end":{"line":58,"column":70}}],"line":58},"4":{"loc":{"start":{"line":65,"column":27},"end":{"line":65,"column":null}},"type":"binary-expr","locations":[{"start":{"line":65,"column":27},"end":{"line":65,"column":64}},{"start":{"line":65,"column":64},"end":{"line":65,"column":null}}],"line":65},"5":{"loc":{"start":{"line":67,"column":8},"end":{"line":69,"column":null}},"type":"binary-expr","locations":[{"start":{"line":67,"column":8},"end":{"line":67,"column":null}},{"start":{"line":68,"column":8},"end":{"line":68,"column":null}},{"start":{"line":69,"column":8},"end":{"line":69,"column":null}}],"line":67},"6":{"loc":{"start":{"line":75,"column":6},"end":{"line":87,"column":null}},"type":"if","locations":[{"start":{"line":75,"column":6},"end":{"line":87,"column":null}},{"start":{"line":79,"column":6},"end":{"line":87,"column":null}}],"line":75},"7":{"loc":{"start":{"line":79,"column":6},"end":{"line":87,"column":null}},"type":"if","locations":[{"start":{"line":79,"column":6},"end":{"line":87,"column":null}},{"start":{"line":83,"column":13},"end":{"line":87,"column":null}}],"line":79},"8":{"loc":{"start":{"line":79,"column":17},"end":{"line":79,"column":60}},"type":"binary-expr","locations":[{"start":{"line":79,"column":17},"end":{"line":79,"column":41}},{"start":{"line":79,"column":41},"end":{"line":79,"column":60}}],"line":79},"9":{"loc":{"start":{"line":92,"column":10},"end":{"line":94,"column":null}},"type":"cond-expr","locations":[{"start":{"line":93,"column":14},"end":{"line":93,"column":null}},{"start":{"line":94,"column":14},"end":{"line":94,"column":null}}],"line":92},"10":{"loc":{"start":{"line":92,"column":10},"end":{"line":92,"column":null}},"type":"binary-expr","locations":[{"start":{"line":92,"column":10},"end":{"line":92,"column":47}},{"start":{"line":92,"column":47},"end":{"line":92,"column":null}}],"line":92},"11":{"loc":{"start":{"line":99,"column":10},"end":{"line":101,"column":null}},"type":"cond-expr","locations":[{"start":{"line":100,"column":14},"end":{"line":100,"column":null}},{"start":{"line":101,"column":14},"end":{"line":101,"column":null}}],"line":99},"12":{"loc":{"start":{"line":99,"column":10},"end":{"line":99,"column":null}},"type":"binary-expr","locations":[{"start":{"line":99,"column":10},"end":{"line":99,"column":54}},{"start":{"line":99,"column":54},"end":{"line":99,"column":null}}],"line":99},"13":{"loc":{"start":{"line":107,"column":24},"end":{"line":107,"column":59}},"type":"cond-expr","locations":[{"start":{"line":107,"column":52},"end":{"line":107,"column":57}},{"start":{"line":107,"column":57},"end":{"line":107,"column":59}}],"line":107},"14":{"loc":{"start":{"line":120,"column":21},"end":{"line":120,"column":null}},"type":"binary-expr","locations":[{"start":{"line":120,"column":21},"end":{"line":120,"column":62}},{"start":{"line":120,"column":62},"end":{"line":120,"column":null}}],"line":120},"15":{"loc":{"start":{"line":121,"column":4},"end":{"line":123,"column":null}},"type":"if","locations":[{"start":{"line":121,"column":4},"end":{"line":123,"column":null}},{"start":{},"end":{}}],"line":121},"16":{"loc":{"start":{"line":121,"column":8},"end":{"line":121,"column":29}},"type":"binary-expr","locations":[{"start":{"line":121,"column":8},"end":{"line":121,"column":18}},{"start":{"line":121,"column":18},"end":{"line":121,"column":29}}],"line":121},"17":{"loc":{"start":{"line":136,"column":8},"end":{"line":138,"column":null}},"type":"cond-expr","locations":[{"start":{"line":137,"column":12},"end":{"line":137,"column":null}},{"start":{"line":138,"column":12},"end":{"line":138,"column":null}}],"line":136},"18":{"loc":{"start":{"line":136,"column":8},"end":{"line":136,"column":null}},"type":"binary-expr","locations":[{"start":{"line":136,"column":8},"end":{"line":136,"column":49}},{"start":{"line":136,"column":49},"end":{"line":136,"column":null}}],"line":136}},"s":{"0":5,"1":5,"2":8,"3":5,"4":12,"5":5,"6":1,"7":4,"8":18,"9":4,"10":9,"11":4,"12":9,"13":9,"14":4,"15":5,"16":7,"17":5,"18":7,"19":6,"20":5,"21":5,"22":9,"23":9,"24":9,"25":9,"26":9,"27":9,"28":4,"29":4,"30":4,"31":5,"32":4,"33":4,"34":4,"35":1,"36":1,"37":1,"38":9,"39":4,"40":6,"41":9,"42":9,"43":9,"44":9,"45":4,"46":5,"47":1,"48":5,"49":5},"f":{"0":45,"1":8,"2":12,"3":18,"4":9,"5":9,"6":9,"7":7,"8":7,"9":6,"10":6,"11":45,"12":1},"b":{"0":[1,4],"1":[2,2],"2":[3,1],"3":[7,7],"4":[9,1],"5":[9,5,4],"6":[4,5],"7":[4,1],"8":[5,4],"9":[4,5],"10":[9,5],"11":[3,6],"12":[9,5],"13":[4,2],"14":[9,7],"15":[4,5],"16":[9,9],"17":[3,2],"18":[5,4]},"meta":{"lastBranch":19,"lastFunction":13,"lastStatement":50,"seen":{"f:25:15:25:Infinity":0,"s:30:23:30:Infinity":0,"s:31:26:31:Infinity":1,"f:31:49:31:50":1,"s:31:56:31:79":2,"s:34:24:34:Infinity":3,"f:34:52:34:53":2,"s:34:59:34:74":4,"b:35:4:35:Infinity:undefined:undefined:undefined:undefined":0,"s:35:4:35:Infinity":5,"s:35:34:35:Infinity":6,"s:38:19:39:Infinity":7,"f:38:19:38:20":3,"s:39:6:39:Infinity":8,"s:41:19:41:Infinity":9,"f:41:35:41:36":4,"s:41:42:41:51":10,"s:42:21:42:Infinity":11,"f:42:37:42:38":5,"s:42:44:42:53":12,"f:42:62:42:63":6,"s:42:70:42:81":13,"s:44:40:51:Infinity":14,"b:46:12:46:Infinity:47:10:47:Infinity":1,"b:49:12:49:Infinity:50:10:50:Infinity":2,"s:53:24:55:Infinity":15,"f:54:23:54:24":7,"s:54:30:54:54":16,"s:56:26:60:Infinity":17,"f:58:16:58:17":8,"s:58:23:58:70":18,"b:58:23:58:53:58:53:58:70":3,"f:59:13:59:14":9,"s:59:20:59:56":19,"s:62:37:62:Infinity":20,"s:64:4:104:Infinity":21,"s:65:27:65:Infinity":22,"b:65:27:65:64:65:64:65:Infinity":4,"s:67:8:69:Infinity":23,"b:67:8:67:Infinity:68:8:68:Infinity:69:8:69:Infinity":5,"s:71:47:71:Infinity":24,"s:72:18:72:Infinity":25,"s:73:27:73:Infinity":26,"b:75:6:87:Infinity:79:6:87:Infinity":6,"s:75:6:87:Infinity":27,"s:76:8:76:Infinity":28,"s:77:8:77:Infinity":29,"s:78:8:78:Infinity":30,"b:79:6:87:Infinity:83:13:87:Infinity":7,"s:79:6:87:Infinity":31,"b:79:17:79:41:79:41:79:60":8,"s:80:8:80:Infinity":32,"s:81:8:81:Infinity":33,"s:82:8:82:Infinity":34,"s:84:8:84:Infinity":35,"s:85:8:85:Infinity":36,"s:86:8:86:Infinity":37,"s:89:6:103:Infinity":38,"b:93:14:93:Infinity:94:14:94:Infinity":9,"b:92:10:92:47:92:47:92:Infinity":10,"b:100:14:100:Infinity:101:14:101:Infinity":11,"b:99:10:99:54:99:54:99:Infinity":12,"s:106:4:108:Infinity":39,"f:107:12:107:13":10,"s:107:24:107:59":40,"b:107:52:107:57:107:57:107:59":13,"f:114:15:114:34":11,"s:115:18:117:Infinity":41,"s:119:31:119:Infinity":42,"s:120:21:120:Infinity":43,"b:120:21:120:62:120:62:120:Infinity":14,"b:121:4:123:Infinity:undefined:undefined:undefined:undefined":15,"s:121:4:123:Infinity":44,"b:121:8:121:18:121:18:121:29":16,"s:122:6:122:Infinity":45,"s:126:23:128:Infinity":46,"f:127:13:127:14":12,"s:127:36:127:Infinity":47,"s:131:4:141:Infinity":48,"b:137:12:137:Infinity:138:12:138:Infinity":17,"b:136:8:136:49:136:49:136:Infinity":18,"s:145:4:145:Infinity":49}}}
,"D:\\onlinewebsites\\quiz-platform\\apps\\api-server\\src\\modules\\analytics\\analytics.service.ts": {"path":"D:\\onlinewebsites\\quiz-platform\\apps\\api-server\\src\\modules\\analytics\\analytics.service.ts","statementMap":{"0":{"start":{"line":7,"column":2},"end":{"line":7,"column":null}},"1":{"start":{"line":14,"column":4},"end":{"line":14,"column":null}},"2":{"start":{"line":16,"column":18},"end":{"line":32,"column":null}},"3":{"start":{"line":34,"column":20},"end":{"line":37,"column":null}},"4":{"start":{"line":39,"column":4},"end":{"line":53,"column":null}},"5":{"start":{"line":40,"column":6},"end":{"line":52,"column":null}},"6":{"start":{"line":41,"column":22},"end":{"line":43,"column":null}},"7":{"start":{"line":45,"column":8},"end":{"line":45,"column":null}},"8":{"start":{"line":46,"column":8},"end":{"line":46,"column":null}},"9":{"start":{"line":47,"column":8},"end":{"line":47,"column":null}},"10":{"start":{"line":49,"column":24},"end":{"line":49,"column":null}},"11":{"start":{"line":50,"column":8},"end":{"line":50,"column":null}},"12":{"start":{"line":51,"column":8},"end":{"line":51,"column":null}},"13":{"start":{"line":55,"column":4},"end":{"line":62,"column":null}},"14":{"start":{"line":64,"column":4},"end":{"line":66,"column":null}},"15":{"start":{"line":65,"column":6},"end":{"line":65,"column":null}},"16":{"start":{"line":65,"column":99},"end":{"line":65,"column":105}}},"fnMap":{"0":{"name":"(anonymous_0)","decl":{"start":{"line":13,"column":15},"end":{"line":13,"column":48}},"loc":{"start":{"line":13,"column":48},"end":{"line":67,"column":null}},"line":13},"1":{"name":"(anonymous_1)","decl":{"start":{"line":65,"column":94},"end":{"line":65,"column":99}},"loc":{"start":{"line":65,"column":99},"end":{"line":65,"column":105}},"line":65}},"branchMap":{"0":{"loc":{"start":{"line":41,"column":22},"end":{"line":43,"column":null}},"type":"cond-expr","locations":[{"start":{"line":42,"column":12},"end":{"line":42,"column":null}},{"start":{"line":43,"column":12},"end":{"line":43,"column":null}}],"line":41},"1":{"loc":{"start":{"line":49,"column":24},"end":{"line":49,"column":null}},"type":"cond-expr","locations":[{"start":{"line":49,"column":49},"end":{"line":49,"column":65}},{"start":{"line":49,"column":65},"end":{"line":49,"column":null}}],"line":49},"2":{"loc":{"start":{"line":64,"column":4},"end":{"line":66,"column":null}},"type":"if","locations":[{"start":{"line":64,"column":4},"end":{"line":66,"column":null}},{"start":{},"end":{}}],"line":64}},"s":{"0":23,"1":3,"2":3,"3":3,"4":3,"5":42,"6":42,"7":42,"8":40,"9":40,"10":2,"11":2,"12":2,"13":3,"14":3,"15":2,"16":2},"f":{"0":23,"1":2},"b":{"0":[39,3],"1":[1,1],"2":[2,1]},"meta":{"lastBranch":3,"lastFunction":2,"lastStatement":17,"seen":{"s:7:2:7:Infinity":0,"f:13:15:13:48":0,"s:14:4:14:Infinity":1,"s:16:18:32:Infinity":2,"s:34:20:37:Infinity":3,"s:39:4:53:Infinity":4,"s:40:6:52:Infinity":5,"s:41:22:43:Infinity":6,"b:42:12:42:Infinity:43:12:43:Infinity":0,"s:45:8:45:Infinity":7,"s:46:8:46:Infinity":8,"s:47:8:47:Infinity":9,"s:49:24:49:Infinity":10,"b:49:49:49:65:49:65:49:Infinity":1,"s:50:8:50:Infinity":11,"s:51:8:51:Infinity":12,"s:55:4:62:Infinity":13,"b:64:4:66:Infinity:undefined:undefined:undefined:undefined":2,"s:64:4:66:Infinity":14,"s:65:6:65:Infinity":15,"f:65:94:65:99":1,"s:65:99:65:105":16}}}
,"D:\\onlinewebsites\\quiz-platform\\apps\\api-server\\src\\modules\\analytics\\insight-engine.service.ts": {"path":"D:\\onlinewebsites\\quiz-platform\\apps\\api-server\\src\\modules\\analytics\\insight-engine.service.ts","statementMap":{"0":{"start":{"line":28,"column":30},"end":{"line":28,"column":null}},"1":{"start":{"line":29,"column":23},"end":{"line":29,"column":null}},"2":{"start":{"line":32,"column":48},"end":{"line":32,"column":null}},"3":{"start":{"line":33,"column":4},"end":{"line":34,"column":null}},"4":{"start":{"line":33,"column":25},"end":{"line":33,"column":null}},"5":{"start":{"line":33,"column":38},"end":{"line":34,"column":null}},"6":{"start":{"line":34,"column":30},"end":{"line":34,"column":null}},"7":{"start":{"line":37,"column":20},"end":{"line":37,"column":null}},"8":{"start":{"line":37,"column":64},"end":{"line":37,"column":71}},"9":{"start":{"line":38,"column":24},"end":{"line":38,"column":null}},"10":{"start":{"line":39,"column":22},"end":{"line":39,"column":null}},"11":{"start":{"line":39,"column":41},"end":{"line":39,"column":48}},"12":{"start":{"line":42,"column":21},"end":{"line":44,"column":null}},"13":{"start":{"line":43,"column":43},"end":{"line":43,"column":74}},"14":{"start":{"line":46,"column":37},"end":{"line":46,"column":null}},"15":{"start":{"line":47,"column":32},"end":{"line":47,"column":null}},"16":{"start":{"line":50,"column":4},"end":{"line":52,"column":null}},"17":{"start":{"line":51,"column":6},"end":{"line":51,"column":null}},"18":{"start":{"line":54,"column":4},"end":{"line":56,"column":null}},"19":{"start":{"line":55,"column":6},"end":{"line":55,"column":null}},"20":{"start":{"line":58,"column":4},"end":{"line":60,"column":null}},"21":{"start":{"line":59,"column":6},"end":{"line":59,"column":null}},"22":{"start":{"line":62,"column":4},"end":{"line":66,"column":null}},"23":{"start":{"line":63,"column":6},"end":{"line":63,"column":null}},"24":{"start":{"line":64,"column":4},"end":{"line":66,"column":null}},"25":{"start":{"line":65,"column":6},"end":{"line":65,"column":null}},"26":{"start":{"line":69,"column":4},"end":{"line":71,"column":null}},"27":{"start":{"line":70,"column":6},"end":{"line":70,"column":null}},"28":{"start":{"line":72,"column":4},"end":{"line":76,"column":null}},"29":{"start":{"line":73,"column":6},"end":{"line":73,"column":null}},"30":{"start":{"line":75,"column":6},"end":{"line":75,"column":null}},"31":{"start":{"line":77,"column":4},"end":{"line":77,"column":null}},"32":{"start":{"line":79,"column":22},"end":{"line":85,"column":null}},"33":{"start":{"line":87,"column":4},"end":{"line":100,"column":null}},"34":{"start":{"line":111,"column":32},"end":{"line":111,"column":null}},"35":{"start":{"line":112,"column":23},"end":{"line":112,"column":null}},"36":{"start":{"line":114,"column":48},"end":{"line":114,"column":null}},"37":{"start":{"line":115,"column":4},"end":{"line":116,"column":null}},"38":{"start":{"line":115,"column":25},"end":{"line":115,"column":null}},"39":{"start":{"line":115,"column":38},"end":{"line":116,"column":null}},"40":{"start":{"line":116,"column":30},"end":{"line":116,"column":null}},"41":{"start":{"line":118,"column":27},"end":{"line":118,"column":null}},"42":{"start":{"line":119,"column":25},"end":{"line":119,"column":null}},"43":{"start":{"line":120,"column":28},"end":{"line":120,"column":null}},"44":{"start":{"line":120,"column":76},"end":{"line":120,"column":83}},"45":{"start":{"line":121,"column":21},"end":{"line":123,"column":null}},"46":{"start":{"line":122,"column":45},"end":{"line":122,"column":84}},"47":{"start":{"line":125,"column":37},"end":{"line":125,"column":null}},"48":{"start":{"line":126,"column":32},"end":{"line":126,"column":null}},"49":{"start":{"line":129,"column":4},"end":{"line":136,"column":null}},"50":{"start":{"line":130,"column":26},"end":{"line":130,"column":null}},"51":{"start":{"line":131,"column":6},"end":{"line":135,"column":null}},"52":{"start":{"line":132,"column":8},"end":{"line":132,"column":null}},"53":{"start":{"line":133,"column":6},"end":{"line":135,"column":null}},"54":{"start":{"line":134,"column":8},"end":{"line":134,"column":null}},"55":{"start":{"line":139,"column":4},"end":{"line":143,"column":null}},"56":{"start":{"line":140,"column":6},"end":{"line":140,"column":null}},"57":{"start":{"line":141,"column":4},"end":{"line":143,"column":null}},"58":{"start":{"line":142,"column":6},"end":{"line":142,"column":null}},"59":{"start":{"line":145,"column":4},"end":{"line":147,"column":null}},"60":{"start":{"line":146,"column":6},"end":{"line":146,"column":null}},"61":{"start":{"line":150,"column":4},"end":{"line":152,"column":null}},"62":{"start":{"line":151,"column":6},"end":{"line":151,"column":null}},"63":{"start":{"line":153,"column":4},"end":{"line":157,"column":null}},"64":{"start":{"line":154,"column":6},"end":{"line":154,"column":null}},"65":{"start":{"line":156,"column":6},"end":{"line":156,"column":null}},"66":{"start":{"line":158,"column":4},"end":{"line":158,"column":null}},"67":{"start":{"line":160,"column":22},"end":{"line":166,"column":null}},"68":{"start":{"line":168,"column":4},"end":{"line":181,"column":null}}},"fnMap":{"0":{"name":"(anonymous_0)","decl":{"start":{"line":24,"column":9},"end":{"line":24,"column":null}},"loc":{"start":{"line":27,"column":20},"end":{"line":101,"column":null}},"line":27},"1":{"name":"(anonymous_1)","decl":{"start":{"line":37,"column":54},"end":{"line":37,"column":55}},"loc":{"start":{"line":37,"column":64},"end":{"line":37,"column":71}},"line":37},"2":{"name":"(anonymous_2)","decl":{"start":{"line":39,"column":36},"end":{"line":39,"column":41}},"loc":{"start":{"line":39,"column":41},"end":{"line":39,"column":48}},"line":39},"3":{"name":"(anonymous_3)","decl":{"start":{"line":43,"column":32},"end":{"line":43,"column":33}},"loc":{"start":{"line":43,"column":43},"end":{"line":43,"column":74}},"line":43},"4":{"name":"(anonymous_4)","decl":{"start":{"line":106,"column":9},"end":{"line":106,"column":null}},"loc":{"start":{"line":110,"column":20},"end":{"line":182,"column":null}},"line":110},"5":{"name":"(anonymous_5)","decl":{"start":{"line":120,"column":66},"end":{"line":120,"column":67}},"loc":{"start":{"line":120,"column":76},"end":{"line":120,"column":83}},"line":120},"6":{"name":"(anonymous_6)","decl":{"start":{"line":122,"column":34},"end":{"line":122,"column":35}},"loc":{"start":{"line":122,"column":45},"end":{"line":122,"column":84}},"line":122}},"branchMap":{"0":{"loc":{"start":{"line":33,"column":4},"end":{"line":34,"column":null}},"type":"if","locations":[{"start":{"line":33,"column":4},"end":{"line":34,"column":null}},{"start":{"line":33,"column":38},"end":{"line":34,"column":null}}],"line":33},"1":{"loc":{"start":{"line":33,"column":38},"end":{"line":34,"column":null}},"type":"if","locations":[{"start":{"line":33,"column":38},"end":{"line":34,"column":null}},{"start":{},"end":{}}],"line":33},"2":{"loc":{"start":{"line":37,"column":20},"end":{"line":37,"column":null}},"type":"cond-expr","locations":[{"start":{"line":37,"column":40},"end":{"line":37,"column":92}},{"start":{"line":37,"column":92},"end":{"line":37,"column":null}}],"line":37},"3":{"loc":{"start":{"line":38,"column":24},"end":{"line":38,"column":null}},"type":"binary-expr","locations":[{"start":{"line":38,"column":24},"end":{"line":38,"column":53}},{"start":{"line":38,"column":53},"end":{"line":38,"column":null}}],"line":38},"4":{"loc":{"start":{"line":42,"column":21},"end":{"line":44,"column":null}},"type":"cond-expr","locations":[{"start":{"line":43,"column":8},"end":{"line":43,"column":null}},{"start":{"line":44,"column":8},"end":{"line":44,"column":null}}],"line":42},"5":{"loc":{"start":{"line":50,"column":4},"end":{"line":52,"column":null}},"type":"if","locations":[{"start":{"line":50,"column":4},"end":{"line":52,"column":null}},{"start":{},"end":{}}],"line":50},"6":{"loc":{"start":{"line":54,"column":4},"end":{"line":56,"column":null}},"type":"if","locations":[{"start":{"line":54,"column":4},"end":{"line":56,"column":null}},{"start":{},"end":{}}],"line":54},"7":{"loc":{"start":{"line":58,"column":4},"end":{"line":60,"column":null}},"type":"if","locations":[{"start":{"line":58,"column":4},"end":{"line":60,"column":null}},{"start":{},"end":{}}],"line":58},"8":{"loc":{"start":{"line":62,"column":4},"end":{"line":66,"column":null}},"type":"if","locations":[{"start":{"line":62,"column":4},"end":{"line":66,"column":null}},{"start":{"line":64,"column":4},"end":{"line":66,"column":null}}],"line":62},"9":{"loc":{"start":{"line":62,"column":8},"end":{"line":62,"column":71}},"type":"binary-expr","locations":[{"start":{"line":62,"column":8},"end":{"line":62,"column":30}},{"start":{"line":62,"column":30},"end":{"line":62,"column":71}}],"line":62},"10":{"loc":{"start":{"line":64,"column":4},"end":{"line":66,"column":null}},"type":"if","locations":[{"start":{"line":64,"column":4},"end":{"line":66,"column":null}},{"start":{},"end":{}}],"line":64},"11":{"loc":{"start":{"line":64,"column":15},"end":{"line":64,"column":78}},"type":"binary-expr","locations":[{"start":{"line":64,"column":15},"end":{"line":64,"column":37}},{"start":{"line":64,"column":37},"end":{"line":64,"column":78}}],"line":64},"12":{"loc":{"start":{"line":69,"column":4},"end":{"line":71,"column":null}},"type":"if","locations":[{"start":{"line":69,"column":4},"end":{"line":71,"column":null}},{"start":{},"end":{}}],"line":69},"13":{"loc":{"start":{"line":72,"column":4},"end":{"line":76,"column":null}},"type":"if","locations":[{"start":{"line":72,"column":4},"end":{"line":76,"column":null}},{"start":{"line":74,"column":11},"end":{"line":76,"column":null}}],"line":72},"14":{"loc":{"start":{"line":77,"column":19},"end":{"line":77,"column":154}},"type":"cond-expr","locations":[{"start":{"line":77,"column":38},"end":{"line":77,"column":103}},{"start":{"line":77,"column":103},"end":{"line":77,"column":154}}],"line":77},"15":{"loc":{"start":{"line":80,"column":69},"end":{"line":80,"column":86}},"type":"binary-expr","locations":[{"start":{"line":80,"column":69},"end":{"line":80,"column":81}},{"start":{"line":80,"column":81},"end":{"line":80,"column":86}}],"line":80},"16":{"loc":{"start":{"line":80,"column":93},"end":{"line":80,"column":125}},"type":"binary-expr","locations":[{"start":{"line":80,"column":93},"end":{"line":80,"column":120}},{"start":{"line":80,"column":120},"end":{"line":80,"column":125}}],"line":80},"17":{"loc":{"start":{"line":84,"column":31},"end":{"line":84,"column":148}},"type":"cond-expr","locations":[{"start":{"line":84,"column":52},"end":{"line":84,"column":120}},{"start":{"line":84,"column":120},"end":{"line":84,"column":148}}],"line":84},"18":{"loc":{"start":{"line":96,"column":23},"end":{"line":98,"column":null}},"type":"cond-expr","locations":[{"start":{"line":97,"column":10},"end":{"line":97,"column":null}},{"start":{"line":98,"column":10},"end":{"line":98,"column":null}}],"line":96},"19":{"loc":{"start":{"line":115,"column":4},"end":{"line":116,"column":null}},"type":"if","locations":[{"start":{"line":115,"column":4},"end":{"line":116,"column":null}},{"start":{"line":115,"column":38},"end":{"line":116,"column":null}}],"line":115},"20":{"loc":{"start":{"line":115,"column":38},"end":{"line":116,"column":null}},"type":"if","locations":[{"start":{"line":115,"column":38},"end":{"line":116,"column":null}},{"start":{},"end":{}}],"line":115},"21":{"loc":{"start":{"line":118,"column":27},"end":{"line":118,"column":null}},"type":"binary-expr","locations":[{"start":{"line":118,"column":27},"end":{"line":118,"column":60}},{"start":{"line":118,"column":60},"end":{"line":118,"column":null}}],"line":118},"22":{"loc":{"start":{"line":119,"column":25},"end":{"line":119,"column":null}},"type":"binary-expr","locations":[{"start":{"line":119,"column":25},"end":{"line":119,"column":58}},{"start":{"line":119,"column":58},"end":{"line":119,"column":null}}],"line":119},"23":{"loc":{"start":{"line":120,"column":28},"end":{"line":120,"column":null}},"type":"cond-expr","locations":[{"start":{"line":120,"column":50},"end":{"line":120,"column":106}},{"start":{"line":120,"column":106},"end":{"line":120,"column":null}}],"line":120},"24":{"loc":{"start":{"line":121,"column":21},"end":{"line":123,"column":null}},"type":"cond-expr","locations":[{"start":{"line":122,"column":8},"end":{"line":122,"column":null}},{"start":{"line":123,"column":8},"end":{"line":123,"column":null}}],"line":121},"25":{"loc":{"start":{"line":129,"column":4},"end":{"line":136,"column":null}},"type":"if","locations":[{"start":{"line":129,"column":4},"end":{"line":136,"column":null}},{"start":{},"end":{}}],"line":129},"26":{"loc":{"start":{"line":129,"column":8},"end":{"line":129,"column":62}},"type":"binary-expr","locations":[{"start":{"line":129,"column":8},"end":{"line":129,"column":27}},{"start":{"line":129,"column":27},"end":{"line":129,"column":62}}],"line":129},"27":{"loc":{"start":{"line":131,"column":6},"end":{"line":135,"column":null}},"type":"if","locations":[{"start":{"line":131,"column":6},"end":{"line":135,"column":null}},{"start":{"line":133,"column":6},"end":{"line":135,"column":null}}],"line":131},"28":{"loc":{"start":{"line":131,"column":10},"end":{"line":131,"column":51}},"type":"binary-expr","locations":[{"start":{"line":131,"column":10},"end":{"line":131,"column":30}},{"start":{"line":131,"column":30},"end":{"line":131,"column":51}}],"line":131},"29":{"loc":{"start":{"line":133,"column":6},"end":{"line":135,"column":null}},"type":"if","locations":[{"start":{"line":133,"column":6},"end":{"line":135,"column":null}},{"start":{},"end":{}}],"line":133},"30":{"loc":{"start":{"line":133,"column":17},"end":{"line":133,"column":58}},"type":"binary-expr","locations":[{"start":{"line":133,"column":17},"end":{"line":133,"column":37}},{"start":{"line":133,"column":37},"end":{"line":133,"column":58}}],"line":133},"31":{"loc":{"start":{"line":139,"column":4},"end":{"line":143,"column":null}},"type":"if","locations":[{"start":{"line":139,"column":4},"end":{"line":143,"column":null}},{"start":{"line":141,"column":4},"end":{"line":143,"column":null}}],"line":139},"32":{"loc":{"start":{"line":139,"column":8},"end":{"line":139,"column":59}},"type":"binary-expr","locations":[{"start":{"line":139,"column":8},"end":{"line":139,"column":41}},{"start":{"line":139,"column":41},"end":{"line":139,"column":59}}],"line":139},"33":{"loc":{"start":{"line":141,"column":4},"end":{"line":143,"column":null}},"type":"if","locations":[{"start":{"line":141,"column":4},"end":{"line":143,"column":null}},{"start":{},"end":{}}],"line":141},"34":{"loc":{"start":{"line":145,"column":4},"end":{"line":147,"column":null}},"type":"if","locations":[{"start":{"line":145,"column":4},"end":{"line":147,"column":null}},{"start":{},"end":{}}],"line":145},"35":{"loc":{"start":{"line":145,"column":8},"end":{"line":145,"column":74}},"type":"binary-expr","locations":[{"start":{"line":145,"column":8},"end":{"line":145,"column":58}},{"start":{"line":145,"column":58},"end":{"line":145,"column":74}}],"line":145},"36":{"loc":{"start":{"line":150,"column":4},"end":{"line":152,"column":null}},"type":"if","locations":[{"start":{"line":150,"column":4},"end":{"line":152,"column":null}},{"start":{},"end":{}}],"line":150},"37":{"loc":{"start":{"line":153,"column":4},"end":{"line":157,"column":null}},"type":"if","locations":[{"start":{"line":153,"column":4},"end":{"line":157,"column":null}},{"start":{"line":155,"column":11},"end":{"line":157,"column":null}}],"line":153},"38":{"loc":{"start":{"line":161,"column":60},"end":{"line":161,"column":77}},"type":"binary-expr","locations":[{"start":{"line":161,"column":60},"end":{"line":161,"column":72}},{"start":{"line":161,"column":72},"end":{"line":161,"column":77}}],"line":161},"39":{"loc":{"start":{"line":161,"column":84},"end":{"line":161,"column":116}},"type":"binary-expr","locations":[{"start":{"line":161,"column":84},"end":{"line":161,"column":111}},{"start":{"line":161,"column":111},"end":{"line":161,"column":116}}],"line":161},"40":{"loc":{"start":{"line":164,"column":31},"end":{"line":164,"column":131}},"type":"cond-expr","locations":[{"start":{"line":164,"column":49},"end":{"line":164,"column":103}},{"start":{"line":164,"column":103},"end":{"line":164,"column":131}}],"line":164},"41":{"loc":{"start":{"line":177,"column":23},"end":{"line":179,"column":null}},"type":"cond-expr","locations":[{"start":{"line":178,"column":10},"end":{"line":178,"column":null}},{"start":{"line":179,"column":10},"end":{"line":179,"column":null}}],"line":177}},"s":{"0":9,"1":9,"2":9,"3":9,"4":1,"5":8,"6":4,"7":9,"8":31,"9":9,"10":9,"11":31,"12":9,"13":30,"14":9,"15":9,"16":9,"17":2,"18":9,"19":3,"20":9,"21":3,"22":9,"23":2,"24":7,"25":4,"26":9,"27":4,"28":9,"29":3,"30":6,"31":9,"32":9,"33":9,"34":6,"35":6,"36":6,"37":6,"38":2,"39":4,"40":2,"41":6,"42":6,"43":6,"44":19,"45":6,"46":19,"47":6,"48":6,"49":6,"50":5,"51":5,"52":2,"53":3,"54":2,"55":6,"56":3,"57":3,"58":2,"59":6,"60":2,"61":6,"62":2,"63":6,"64":2,"65":4,"66":6,"67":6,"68":6},"f":{"0":8,"1":31,"2":31,"3":30,"4":8,"5":19,"6":19},"b":{"0":[1,8],"1":[4,4],"2":[7,2],"3":[9,2],"4":[6,3],"5":[2,7],"6":[3,6],"7":[3,6],"8":[2,7],"9":[9,6],"10":[4,3],"11":[7,4],"12":[4,5],"13":[3,6],"14":[6,3],"15":[9,2],"16":[9,2],"17":[6,3],"18":[3,6],"19":[2,4],"20":[2,2],"21":[6,1],"22":[6,1],"23":[5,1],"24":[5,1],"25":[5,1],"26":[6,6],"27":[2,3],"28":[5,2],"29":[2,1],"30":[3,2],"31":[3,3],"32":[6,3],"33":[2,1],"34":[2,4],"35":[6,4],"36":[2,4],"37":[2,4],"38":[6,1],"39":[6,1],"40":[5,1],"41":[4,2]},"meta":{"lastBranch":42,"lastFunction":7,"lastStatement":69,"seen":{"f:24:9:24:Infinity":0,"s:28:30:28:Infinity":0,"s:29:23:29:Infinity":1,"s:32:48:32:Infinity":2,"b:33:4:34:Infinity:33:38:34:Infinity":0,"s:33:4:34:Infinity":3,"s:33:25:33:Infinity":4,"b:33:38:34:Infinity:undefined:undefined:undefined:undefined":1,"s:33:38:34:Infinity":5,"s:34:30:34:Infinity":6,"s:37:20:37:Infinity":7,"b:37:40:37:92:37:92:37:Infinity":2,"f:37:54:37:55":1,"s:37:64:37:71":8,"s:38:24:38:Infinity":9,"b:38:24:38:53:38:53:38:Infinity":3,"s:39:22:39:Infinity":10,"f:39:36:39:41":2,"s:39:41:39:48":11,"s:42:21:44:Infinity":12,"b:43:8:43:Infinity:44:8:44:Infinity":4,"f:43:32:43:33":3,"s:43:43:43:74":13,"s:46:37:46:Infinity":14,"s:47:32:47:Infinity":15,"b:50:4:52:Infinity:undefined:undefined:undefined:undefined":5,"s:50:4:52:Infinity":16,"s:51:6:51:Infinity":17,"b:54:4:56:Infinity:undefined:undefined:undefined:undefined":6,"s:54:4:56:Infinity":18,"s:55:6:55:Infinity":19,"b:58:4:60:Infinity:undefined:undefined:undefined:undefined":7,"s:58:4:60:Infinity":20,"s:59:6:59:Infinity":21,"b:62:4:66:Infinity:64:4:66:Infinity":8,"s:62:4:66:Infinity":22,"b:62:8:62:30:62:30:62:71":9,"s:63:6:63:Infinity":23,"b:64:4:66:Infinity:undefined:undefined:undefined:undefined":10,"s:64:4:66:Infinity":24,"b:64:15:64:37:64:37:64:78":11,"s:65:6:65:Infinity":25,"b:69:4:71:Infinity:undefined:undefined:undefined:undefined":12,"s:69:4:71:Infinity":26,"s:70:6:70:Infinity":27,"b:72:4:76:Infinity:74:11:76:Infinity":13,"s:72:4:76:Infinity":28,"s:73:6:73:Infinity":29,"s:75:6:75:Infinity":30,"s:77:4:77:Infinity":31,"b:77:38:77:103:77:103:77:154":14,"s:79:22:85:Infinity":32,"b:80:69:80:81:80:81:80:86":15,"b:80:93:80:120:80:120:80:125":16,"b:84:52:84:120:84:120:84:148":17,"s:87:4:100:Infinity":33,"b:97:10:97:Infinity:98:10:98:Infinity":18,"f:106:9:106:Infinity":4,"s:111:32:111:Infinity":34,"s:112:23:112:Infinity":35,"s:114:48:114:Infinity":36,"b:115:4:116:Infinity:115:38:116:Infinity":19,"s:115:4:116:Infinity":37,"s:115:25:115:Infinity":38,"b:115:38:116:Infinity:undefined:undefined:undefined:undefined":20,"s:115:38:116:Infinity":39,"s:116:30:116:Infinity":40,"s:118:27:118:Infinity":41,"b:118:27:118:60:118:60:118:Infinity":21,"s:119:25:119:Infinity":42,"b:119:25:119:58:119:58:119:Infinity":22,"s:120:28:120:Infinity":43,"b:120:50:120:106:120:106:120:Infinity":23,"f:120:66:120:67":5,"s:120:76:120:83":44,"s:121:21:123:Infinity":45,"b:122:8:122:Infinity:123:8:123:Infinity":24,"f:122:34:122:35":6,"s:122:45:122:84":46,"s:125:37:125:Infinity":47,"s:126:32:126:Infinity":48,"b:129:4:136:Infinity:undefined:undefined:undefined:undefined":25,"s:129:4:136:Infinity":49,"b:129:8:129:27:129:27:129:62":26,"s:130:26:130:Infinity":50,"b:131:6:135:Infinity:133:6:135:Infinity":27,"s:131:6:135:Infinity":51,"b:131:10:131:30:131:30:131:51":28,"s:132:8:132:Infinity":52,"b:133:6:135:Infinity:undefined:undefined:undefined:undefined":29,"s:133:6:135:Infinity":53,"b:133:17:133:37:133:37:133:58":30,"s:134:8:134:Infinity":54,"b:139:4:143:Infinity:141:4:143:Infinity":31,"s:139:4:143:Infinity":55,"b:139:8:139:41:139:41:139:59":32,"s:140:6:140:Infinity":56,"b:141:4:143:Infinity:undefined:undefined:undefined:undefined":33,"s:141:4:143:Infinity":57,"s:142:6:142:Infinity":58,"b:145:4:147:Infinity:undefined:undefined:undefined:undefined":34,"s:145:4:147:Infinity":59,"b:145:8:145:58:145:58:145:74":35,"s:146:6:146:Infinity":60,"b:150:4:152:Infinity:undefined:undefined:undefined:undefined":36,"s:150:4:152:Infinity":61,"s:151:6:151:Infinity":62,"b:153:4:157:Infinity:155:11:157:Infinity":37,"s:153:4:157:Infinity":63,"s:154:6:154:Infinity":64,"s:156:6:156:Infinity":65,"s:158:4:158:Infinity":66,"s:160:22:166:Infinity":67,"b:161:60:161:72:161:72:161:77":38,"b:161:84:161:111:161:111:161:116":39,"b:164:49:164:103:164:103:164:131":40,"s:168:4:181:Infinity":68,"b:178:10:178:Infinity:179:10:179:Infinity":41}}}
,"D:\\onlinewebsites\\quiz-platform\\apps\\api-server\\src\\modules\\analytics\\user-analytics.service.ts": {"path":"D:\\onlinewebsites\\quiz-platform\\apps\\api-server\\src\\modules\\analytics\\user-analytics.service.ts","statementMap":{"0":{"start":{"line":34,"column":22},"end":{"line":34,"column":null}},"1":{"start":{"line":36,"column":4},"end":{"line":41,"column":null}},"2":{"start":{"line":37,"column":21},"end":{"line":37,"column":null}},"3":{"start":{"line":38,"column":6},"end":{"line":38,"column":null}},"4":{"start":{"line":38,"column":18},"end":{"line":38,"column":null}},"5":{"start":{"line":43,"column":41},"end":{"line":47,"column":null}},"6":{"start":{"line":49,"column":44},"end":{"line":49,"column":null}},"7":{"start":{"line":51,"column":4},"end":{"line":55,"column":null}},"8":{"start":{"line":52,"column":6},"end":{"line":52,"column":null}},"9":{"start":{"line":57,"column":4},"end":{"line":57,"column":null}},"10":{"start":{"line":61,"column":17},"end":{"line":68,"column":null}},"11":{"start":{"line":73,"column":4},"end":{"line":77,"column":null}},"12":{"start":{"line":73,"column":97},"end":{"line":77,"column":6}},"13":{"start":{"line":81,"column":17},"end":{"line":87,"column":null}},"14":{"start":{"line":92,"column":19},"end":{"line":92,"column":null}},"15":{"start":{"line":93,"column":39},"end":{"line":93,"column":null}},"16":{"start":{"line":95,"column":5},"end":{"line":100,"column":null}},"17":{"start":{"line":96,"column":16},"end":{"line":96,"column":null}},"18":{"start":{"line":97,"column":6},"end":{"line":99,"column":null}},"19":{"start":{"line":98,"column":8},"end":{"line":98,"column":null}},"20":{"start":{"line":102,"column":4},"end":{"line":102,"column":null}},"21":{"start":{"line":106,"column":21},"end":{"line":115,"column":null}},"22":{"start":{"line":128,"column":4},"end":{"line":128,"column":null}},"23":{"start":{"line":128,"column":51},"end":{"line":128,"column":null}},"24":{"start":{"line":130,"column":4},"end":{"line":136,"column":null}}},"fnMap":{"0":{"name":"(anonymous_0)","decl":{"start":{"line":33,"column":15},"end":{"line":33,"column":35}},"loc":{"start":{"line":33,"column":83},"end":{"line":58,"column":null}},"line":33},"1":{"name":"(anonymous_1)","decl":{"start":{"line":60,"column":15},"end":{"line":60,"column":35}},"loc":{"start":{"line":60,"column":80},"end":{"line":78,"column":null}},"line":60},"2":{"name":"(anonymous_2)","decl":{"start":{"line":73,"column":91},"end":{"line":73,"column":97}},"loc":{"start":{"line":73,"column":97},"end":{"line":77,"column":6}},"line":73},"3":{"name":"(anonymous_3)","decl":{"start":{"line":80,"column":15},"end":{"line":80,"column":37}},"loc":{"start":{"line":80,"column":82},"end":{"line":103,"column":null}},"line":80},"4":{"name":"(anonymous_4)","decl":{"start":{"line":95,"column":72},"end":{"line":95,"column":77}},"loc":{"start":{"line":95,"column":77},"end":{"line":100,"column":5}},"line":95},"5":{"name":"(anonymous_5)","decl":{"start":{"line":105,"column":15},"end":{"line":105,"column":30}},"loc":{"start":{"line":105,"column":88},"end":{"line":137,"column":null}},"line":105}},"branchMap":{"0":{"loc":{"start":{"line":38,"column":6},"end":{"line":38,"column":null}},"type":"if","locations":[{"start":{"line":38,"column":6},"end":{"line":38,"column":null}},{"start":{},"end":{}}],"line":38},"1":{"loc":{"start":{"line":76,"column":23},"end":{"line":76,"column":38}},"type":"binary-expr","locations":[{"start":{"line":76,"column":23},"end":{"line":76,"column":37}},{"start":{"line":76,"column":37},"end":{"line":76,"column":38}}],"line":76},"2":{"loc":{"start":{"line":97,"column":6},"end":{"line":99,"column":null}},"type":"if","locations":[{"start":{"line":97,"column":6},"end":{"line":99,"column":null}},{"start":{},"end":{}}],"line":97},"3":{"loc":{"start":{"line":98,"column":55},"end":{"line":98,"column":70}},"type":"binary-expr","locations":[{"start":{"line":98,"column":55},"end":{"line":98,"column":69}},{"start":{"line":98,"column":69},"end":{"line":98,"column":70}}],"line":98},"4":{"loc":{"start":{"line":128,"column":4},"end":{"line":128,"column":null}},"type":"if","locations":[{"start":{"line":128,"column":4},"end":{"line":128,"column":null}},{"start":{},"end":{}}],"line":128},"5":{"loc":{"start":{"line":128,"column":8},"end":{"line":128,"column":51}},"type":"binary-expr","locations":[{"start":{"line":128,"column":8},"end":{"line":128,"column":31}},{"start":{"line":128,"column":31},"end":{"line":128,"column":51}}],"line":128}},"s":{"0":4,"1":4,"2":4,"3":3,"4":2,"5":2,"6":2,"7":2,"8":2,"9":2,"10":2,"11":2,"12":2,"13":2,"14":2,"15":2,"16":2,"17":4,"18":4,"19":3,"20":2,"21":2,"22":2,"23":1,"24":1},"f":{"0":48,"1":48,"2":2,"3":48,"4":4,"5":48},"b":{"0":[2,1],"1":[2,1],"2":[3,1],"3":[3,1],"4":[1,1],"5":[2,2]},"meta":{"lastBranch":6,"lastFunction":6,"lastStatement":25,"seen":{"f:33:15:33:35":0,"s:34:22:34:Infinity":0,"s:36:4:41:Infinity":1,"s:37:21:37:Infinity":2,"b:38:6:38:Infinity:undefined:undefined:undefined:undefined":0,"s:38:6:38:Infinity":3,"s:38:18:38:Infinity":4,"s:43:41:47:Infinity":5,"s:49:44:49:Infinity":6,"s:51:4:55:Infinity":7,"s:52:6:52:Infinity":8,"s:57:4:57:Infinity":9,"f:60:15:60:35":1,"s:61:17:68:Infinity":10,"s:73:4:77:Infinity":11,"f:73:91:73:97":2,"s:73:97:77:6":12,"b:76:23:76:37:76:37:76:38":1,"f:80:15:80:37":3,"s:81:17:87:Infinity":13,"s:92:19:92:Infinity":14,"s:93:39:93:Infinity":15,"s:95:5:100:Infinity":16,"f:95:72:95:77":4,"s:96:16:96:Infinity":17,"b:97:6:99:Infinity:undefined:undefined:undefined:undefined":2,"s:97:6:99:Infinity":18,"s:98:8:98:Infinity":19,"b:98:55:98:69:98:69:98:70":3,"s:102:4:102:Infinity":20,"f:105:15:105:30":5,"s:106:21:115:Infinity":21,"b:128:4:128:Infinity:undefined:undefined:undefined:undefined":4,"s:128:4:128:Infinity":22,"b:128:8:128:31:128:31:128:51":5,"s:128:51:128:Infinity":23,"s:130:4:136:Infinity":24}}}
,"D:\\onlinewebsites\\quiz-platform\\apps\\api-server\\src\\modules\\answer-engine\\answer.engine.ts": {"path":"D:\\onlinewebsites\\quiz-platform\\apps\\api-server\\src\\modules\\answer-engine\\answer.engine.ts","statementMap":{"0":{"start":{"line":6,"column":4},"end":{"line":6,"column":null}},"1":{"start":{"line":6,"column":21},"end":{"line":6,"column":null}},"2":{"start":{"line":8,"column":4},"end":{"line":19,"column":null}},"3":{"start":{"line":10,"column":8},"end":{"line":10,"column":null}},"4":{"start":{"line":15,"column":8},"end":{"line":15,"column":null}},"5":{"start":{"line":18,"column":8},"end":{"line":18,"column":null}},"6":{"start":{"line":23,"column":4},"end":{"line":23,"column":null}},"7":{"start":{"line":31,"column":4},"end":{"line":31,"column":null}}},"fnMap":{"0":{"name":"(anonymous_0)","decl":{"start":{"line":5,"column":9},"end":{"line":5,"column":18}},"loc":{"start":{"line":5,"column":96},"end":{"line":20,"column":null}},"line":5},"1":{"name":"(anonymous_1)","decl":{"start":{"line":22,"column":17},"end":{"line":22,"column":31}},"loc":{"start":{"line":22,"column":53},"end":{"line":24,"column":null}},"line":22},"2":{"name":"(anonymous_2)","decl":{"start":{"line":29,"column":9},"end":{"line":29,"column":31}},"loc":{"start":{"line":29,"column":94},"end":{"line":32,"column":null}},"line":29}},"branchMap":{"0":{"loc":{"start":{"line":6,"column":4},"end":{"line":6,"column":null}},"type":"if","locations":[{"start":{"line":6,"column":4},"end":{"line":6,"column":null}},{"start":{},"end":{}}],"line":6},"1":{"loc":{"start":{"line":8,"column":4},"end":{"line":19,"column":null}},"type":"switch","locations":[{"start":{"line":9,"column":6},"end":{"line":10,"column":null}},{"start":{"line":12,"column":6},"end":{"line":15,"column":null}},{"start":{"line":17,"column":6},"end":{"line":18,"column":null}}],"line":8}},"s":{"0":12,"1":4,"2":8,"3":4,"4":2,"5":2,"6":4,"7":1},"f":{"0":18,"1":18,"2":18},"b":{"0":[4,8],"1":[8,2,2]},"meta":{"lastBranch":2,"lastFunction":3,"lastStatement":8,"seen":{"f:5:9:5:18":0,"b:6:4:6:Infinity:undefined:undefined:undefined:undefined":0,"s:6:4:6:Infinity":0,"s:6:21:6:Infinity":1,"b:9:6:10:Infinity:12:6:15:Infinity:17:6:18:Infinity":1,"s:8:4:19:Infinity":2,"s:10:8:10:Infinity":3,"s:15:8:15:Infinity":4,"s:18:8:18:Infinity":5,"f:22:17:22:31":1,"s:23:4:23:Infinity":6,"f:29:9:29:31":2,"s:31:4:31:Infinity":7}}}
,"D:\\onlinewebsites\\quiz-platform\\apps\\api-server\\src\\modules\\auth\\audit.service.ts": {"path":"D:\\onlinewebsites\\quiz-platform\\apps\\api-server\\src\\modules\\auth\\audit.service.ts","statementMap":{"0":{"start":{"line":15,"column":24},"end":{"line":15,"column":null}},"1":{"start":{"line":17,"column":4},"end":{"line":33,"column":null}},"2":{"start":{"line":18,"column":6},"end":{"line":24,"column":null}},"3":{"start":{"line":27,"column":6},"end":{"line":32,"column":null}}},"fnMap":{"0":{"name":"(anonymous_0)","decl":{"start":{"line":14,"column":15},"end":{"line":14,"column":19}},"loc":{"start":{"line":14,"column":41},"end":{"line":34,"column":null}},"line":14}},"branchMap":{"0":{"loc":{"start":{"line":23,"column":18},"end":{"line":23,"column":null}},"type":"cond-expr","locations":[{"start":{"line":23,"column":76},"end":{"line":23,"column":109}},{"start":{"line":23,"column":109},"end":{"line":23,"column":null}}],"line":23},"1":{"loc":{"start":{"line":23,"column":18},"end":{"line":23,"column":76}},"type":"binary-expr","locations":[{"start":{"line":23,"column":18},"end":{"line":23,"column":50}},{"start":{"line":23,"column":50},"end":{"line":23,"column":76}}],"line":23},"2":{"loc":{"start":{"line":29,"column":17},"end":{"line":29,"column":null}},"type":"cond-expr","locations":[{"start":{"line":29,"column":43},"end":{"line":29,"column":60}},{"start":{"line":29,"column":60},"end":{"line":29,"column":null}}],"line":29}},"s":{"0":26,"1":26,"2":26,"3":18},"f":{"0":19},"b":{"0":[3,7],"1":[26,3],"2":[17,1]},"meta":{"lastBranch":3,"lastFunction":1,"lastStatement":4,"seen":{"f:14:15:14:19":0,"s:15:24:15:Infinity":0,"s:17:4:33:Infinity":1,"s:18:6:24:Infinity":2,"b:23:76:23:109:23:109:23:Infinity":0,"b:23:18:23:50:23:50:23:76":1,"s:27:6:32:Infinity":3,"b:29:43:29:60:29:60:29:Infinity":2}}}
,"D:\\onlinewebsites\\quiz-platform\\apps\\api-server\\src\\modules\\auth\\auth.service.ts": {"path":"D:\\onlinewebsites\\quiz-platform\\apps\\api-server\\src\\modules\\auth\\auth.service.ts","statementMap":{"0":{"start":{"line":14,"column":4},"end":{"line":14,"column":null}},"1":{"start":{"line":16,"column":25},"end":{"line":18,"column":null}},"2":{"start":{"line":20,"column":4},"end":{"line":23,"column":null}},"3":{"start":{"line":21,"column":6},"end":{"line":21,"column":null}},"4":{"start":{"line":22,"column":6},"end":{"line":22,"column":null}},"5":{"start":{"line":25,"column":25},"end":{"line":25,"column":null}},"6":{"start":{"line":28,"column":20},"end":{"line":31,"column":null}},"7":{"start":{"line":33,"column":4},"end":{"line":36,"column":null}},"8":{"start":{"line":38,"column":21},"end":{"line":40,"column":null}},"9":{"start":{"line":42,"column":4},"end":{"line":47,"column":null}},"10":{"start":{"line":43,"column":6},"end":{"line":46,"column":null}},"11":{"start":{"line":49,"column":20},"end":{"line":49,"column":null}},"12":{"start":{"line":51,"column":4},"end":{"line":51,"column":null}},"13":{"start":{"line":52,"column":4},"end":{"line":52,"column":null}},"14":{"start":{"line":56,"column":4},"end":{"line":59,"column":null}},"15":{"start":{"line":57,"column":6},"end":{"line":57,"column":null}},"16":{"start":{"line":58,"column":6},"end":{"line":58,"column":null}},"17":{"start":{"line":61,"column":18},"end":{"line":69,"column":null}},"18":{"start":{"line":71,"column":4},"end":{"line":75,"column":null}},"19":{"start":{"line":72,"column":6},"end":{"line":72,"column":null}},"20":{"start":{"line":73,"column":6},"end":{"line":73,"column":null}},"21":{"start":{"line":74,"column":6},"end":{"line":74,"column":null}},"22":{"start":{"line":77,"column":4},"end":{"line":80,"column":null}},"23":{"start":{"line":78,"column":8},"end":{"line":78,"column":null}},"24":{"start":{"line":79,"column":8},"end":{"line":79,"column":null}},"25":{"start":{"line":83,"column":4},"end":{"line":83,"column":null}},"26":{"start":{"line":85,"column":4},"end":{"line":85,"column":null}},"27":{"start":{"line":86,"column":4},"end":{"line":86,"column":null}},"28":{"start":{"line":88,"column":22},"end":{"line":88,"column":null}},"29":{"start":{"line":88,"column":48},"end":{"line":88,"column":60}},"30":{"start":{"line":89,"column":20},"end":{"line":89,"column":null}},"31":{"start":{"line":91,"column":24},"end":{"line":96,"column":null}},"32":{"start":{"line":98,"column":25},"end":{"line":98,"column":null}},"33":{"start":{"line":99,"column":29},"end":{"line":99,"column":null}},"34":{"start":{"line":101,"column":4},"end":{"line":105,"column":null}},"35":{"start":{"line":107,"column":4},"end":{"line":107,"column":null}},"36":{"start":{"line":111,"column":10},"end":{"line":111,"column":null}},"37":{"start":{"line":112,"column":20},"end":{"line":112,"column":null}},"38":{"start":{"line":115,"column":4},"end":{"line":120,"column":null}},"39":{"start":{"line":116,"column":6},"end":{"line":116,"column":null}},"40":{"start":{"line":118,"column":6},"end":{"line":118,"column":null}},"41":{"start":{"line":119,"column":6},"end":{"line":119,"column":null}},"42":{"start":{"line":122,"column":22},"end":{"line":122,"column":null}},"43":{"start":{"line":124,"column":24},"end":{"line":129,"column":null}},"44":{"start":{"line":131,"column":4},"end":{"line":142,"column":null}},"45":{"start":{"line":132,"column":6},"end":{"line":134,"column":null}},"46":{"start":{"line":136,"column":6},"end":{"line":140,"column":null}},"47":{"start":{"line":141,"column":6},"end":{"line":141,"column":null}},"48":{"start":{"line":144,"column":4},"end":{"line":146,"column":null}},"49":{"start":{"line":145,"column":6},"end":{"line":145,"column":null}},"50":{"start":{"line":148,"column":28},"end":{"line":157,"column":null}},"51":{"start":{"line":159,"column":4},"end":{"line":159,"column":null}},"52":{"start":{"line":159,"column":38},"end":{"line":159,"column":null}},"53":{"start":{"line":161,"column":4},"end":{"line":163,"column":null}},"54":{"start":{"line":162,"column":8},"end":{"line":162,"column":null}},"55":{"start":{"line":166,"column":4},"end":{"line":166,"column":null}},"56":{"start":{"line":168,"column":18},"end":{"line":168,"column":null}},"57":{"start":{"line":169,"column":22},"end":{"line":169,"column":null}},"58":{"start":{"line":169,"column":47},"end":{"line":169,"column":57}},"59":{"start":{"line":169,"column":92},"end":{"line":169,"column":105}},"60":{"start":{"line":170,"column":23},"end":{"line":170,"column":null}},"61":{"start":{"line":173,"column":4},"end":{"line":175,"column":null}},"62":{"start":{"line":174,"column":8},"end":{"line":174,"column":null}},"63":{"start":{"line":179,"column":4},"end":{"line":207,"column":null}},"64":{"start":{"line":180,"column":27},"end":{"line":186,"column":null}},"65":{"start":{"line":188,"column":8},"end":{"line":206,"column":null}},"66":{"start":{"line":189,"column":24},"end":{"line":189,"column":null}},"67":{"start":{"line":190,"column":30},"end":{"line":190,"column":null}},"68":{"start":{"line":191,"column":18},"end":{"line":191,"column":null}},"69":{"start":{"line":192,"column":37},"end":{"line":192,"column":null}},"70":{"start":{"line":194,"column":12},"end":{"line":205,"column":null}},"71":{"start":{"line":196,"column":16},"end":{"line":196,"column":null}},"72":{"start":{"line":200,"column":40},"end":{"line":200,"column":null}},"73":{"start":{"line":201,"column":16},"end":{"line":204,"column":null}},"74":{"start":{"line":209,"column":27},"end":{"line":215,"column":null}},"75":{"start":{"line":217,"column":28},"end":{"line":217,"column":null}},"76":{"start":{"line":218,"column":32},"end":{"line":218,"column":null}},"77":{"start":{"line":220,"column":4},"end":{"line":222,"column":null}},"78":{"start":{"line":224,"column":4},"end":{"line":228,"column":null}},"79":{"start":{"line":230,"column":4},"end":{"line":230,"column":null}},"80":{"start":{"line":232,"column":4},"end":{"line":232,"column":null}},"81":{"start":{"line":236,"column":22},"end":{"line":236,"column":null}},"82":{"start":{"line":238,"column":4},"end":{"line":240,"column":null}},"83":{"start":{"line":243,"column":4},"end":{"line":247,"column":null}},"84":{"start":{"line":245,"column":27},"end":{"line":245,"column":null}},"85":{"start":{"line":246,"column":8},"end":{"line":246,"column":null}},"86":{"start":{"line":249,"column":4},"end":{"line":249,"column":null}},"87":{"start":{"line":253,"column":4},"end":{"line":253,"column":null}},"88":{"start":{"line":254,"column":4},"end":{"line":254,"column":null}},"89":{"start":{"line":288,"column":5},"end":{"line":294,"column":null}},"90":{"start":{"line":298,"column":26},"end":{"line":300,"column":null}},"91":{"start":{"line":302,"column":4},"end":{"line":305,"column":null}},"92":{"start":{"line":303,"column":6},"end":{"line":303,"column":null}},"93":{"start":{"line":304,"column":6},"end":{"line":304,"column":null}},"94":{"start":{"line":307,"column":4},"end":{"line":309,"column":null}},"95":{"start":{"line":311,"column":4},"end":{"line":312,"column":null}},"96":{"start":{"line":314,"column":4},"end":{"line":314,"column":null}},"97":{"start":{"line":315,"column":4},"end":{"line":315,"column":null}},"98":{"start":{"line":319,"column":18},"end":{"line":321,"column":null}},"99":{"start":{"line":323,"column":4},"end":{"line":323,"column":null}},"100":{"start":{"line":323,"column":29},"end":{"line":323,"column":null}},"101":{"start":{"line":324,"column":4},"end":{"line":324,"column":null}},"102":{"start":{"line":324,"column":38},"end":{"line":324,"column":null}},"103":{"start":{"line":326,"column":19},"end":{"line":326,"column":null}},"104":{"start":{"line":327,"column":22},"end":{"line":327,"column":null}},"105":{"start":{"line":329,"column":4},"end":{"line":333,"column":null}},"106":{"start":{"line":336,"column":4},"end":{"line":336,"column":null}},"107":{"start":{"line":337,"column":4},"end":{"line":337,"column":null}},"108":{"start":{"line":341,"column":23},"end":{"line":341,"column":null}},"109":{"start":{"line":343,"column":4},"end":{"line":343,"column":null}},"110":{"start":{"line":346,"column":18},"end":{"line":353,"column":null}},"111":{"start":{"line":356,"column":4},"end":{"line":358,"column":null}},"112":{"start":{"line":357,"column":6},"end":{"line":357,"column":null}},"113":{"start":{"line":361,"column":19},"end":{"line":361,"column":null}},"114":{"start":{"line":362,"column":22},"end":{"line":362,"column":null}},"115":{"start":{"line":365,"column":4},"end":{"line":369,"column":null}},"116":{"start":{"line":372,"column":22},"end":{"line":372,"column":null}},"117":{"start":{"line":372,"column":48},"end":{"line":372,"column":60}},"118":{"start":{"line":373,"column":20},"end":{"line":373,"column":null}},"119":{"start":{"line":375,"column":20},"end":{"line":377,"column":null}},"120":{"start":{"line":379,"column":4},"end":{"line":381,"column":null}},"121":{"start":{"line":380,"column":8},"end":{"line":380,"column":null}},"122":{"start":{"line":383,"column":21},"end":{"line":383,"column":null}},"123":{"start":{"line":385,"column":4},"end":{"line":385,"column":null}},"124":{"start":{"line":387,"column":4},"end":{"line":387,"column":null}},"125":{"start":{"line":391,"column":23},"end":{"line":396,"column":null}},"126":{"start":{"line":398,"column":4},"end":{"line":398,"column":null}},"127":{"start":{"line":402,"column":23},"end":{"line":402,"column":null}},"128":{"start":{"line":404,"column":4},"end":{"line":407,"column":null}},"129":{"start":{"line":405,"column":6},"end":{"line":405,"column":null}},"130":{"start":{"line":406,"column":6},"end":{"line":406,"column":null}},"131":{"start":{"line":409,"column":25},"end":{"line":409,"column":null}},"132":{"start":{"line":411,"column":4},"end":{"line":413,"column":null}},"133":{"start":{"line":416,"column":4},"end":{"line":417,"column":null}},"134":{"start":{"line":419,"column":4},"end":{"line":419,"column":null}},"135":{"start":{"line":421,"column":4},"end":{"line":421,"column":null}}},"fnMap":{"0":{"name":"(anonymous_0)","decl":{"start":{"line":13,"column":15},"end":{"line":13,"column":22}},"loc":{"start":{"line":13,"column":82},"end":{"line":53,"column":null}},"line":13},"1":{"name":"(anonymous_1)","decl":{"start":{"line":55,"column":15},"end":{"line":55,"column":21}},"loc":{"start":{"line":55,"column":78},"end":{"line":108,"column":null}},"line":55},"2":{"name":"(anonymous_2)","decl":{"start":{"line":88,"column":42},"end":{"line":88,"column":48}},"loc":{"start":{"line":88,"column":48},"end":{"line":88,"column":60}},"line":88},"3":{"name":"(anonymous_3)","decl":{"start":{"line":110,"column":15},"end":{"line":110,"column":23}},"loc":{"start":{"line":110,"column":105},"end":{"line":233,"column":null}},"line":110},"4":{"name":"(anonymous_4)","decl":{"start":{"line":169,"column":42},"end":{"line":169,"column":47}},"loc":{"start":{"line":169,"column":47},"end":{"line":169,"column":57}},"line":169},"5":{"name":"(anonymous_5)","decl":{"start":{"line":169,"column":66},"end":{"line":169,"column":67}},"loc":{"start":{"line":169,"column":92},"end":{"line":169,"column":105}},"line":169},"6":{"name":"(anonymous_6)","decl":{"start":{"line":235,"column":15},"end":{"line":235,"column":22}},"loc":{"start":{"line":235,"column":68},"end":{"line":250,"column":null}},"line":235},"7":{"name":"(anonymous_7)","decl":{"start":{"line":252,"column":15},"end":{"line":252,"column":25}},"loc":{"start":{"line":252,"column":41},"end":{"line":255,"column":null}},"line":252},"8":{"name":"(anonymous_8)","decl":{"start":{"line":257,"column":15},"end":{"line":257,"column":28}},"loc":{"start":{"line":257,"column":44},"end":{"line":285,"column":null}},"line":257},"9":{"name":"(anonymous_9)","decl":{"start":{"line":287,"column":15},"end":{"line":287,"column":32}},"loc":{"start":{"line":287,"column":48},"end":{"line":295,"column":null}},"line":287},"10":{"name":"(anonymous_10)","decl":{"start":{"line":297,"column":15},"end":{"line":297,"column":27}},"loc":{"start":{"line":297,"column":56},"end":{"line":316,"column":null}},"line":297},"11":{"name":"(anonymous_11)","decl":{"start":{"line":318,"column":15},"end":{"line":318,"column":34}},"loc":{"start":{"line":318,"column":63},"end":{"line":338,"column":null}},"line":318},"12":{"name":"(anonymous_12)","decl":{"start":{"line":340,"column":15},"end":{"line":340,"column":30}},"loc":{"start":{"line":340,"column":58},"end":{"line":388,"column":null}},"line":340},"13":{"name":"(anonymous_13)","decl":{"start":{"line":372,"column":42},"end":{"line":372,"column":48}},"loc":{"start":{"line":372,"column":48},"end":{"line":372,"column":60}},"line":372},"14":{"name":"(anonymous_14)","decl":{"start":{"line":390,"column":15},"end":{"line":390,"column":34}},"loc":{"start":{"line":390,"column":50},"end":{"line":399,"column":null}},"line":390},"15":{"name":"(anonymous_15)","decl":{"start":{"line":401,"column":15},"end":{"line":401,"column":29}},"loc":{"start":{"line":401,"column":79},"end":{"line":422,"column":null}},"line":401}},"branchMap":{"0":{"loc":{"start":{"line":20,"column":4},"end":{"line":23,"column":null}},"type":"if","locations":[{"start":{"line":20,"column":4},"end":{"line":23,"column":null}},{"start":{},"end":{}}],"line":20},"1":{"loc":{"start":{"line":42,"column":4},"end":{"line":47,"column":null}},"type":"if","locations":[{"start":{"line":42,"column":4},"end":{"line":47,"column":null}},{"start":{},"end":{}}],"line":42},"2":{"loc":{"start":{"line":55,"column":54},"end":{"line":55,"column":78}},"type":"default-arg","locations":[{"start":{"line":55,"column":67},"end":{"line":55,"column":78}}],"line":55},"3":{"loc":{"start":{"line":56,"column":4},"end":{"line":59,"column":null}},"type":"if","locations":[{"start":{"line":56,"column":4},"end":{"line":59,"column":null}},{"start":{},"end":{}}],"line":56},"4":{"loc":{"start":{"line":71,"column":4},"end":{"line":75,"column":null}},"type":"if","locations":[{"start":{"line":71,"column":4},"end":{"line":75,"column":null}},{"start":{},"end":{}}],"line":71},"5":{"loc":{"start":{"line":71,"column":8},"end":{"line":71,"column":104}},"type":"binary-expr","locations":[{"start":{"line":71,"column":8},"end":{"line":71,"column":32}},{"start":{"line":71,"column":32},"end":{"line":71,"column":104}}],"line":71},"6":{"loc":{"start":{"line":77,"column":4},"end":{"line":80,"column":null}},"type":"if","locations":[{"start":{"line":77,"column":4},"end":{"line":80,"column":null}},{"start":{},"end":{}}],"line":77},"7":{"loc":{"start":{"line":89,"column":20},"end":{"line":89,"column":null}},"type":"binary-expr","locations":[{"start":{"line":89,"column":20},"end":{"line":89,"column":51}},{"start":{"line":89,"column":51},"end":{"line":89,"column":88}},{"start":{"line":89,"column":88},"end":{"line":89,"column":null}}],"line":89},"8":{"loc":{"start":{"line":110,"column":69},"end":{"line":110,"column":105}},"type":"default-arg","locations":[{"start":{"line":110,"column":97},"end":{"line":110,"column":105}}],"line":110},"9":{"loc":{"start":{"line":131,"column":4},"end":{"line":142,"column":null}},"type":"if","locations":[{"start":{"line":131,"column":4},"end":{"line":142,"column":null}},{"start":{},"end":{}}],"line":131},"10":{"loc":{"start":{"line":144,"column":4},"end":{"line":146,"column":null}},"type":"if","locations":[{"start":{"line":144,"column":4},"end":{"line":146,"column":null}},{"start":{},"end":{}}],"line":144},"11":{"loc":{"start":{"line":159,"column":4},"end":{"line":159,"column":null}},"type":"if","locations":[{"start":{"line":159,"column":4},"end":{"line":159,"column":null}},{"start":{},"end":{}}],"line":159},"12":{"loc":{"start":{"line":161,"column":4},"end":{"line":163,"column":null}},"type":"if","locations":[{"start":{"line":161,"column":4},"end":{"line":163,"column":null}},{"start":{},"end":{}}],"line":161},"13":{"loc":{"start":{"line":170,"column":23},"end":{"line":170,"column":null}},"type":"binary-expr","locations":[{"start":{"line":170,"column":23},"end":{"line":170,"column":54}},{"start":{"line":170,"column":54},"end":{"line":170,"column":91}},{"start":{"line":170,"column":91},"end":{"line":170,"column":null}}],"line":170},"14":{"loc":{"start":{"line":173,"column":4},"end":{"line":175,"column":null}},"type":"if","locations":[{"start":{"line":173,"column":4},"end":{"line":175,"column":null}},{"start":{},"end":{}}],"line":173},"15":{"loc":{"start":{"line":173,"column":8},"end":{"line":173,"column":80}},"type":"binary-expr","locations":[{"start":{"line":173,"column":8},"end":{"line":173,"column":41}},{"start":{"line":173,"column":41},"end":{"line":173,"column":80}}],"line":173},"16":{"loc":{"start":{"line":179,"column":4},"end":{"line":207,"column":null}},"type":"if","locations":[{"start":{"line":179,"column":4},"end":{"line":207,"column":null}},{"start":{},"end":{}}],"line":179},"17":{"loc":{"start":{"line":179,"column":8},"end":{"line":179,"column":90}},"type":"binary-expr","locations":[{"start":{"line":179,"column":8},"end":{"line":179,"column":32}},{"start":{"line":179,"column":32},"end":{"line":179,"column":51}},{"start":{"line":179,"column":51},"end":{"line":179,"column":68}},{"start":{"line":179,"column":68},"end":{"line":179,"column":90}}],"line":179},"18":{"loc":{"start":{"line":188,"column":8},"end":{"line":206,"column":null}},"type":"if","locations":[{"start":{"line":188,"column":8},"end":{"line":206,"column":null}},{"start":{},"end":{}}],"line":188},"19":{"loc":{"start":{"line":188,"column":12},"end":{"line":188,"column":111}},"type":"binary-expr","locations":[{"start":{"line":188,"column":12},"end":{"line":188,"column":40}},{"start":{"line":188,"column":40},"end":{"line":188,"column":79}},{"start":{"line":188,"column":79},"end":{"line":188,"column":111}}],"line":188},"20":{"loc":{"start":{"line":194,"column":12},"end":{"line":205,"column":null}},"type":"if","locations":[{"start":{"line":194,"column":12},"end":{"line":205,"column":null}},{"start":{},"end":{}}],"line":194},"21":{"loc":{"start":{"line":201,"column":16},"end":{"line":204,"column":null}},"type":"if","locations":[{"start":{"line":201,"column":16},"end":{"line":204,"column":null}},{"start":{},"end":{}}],"line":201},"22":{"loc":{"start":{"line":201,"column":20},"end":{"line":201,"column":115}},"type":"binary-expr","locations":[{"start":{"line":201,"column":20},"end":{"line":201,"column":59}},{"start":{"line":201,"column":59},"end":{"line":201,"column":115}}],"line":201},"23":{"loc":{"start":{"line":243,"column":4},"end":{"line":247,"column":null}},"type":"if","locations":[{"start":{"line":243,"column":4},"end":{"line":247,"column":null}},{"start":{},"end":{}}],"line":243},"24":{"loc":{"start":{"line":302,"column":4},"end":{"line":305,"column":null}},"type":"if","locations":[{"start":{"line":302,"column":4},"end":{"line":305,"column":null}},{"start":{},"end":{}}],"line":302},"25":{"loc":{"start":{"line":302,"column":8},"end":{"line":302,"column":77}},"type":"binary-expr","locations":[{"start":{"line":302,"column":8},"end":{"line":302,"column":39}},{"start":{"line":302,"column":39},"end":{"line":302,"column":77}}],"line":302},"26":{"loc":{"start":{"line":323,"column":4},"end":{"line":323,"column":null}},"type":"if","locations":[{"start":{"line":323,"column":4},"end":{"line":323,"column":null}},{"start":{},"end":{}}],"line":323},"27":{"loc":{"start":{"line":324,"column":4},"end":{"line":324,"column":null}},"type":"if","locations":[{"start":{"line":324,"column":4},"end":{"line":324,"column":null}},{"start":{},"end":{}}],"line":324},"28":{"loc":{"start":{"line":356,"column":4},"end":{"line":358,"column":null}},"type":"if","locations":[{"start":{"line":356,"column":4},"end":{"line":358,"column":null}},{"start":{},"end":{}}],"line":356},"29":{"loc":{"start":{"line":373,"column":20},"end":{"line":373,"column":null}},"type":"binary-expr","locations":[{"start":{"line":373,"column":20},"end":{"line":373,"column":51}},{"start":{"line":373,"column":51},"end":{"line":373,"column":null}}],"line":373},"30":{"loc":{"start":{"line":375,"column":20},"end":{"line":377,"column":null}},"type":"cond-expr","locations":[{"start":{"line":376,"column":8},"end":{"line":376,"column":null}},{"start":{"line":377,"column":8},"end":{"line":377,"column":null}}],"line":375},"31":{"loc":{"start":{"line":379,"column":4},"end":{"line":381,"column":null}},"type":"if","locations":[{"start":{"line":379,"column":4},"end":{"line":381,"column":null}},{"start":{},"end":{}}],"line":379},"32":{"loc":{"start":{"line":379,"column":8},"end":{"line":379,"column":69}},"type":"binary-expr","locations":[{"start":{"line":379,"column":8},"end":{"line":379,"column":33}},{"start":{"line":379,"column":33},"end":{"line":379,"column":53}},{"start":{"line":379,"column":53},"end":{"line":379,"column":69}}],"line":379},"33":{"loc":{"start":{"line":380,"column":48},"end":{"line":380,"column":118}},"type":"cond-expr","locations":[{"start":{"line":380,"column":67},"end":{"line":380,"column":93}},{"start":{"line":380,"column":93},"end":{"line":380,"column":118}}],"line":380},"34":{"loc":{"start":{"line":398,"column":11},"end":{"line":398,"column":null}},"type":"binary-expr","locations":[{"start":{"line":398,"column":11},"end":{"line":398,"column":25}},{"start":{"line":398,"column":25},"end":{"line":398,"column":null}}],"line":398},"35":{"loc":{"start":{"line":404,"column":4},"end":{"line":407,"column":null}},"type":"if","locations":[{"start":{"line":404,"column":4},"end":{"line":407,"column":null}},{"start":{},"end":{}}],"line":404}},"s":{"0":4,"1":4,"2":4,"3":2,"4":2,"5":2,"6":2,"7":2,"8":2,"9":2,"10":1,"11":2,"12":2,"13":2,"14":11,"15":2,"16":2,"17":9,"18":9,"19":1,"20":1,"21":1,"22":8,"23":3,"24":3,"25":5,"26":5,"27":5,"28":5,"29":6,"30":5,"31":11,"32":5,"33":5,"34":5,"35":5,"36":21,"37":21,"38":21,"39":21,"40":1,"41":1,"42":18,"43":18,"44":18,"45":2,"46":2,"47":2,"48":16,"49":1,"50":15,"51":15,"52":2,"53":13,"54":1,"55":12,"56":12,"57":12,"58":12,"59":12,"60":12,"61":21,"62":2,"63":10,"64":9,"65":9,"66":7,"67":7,"68":7,"69":7,"70":7,"71":5,"72":5,"73":5,"74":10,"75":10,"76":10,"77":10,"78":10,"79":10,"80":10,"81":6,"82":6,"83":6,"84":5,"85":5,"86":6,"87":1,"88":1,"89":1,"90":4,"91":4,"92":2,"93":2,"94":2,"95":2,"96":2,"97":2,"98":4,"99":4,"100":1,"101":3,"102":3,"103":1,"104":1,"105":1,"106":1,"107":1,"108":6,"109":6,"110":6,"111":6,"112":1,"113":5,"114":5,"115":5,"116":5,"117":4,"118":5,"119":6,"120":6,"121":3,"122":2,"123":2,"124":2,"125":2,"126":2,"127":2,"128":2,"129":1,"130":1,"131":1,"132":1,"133":1,"134":1,"135":1},"f":{"0":20,"1":20,"2":6,"3":20,"4":12,"5":12,"6":20,"7":20,"8":20,"9":20,"10":20,"11":20,"12":20,"13":4,"14":20,"15":20},"b":{"0":[2,2],"1":[1,1],"2":[11],"3":[2,9],"4":[1,8],"5":[9,9],"6":[3,5],"7":[5,3,1],"8":[21],"9":[2,16],"10":[1,15],"11":[2,13],"12":[1,12],"13":[12,12,12],"14":[2,19],"15":[21,2],"16":[9,1],"17":[10,9,9,9],"18":[7,2],"19":[9,8,8],"20":[5,2],"21":[1,4],"22":[5,2],"23":[5,1],"24":[2,2],"25":[4,2],"26":[1,3],"27":[2,1],"28":[1,5],"29":[5,2],"30":[3,2],"31":[3,3],"32":[6,4,4],"33":[2,1],"34":[2,1],"35":[1,1]},"meta":{"lastBranch":36,"lastFunction":16,"lastStatement":136,"seen":{"f:13:15:13:22":0,"s:14:4:14:Infinity":0,"s:16:25:18:Infinity":1,"b:20:4:23:Infinity:undefined:undefined:undefined:undefined":0,"s:20:4:23:Infinity":2,"s:21:6:21:Infinity":3,"s:22:6:22:Infinity":4,"s:25:25:25:Infinity":5,"s:28:20:31:Infinity":6,"s:33:4:36:Infinity":7,"s:38:21:40:Infinity":8,"b:42:4:47:Infinity:undefined:undefined:undefined:undefined":1,"s:42:4:47:Infinity":9,"s:43:6:46:Infinity":10,"s:49:20:49:Infinity":11,"s:51:4:51:Infinity":12,"s:52:4:52:Infinity":13,"f:55:15:55:21":1,"b:55:67:55:78":2,"b:56:4:59:Infinity:undefined:undefined:undefined:undefined":3,"s:56:4:59:Infinity":14,"s:57:6:57:Infinity":15,"s:58:6:58:Infinity":16,"s:61:18:69:Infinity":17,"b:71:4:75:Infinity:undefined:undefined:undefined:undefined":4,"s:71:4:75:Infinity":18,"b:71:8:71:32:71:32:71:104":5,"s:72:6:72:Infinity":19,"s:73:6:73:Infinity":20,"s:74:6:74:Infinity":21,"b:77:4:80:Infinity:undefined:undefined:undefined:undefined":6,"s:77:4:80:Infinity":22,"s:78:8:78:Infinity":23,"s:79:8:79:Infinity":24,"s:83:4:83:Infinity":25,"s:85:4:85:Infinity":26,"s:86:4:86:Infinity":27,"s:88:22:88:Infinity":28,"f:88:42:88:48":2,"s:88:48:88:60":29,"s:89:20:89:Infinity":30,"b:89:20:89:51:89:51:89:88:89:88:89:Infinity":7,"s:91:24:96:Infinity":31,"s:98:25:98:Infinity":32,"s:99:29:99:Infinity":33,"s:101:4:105:Infinity":34,"s:107:4:107:Infinity":35,"f:110:15:110:23":3,"b:110:97:110:105":8,"s:111:10:111:Infinity":36,"s:112:20:112:Infinity":37,"s:115:4:120:Infinity":38,"s:116:6:116:Infinity":39,"s:118:6:118:Infinity":40,"s:119:6:119:Infinity":41,"s:122:22:122:Infinity":42,"s:124:24:129:Infinity":43,"b:131:4:142:Infinity:undefined:undefined:undefined:undefined":9,"s:131:4:142:Infinity":44,"s:132:6:134:Infinity":45,"s:136:6:140:Infinity":46,"s:141:6:141:Infinity":47,"b:144:4:146:Infinity:undefined:undefined:undefined:undefined":10,"s:144:4:146:Infinity":48,"s:145:6:145:Infinity":49,"s:148:28:157:Infinity":50,"b:159:4:159:Infinity:undefined:undefined:undefined:undefined":11,"s:159:4:159:Infinity":51,"s:159:38:159:Infinity":52,"b:161:4:163:Infinity:undefined:undefined:undefined:undefined":12,"s:161:4:163:Infinity":53,"s:162:8:162:Infinity":54,"s:166:4:166:Infinity":55,"s:168:18:168:Infinity":56,"s:169:22:169:Infinity":57,"f:169:42:169:47":4,"s:169:47:169:57":58,"f:169:66:169:67":5,"s:169:92:169:105":59,"s:170:23:170:Infinity":60,"b:170:23:170:54:170:54:170:91:170:91:170:Infinity":13,"b:173:4:175:Infinity:undefined:undefined:undefined:undefined":14,"s:173:4:175:Infinity":61,"b:173:8:173:41:173:41:173:80":15,"s:174:8:174:Infinity":62,"b:179:4:207:Infinity:undefined:undefined:undefined:undefined":16,"s:179:4:207:Infinity":63,"b:179:8:179:32:179:32:179:51:179:51:179:68:179:68:179:90":17,"s:180:27:186:Infinity":64,"b:188:8:206:Infinity:undefined:undefined:undefined:undefined":18,"s:188:8:206:Infinity":65,"b:188:12:188:40:188:40:188:79:188:79:188:111":19,"s:189:24:189:Infinity":66,"s:190:30:190:Infinity":67,"s:191:18:191:Infinity":68,"s:192:37:192:Infinity":69,"b:194:12:205:Infinity:undefined:undefined:undefined:undefined":20,"s:194:12:205:Infinity":70,"s:196:16:196:Infinity":71,"s:200:40:200:Infinity":72,"b:201:16:204:Infinity:undefined:undefined:undefined:undefined":21,"s:201:16:204:Infinity":73,"b:201:20:201:59:201:59:201:115":22,"s:209:27:215:Infinity":74,"s:217:28:217:Infinity":75,"s:218:32:218:Infinity":76,"s:220:4:222:Infinity":77,"s:224:4:228:Infinity":78,"s:230:4:230:Infinity":79,"s:232:4:232:Infinity":80,"f:235:15:235:22":6,"s:236:22:236:Infinity":81,"s:238:4:240:Infinity":82,"b:243:4:247:Infinity:undefined:undefined:undefined:undefined":23,"s:243:4:247:Infinity":83,"s:245:27:245:Infinity":84,"s:246:8:246:Infinity":85,"s:249:4:249:Infinity":86,"f:252:15:252:25":7,"s:253:4:253:Infinity":87,"s:254:4:254:Infinity":88,"f:257:15:257:28":8,"f:287:15:287:32":9,"s:288:5:294:Infinity":89,"f:297:15:297:27":10,"s:298:26:300:Infinity":90,"b:302:4:305:Infinity:undefined:undefined:undefined:undefined":24,"s:302:4:305:Infinity":91,"b:302:8:302:39:302:39:302:77":25,"s:303:6:303:Infinity":92,"s:304:6:304:Infinity":93,"s:307:4:309:Infinity":94,"s:311:4:312:Infinity":95,"s:314:4:314:Infinity":96,"s:315:4:315:Infinity":97,"f:318:15:318:34":11,"s:319:18:321:Infinity":98,"b:323:4:323:Infinity:undefined:undefined:undefined:undefined":26,"s:323:4:323:Infinity":99,"s:323:29:323:Infinity":100,"b:324:4:324:Infinity:undefined:undefined:undefined:undefined":27,"s:324:4:324:Infinity":101,"s:324:38:324:Infinity":102,"s:326:19:326:Infinity":103,"s:327:22:327:Infinity":104,"s:329:4:333:Infinity":105,"s:336:4:336:Infinity":106,"s:3
[...]
e":12,"column":29}},"loc":{"start":{"line":12,"column":66},"end":{"line":273,"column":null}},"line":12},"2":{"name":"(anonymous_2)","decl":{"start":{"line":42,"column":49},"end":{"line":42,"column":56}},"loc":{"start":{"line":42,"column":56},"end":{"line":64,"column":10}},"line":42},"3":{"name":"(anonymous_3)","decl":{"start":{"line":70,"column":25},"end":{"line":70,"column":30}},"loc":{"start":{"line":70,"column":30},"end":{"line":70,"column":42}},"line":70},"4":{"name":"(anonymous_4)","decl":{"start":{"line":71,"column":28},"end":{"line":71,"column":29}},"loc":{"start":{"line":71,"column":50},"end":{"line":71,"column":94}},"line":71},"5":{"name":"(anonymous_5)","decl":{"start":{"line":75,"column":57},"end":{"line":75,"column":58}},"loc":{"start":{"line":75,"column":77},"end":{"line":75,"column":116}},"line":75},"6":{"name":"(anonymous_6)","decl":{"start":{"line":77,"column":52},"end":{"line":77,"column":57}},"loc":{"start":{"line":77,"column":57},"end":{"line":77,"column":71}},"line":77},"7":{"name":"(anonymous_7)","decl":{"start":{"line":92,"column":26},"end":{"line":92,"column":31}},"loc":{"start":{"line":92,"column":31},"end":{"line":103,"column":9}},"line":92},"8":{"name":"(anonymous_8)","decl":{"start":{"line":118,"column":54},"end":{"line":118,"column":59}},"loc":{"start":{"line":118,"column":59},"end":{"line":118,"column":85}},"line":118},"9":{"name":"(anonymous_9)","decl":{"start":{"line":119,"column":55},"end":{"line":119,"column":60}},"loc":{"start":{"line":119,"column":60},"end":{"line":119,"column":71}},"line":119},"10":{"name":"(anonymous_10)","decl":{"start":{"line":136,"column":56},"end":{"line":136,"column":61}},"loc":{"start":{"line":136,"column":61},"end":{"line":136,"column":83}},"line":136},"11":{"name":"(anonymous_11)","decl":{"start":{"line":137,"column":57},"end":{"line":137,"column":62}},"loc":{"start":{"line":137,"column":62},"end":{"line":137,"column":73}},"line":137},"12":{"name":"(anonymous_12)","decl":{"start":{"line":146,"column":77},"end":{"line":146,"column":82}},"loc":{"start":{"line":146,"column":82},"end":{"line":146,"column":94}},"line":146},"13":{"name":"(anonymous_13)","decl":{"start":{"line":146,"column":102},"end":{"line":146,"column":109}},"loc":{"start":{"line":146,"column":109},"end":{"line":156,"column":17}},"line":146},"14":{"name":"(anonymous_14)","decl":{"start":{"line":147,"column":54},"end":{"line":147,"column":59}},"loc":{"start":{"line":147,"column":59},"end":{"line":147,"column":79}},"line":147},"15":{"name":"(anonymous_15)","decl":{"start":{"line":153,"column":57},"end":{"line":153,"column":62}},"loc":{"start":{"line":153,"column":62},"end":{"line":153,"column":73}},"line":153},"16":{"name":"(anonymous_16)","decl":{"start":{"line":162,"column":43},"end":{"line":162,"column":48}},"loc":{"start":{"line":162,"column":48},"end":{"line":168,"column":25}},"line":162},"17":{"name":"(anonymous_17)","decl":{"start":{"line":174,"column":61},"end":{"line":174,"column":66}},"loc":{"start":{"line":174,"column":66},"end":{"line":178,"column":25}},"line":174},"18":{"name":"(anonymous_18)","decl":{"start":{"line":183,"column":68},"end":{"line":183,"column":73}},"loc":{"start":{"line":183,"column":73},"end":{"line":183,"column":84}},"line":183},"19":{"name":"(anonymous_19)","decl":{"start":{"line":195,"column":51},"end":{"line":195,"column":56}},"loc":{"start":{"line":195,"column":56},"end":{"line":195,"column":67}},"line":195},"20":{"name":"(anonymous_20)","decl":{"start":{"line":196,"column":53},"end":{"line":196,"column":58}},"loc":{"start":{"line":196,"column":58},"end":{"line":196,"column":70}},"line":196},"21":{"name":"(anonymous_21)","decl":{"start":{"line":198,"column":46},"end":{"line":198,"column":47}},"loc":{"start":{"line":198,"column":61},"end":{"line":198,"column":95}},"line":198},"22":{"name":"(anonymous_22)","decl":{"start":{"line":204,"column":64},"end":{"line":204,"column":69}},"loc":{"start":{"line":204,"column":69},"end":{"line":204,"column":109}},"line":204},"23":{"name":"(anonymous_23)","decl":{"start":{"line":204,"column":143},"end":{"line":204,"column":148}},"loc":{"start":{"line":204,"column":148},"end":{"line":204,"column":173}},"line":204},"24":{"name":"(anonymous_24)","decl":{"start":{"line":205,"column":66},"end":{"line":205,"column":71}},"loc":{"start":{"line":205,"column":71},"end":{"line":205,"column":117}},"line":205},"25":{"name":"(anonymous_25)","decl":{"start":{"line":205,"column":151},"end":{"line":205,"column":156}},"loc":{"start":{"line":205,"column":156},"end":{"line":205,"column":187}},"line":205},"26":{"name":"(anonymous_26)","decl":{"start":{"line":206,"column":64},"end":{"line":206,"column":69}},"loc":{"start":{"line":206,"column":69},"end":{"line":206,"column":109}},"line":206},"27":{"name":"(anonymous_27)","decl":{"start":{"line":206,"column":143},"end":{"line":206,"column":148}},"loc":{"start":{"line":206,"column":148},"end":{"line":206,"column":173}},"line":206},"28":{"name":"(anonymous_28)","decl":{"start":{"line":210,"column":31},"end":{"line":210,"column":37}},"loc":{"start":{"line":210,"column":37},"end":{"line":214,"column":25}},"line":210},"29":{"name":"(anonymous_29)","decl":{"start":{"line":230,"column":71},"end":{"line":230,"column":76}},"loc":{"start":{"line":230,"column":76},"end":{"line":230,"column":87}},"line":230},"30":{"name":"(anonymous_30)","decl":{"start":{"line":233,"column":59},"end":{"line":233,"column":65}},"loc":{"start":{"line":233,"column":65},"end":{"line":242,"column":10}},"line":233},"31":{"name":"(anonymous_31)","decl":{"start":{"line":249,"column":24},"end":{"line":249,"column":30}},"loc":{"start":{"line":249,"column":30},"end":{"line":253,"column":19}},"line":249}},"branchMap":{"0":{"loc":{"start":{"line":10,"column":8},"end":{"line":10,"column":null}},"type":"binary-expr","locations":[{"start":{"line":10,"column":8},"end":{"line":10,"column":31}},{"start":{"line":10,"column":31},"end":{"line":10,"column":49}},{"start":{"line":10,"column":49},"end":{"line":10,"column":null}}],"line":10},"1":{"loc":{"start":{"line":40,"column":8},"end":{"line":40,"column":null}},"type":"if","locations":[{"start":{"line":40,"column":8},"end":{"line":40,"column":null}},{"start":{},"end":{}}],"line":40},"2":{"loc":{"start":{"line":50,"column":16},"end":{"line":54,"column":null}},"type":"cond-expr","locations":[{"start":{"line":53,"column":23},"end":{"line":53,"column":null}},{"start":{"line":54,"column":22},"end":{"line":54,"column":null}}],"line":50},"3":{"loc":{"start":{"line":50,"column":16},"end":{"line":52,"column":null}},"type":"binary-expr","locations":[{"start":{"line":50,"column":16},"end":{"line":50,"column":null}},{"start":{"line":51,"column":16},"end":{"line":51,"column":null}},{"start":{"line":52,"column":16},"end":{"line":52,"column":null}}],"line":50},"4":{"loc":{"start":{"line":71,"column":50},"end":{"line":71,"column":94}},"type":"binary-expr","locations":[{"start":{"line":71,"column":50},"end":{"line":71,"column":65}},{"start":{"line":71,"column":65},"end":{"line":71,"column":85}},{"start":{"line":71,"column":85},"end":{"line":71,"column":94}}],"line":71},"5":{"loc":{"start":{"line":74,"column":28},"end":{"line":76,"column":null}},"type":"cond-expr","locations":[{"start":{"line":75,"column":14},"end":{"line":75,"column":null}},{"start":{"line":76,"column":14},"end":{"line":76,"column":null}}],"line":74},"6":{"loc":{"start":{"line":80,"column":25},"end":{"line":80,"column":null}},"type":"binary-expr","locations":[{"start":{"line":80,"column":25},"end":{"line":80,"column":51}},{"start":{"line":80,"column":51},"end":{"line":80,"column":null}}],"line":80},"7":{"loc":{"start":{"line":81,"column":27},"end":{"line":81,"column":null}},"type":"binary-expr","locations":[{"start":{"line":81,"column":27},"end":{"line":81,"column":55}},{"start":{"line":81,"column":55},"end":{"line":81,"column":null}}],"line":81},"8":{"loc":{"start":{"line":93,"column":12},"end":{"line":97,"column":null}},"type":"if","locations":[{"start":{"line":93,"column":12},"end":{"line":97,"column":null}},{"start":{},"end":{}}],"line":93},"9":{"loc":{"start":{"line":98,"column":12},"end":{"line":102,"column":null}},"type":"if","locations":[{"start":{"line":98,"column":12},"end":{"line":102,"column":null}},{"start":{},"end":{}}],"line":98},"10":{"loc":{"start":{"line":148,"column":35},"end":{"line":148,"column":null}},"type":"cond-expr","locations":[{"start":{"line":148,"column":56},"end":{"line":148,"column":62}},{"start":{"line":148,"column":62},"end":{"line":148,"column":null}}],"line":148},"11":{"loc":{"start":{"line":149,"column":37},"end":{"line":149,"column":null}},"type":"cond-expr","locations":[{"start":{"line":149,"column":59},"end":{"line":149,"column":99}},{"start":{"line":149,"column":99},"end":{"line":149,"column":null}}],"line":149},"12":{"loc":{"start":{"line":149,"column":59},"end":{"line":149,"column":99}},"type":"binary-expr","locations":[{"start":{"line":149,"column":59},"end":{"line":149,"column":83}},{"start":{"line":149,"column":83},"end":{"line":149,"column":99}}],"line":149},"13":{"loc":{"start":{"line":164,"column":28},"end":{"line":166,"column":null}},"type":"if","locations":[{"start":{"line":164,"column":28},"end":{"line":166,"column":null}},{"start":{},"end":{}}],"line":164},"14":{"loc":{"start":{"line":165,"column":39},"end":{"line":165,"column":null}},"type":"binary-expr","locations":[{"start":{"line":165,"column":39},"end":{"line":165,"column":63}},{"start":{"line":165,"column":63},"end":{"line":165,"column":null}}],"line":165},"15":{"loc":{"start":{"line":176,"column":42},"end":{"line":176,"column":null}},"type":"cond-expr","locations":[{"start":{"line":176,"column":64},"end":{"line":176,"column":104}},{"start":{"line":176,"column":104},"end":{"line":176,"column":null}}],"line":176},"16":{"loc":{"start":{"line":176,"column":64},"end":{"line":176,"column":104}},"type":"binary-expr","locations":[{"start":{"line":176,"column":64},"end":{"line":176,"column":88}},{"start":{"line":176,"column":88},"end":{"line":176,"column":104}}],"line":176},"17":{"loc":{"start":{"line":177,"column":35},"end":{"line":177,"column":null}},"type":"binary-expr","locations":[{"start":{"line":177,"column":35},"end":{"line":177,"column":51}},{"start":{"line":177,"column":51},"end":{"line":177,"column":null}}],"line":177},"18":{"loc":{"start":{"line":179,"column":24},"end":{"line":186,"column":null}},"type":"if","locations":[{"start":{"line":179,"column":24},"end":{"line":186,"column":null}},{"start":{},"end":{}}],"line":179},"19":{"loc":{"start":{"line":204,"column":69},"end":{"line":204,"column":109}},"type":"binary-expr","locations":[{"start":{"line":204,"column":69},"end":{"line":204,"column":98}},{"start":{"line":204,"column":98},"end":{"line":204,"column":109}}],"line":204},"20":{"loc":{"start":{"line":204,"column":121},"end":{"line":204,"column":191}},"type":"binary-expr","locations":[{"start":{"line":204,"column":121},"end":{"line":204,"column":185}},{"start":{"line":204,"column":185},"end":{"line":204,"column":191}}],"line":204},"21":{"loc":{"start":{"line":205,"column":71},"end":{"line":205,"column":117}},"type":"binary-expr","locations":[{"start":{"line":205,"column":71},"end":{"line":205,"column":106}},{"start":{"line":205,"column":106},"end":{"line":205,"column":117}}],"line":205},"22":{"loc":{"start":{"line":205,"column":129},"end":{"line":205,"column":205}},"type":"binary-expr","locations":[{"start":{"line":205,"column":129},"end":{"line":205,"column":199}},{"start":{"line":205,"column":199},"end":{"line":205,"column":205}}],"line":205},"23":{"loc":{"start":{"line":206,"column":69},"end":{"line":206,"column":109}},"type":"binary-expr","locations":[{"start":{"line":206,"column":69},"end":{"line":206,"column":98}},{"start":{"line":206,"column":98},"end":{"line":206,"column":109}}],"line":206},"24":{"loc":{"start":{"line":206,"column":121},"end":{"line":206,"column":191}},"type":"binary-expr","locations":[{"start":{"line":206,"column":121},"end":{"line":206,"column":185}},{"start":{"line":206,"column":185},"end":{"line":206,"column":191}}],"line":206},"25":{"loc":{"start":{"line":211,"column":26},"end":{"line":211,"column":null}},"type":"if","locations":[{"start":{"line":211,"column":26},"end":{"line":211,"column":null}},{"start":{},"end":{}}],"line":211},"26":{"loc":{"start":{"line":212,"column":26},"end":{"line":212,"column":null}},"type":"if","locations":[{"start":{"line":212,"column":26},"end":{"line":212,"column":null}},{"start":{},"end":{}}],"line":212},"27":{"loc":{"start":{"line":216,"column":26},"end":{"line":216,"column":null}},"type":"cond-expr","locations":[{"start":{"line":216,"column":44},"end":{"line":216,"column":86}},{"start":{"line":216,"column":86},"end":{"line":216,"column":null}}],"line":216},"28":{"loc":{"start":{"line":250,"column":20},"end":{"line":250,"column":null}},"type":"if","locations":[{"start":{"line":250,"column":20},"end":{"line":250,"column":null}},{"start":{},"end":{}}],"line":250},"29":{"loc":{"start":{"line":251,"column":20},"end":{"line":251,"column":null}},"type":"if","locations":[{"start":{"line":251,"column":20},"end":{"line":251,"column":null}},{"start":{},"end":{}}],"line":251},"30":{"loc":{"start":{"line":251,"column":24},"end":{"line":251,"column":100}},"type":"binary-expr","locations":[{"start":{"line":251,"column":24},"end":{"line":251,"column":59}},{"start":{"line":251,"column":59},"end":{"line":251,"column":100}}],"line":251},"31":{"loc":{"start":{"line":256,"column":20},"end":{"line":258,"column":null}},"type":"cond-expr","locations":[{"start":{"line":257,"column":26},"end":{"line":257,"column":null}},{"start":{"line":258,"column":26},"end":{"line":258,"column":null}}],"line":256},"32":{"loc":{"start":{"line":256,"column":20},"end":{"line":256,"column":null}},"type":"binary-expr","locations":[{"start":{"line":256,"column":20},"end":{"line":256,"column":60}},{"start":{"line":256,"column":60},"end":{"line":256,"column":null}}],"line":256}},"s":{"0":13,"1":13,"2":138,"3":22,"4":22,"5":22,"6":2,"7":20,"8":26,"9":20,"10":23,"11":23,"12":20,"13":2,"14":22,"15":4,"16":22,"17":22,"18":22,"19":22,"20":22,"21":22,"22":23,"23":16,"24":16,"25":16,"26":23,"27":18,"28":18,"29":18,"30":22,"31":22,"32":16,"33":27,"34":16,"35":23,"36":16,"37":16,"38":16,"39":18,"40":35,"41":18,"42":23,"43":18,"44":18,"45":23,"46":20,"47":29,"48":20,"49":20,"50":20,"51":23,"52":18,"53":18,"54":18,"55":23,"56":23,"57":9,"58":14,"59":18,"60":19,"61":57,"62":75,"63":75,"64":75,"65":57,"66":13,"67":17,"68":18,"69":23,"70":23,"71":23,"72":23,"73":23,"74":23,"75":23,"76":23,"77":23,"78":18,"79":12,"80":6,"81":1,"82":5,"83":17,"84":23,"85":17,"86":23,"87":17,"88":17,"89":2,"90":15,"91":2,"92":13,"93":22,"94":17},"f":{"0":138,"1":13,"2":26,"3":23,"4":23,"5":2,"6":4,"7":23,"8":27,"9":23,"10":35,"11":23,"12":23,"13":20,"14":29,"15":23,"16":23,"17":75,"18":17,"19":23,"20":23,"21":23,"22":23,"23":23,"24":23,"25":23,"26":23,"27":23,"28":18,"29":23,"30":23,"31":17},"b":{"0":[138,84,53],"1":[2,20],"2":[9,17],"3":[26,15,12],"4":[23,18,9],"5":[6,11],"6":[22,4],"7":[22,3],"8":[16,7],"9":[18,5],"10":[7,13],"11":[7,13],"12":[7,3],"13":[9,14],"14":[9,5],"15":[30,45],"16":[30,15],"17":[75,69],"18":[13,44],"19":[23,7],"20":[18,11],"21":[23,6],"22":[18,15],"23":[23,4],"24":[18,15],"25":[12,6],"26":[1,5],"27":[12,6],"28":[2,15],"29":[2,13],"30":[15,12],"31":[3,14],"32":[17,4]},"meta":{"lastBranch":33,"lastFunction":32,"lastStatement":95,"seen":{"s:8:4:8:Infinity":0,"s:9:4:10:Infinity":1,"f:9:30:9:31":0,"s:10:8:10:Infinity":2,"b:10:8:10:31:10:31:10:49:10:49:10:Infinity":0,"f:12:17:12:29":1,"s:13:8:13:Infinity":3,"s:16:21:38:Infinity":4,"b:40:8:40:Infinity:undefined:undefined:undefined:undefined":1,"s:40:8:40:Infinity":5,"s:40:19:40:Infinity":6,"s:42:26:64:Infinity":7,"f:42:49:42:56":2,"s:42:56:64:10":8,"b:53:23:53:Infinity:54:22:54:Infinity":2,"b:50:16:50:Infinity:51:16:51:Infinity:52:16:52:Infinity":3,"s:67:28:73:Infinity":9,"f:70:25:70:30":3,"s:70:30:70:42":10,"f:71:28:71:29":4,"s:71:50:71:94":11,"b:71:50:71:65:71:65:71:85:71:85:71:94":4,"s:74:28:76:Infinity":12,"b:75:14:75:Infinity:76:14:76:Infinity":5,"f:75:57:75:58":5,"s:75:77:75:116":13,"s:77:28:77:Infinity":14,"f:77:52:77:57":6,"s:77:57:77:71":15,"s:80:25:80:Infinity":16,"b:80:25:80:51:80:51:80:Infinity":6,"s:81:27:81:Infinity":17,"b:81:27:81:55:81:55:81:Infinity":7,"s:83:38:87:Infinity":18,"s:89:28:89:Infinity":19,"s:90:26:90:Infinity":20,"s:92:8:103:Infinity":21,"f:92:26:92:31":7,"b:93:12:97:Infinity:undefined:undefined:undefined:undefined":8,"s:93:12:97:Infinity":22,"s:94:43:94:Infinity":23,"s:95:16:95:Infinity":24,"s:96:16:96:Infinity":25,"b:98:12:102:Infinity:undefined:undefined:undefined:undefined":9,"s:98:12:102:Infinity":26,"s:99:41:99:Infinity":27,"s:100:16:100:Infinity":28,"s:101:16:101:Infinity":29,"s:106:49:115:Infinity":30,"s:117:8:228:Infinity":31,"s:118:37:118:Infinity":32,"f:118:54:118:59":8,"s:118:59:118:85":33,"s:119:31:119:Infinity":34,"f:119:55:119:60":9,"s:119:60:119:71":35,"s:121:12:125:Infinity":36,"s:127:12:133:Infinity":37,"s:135:12:227:Infinity":38,"s:136:39:136:Infinity":39,"f:136:56:136:61":10,"s:136:61:136:83":40,"s:137:35:137:Infinity":41,"f:137:57:137:62":11,"s:137:62:137:73":42,"s:139:16:143:Infinity":43,"s:146:39:156:Infinity":44,"f:146:77:146:82":12,"s:146:82:146:94":45,"f:146:102:146:109":13,"s:147:32:147:Infinity":46,"f:147:54:147:59":14,"s:147:59:147:79":47,"s:148:35:148:Infinity":48,"b:148:56:148:62:148:62:148:Infinity":10,"s:149:37:149:Infinity":49,"b:149:59:149:99:149:99:149:Infinity":11,"b:149:59:149:83:149:83:149:99":12,"s:150:20:155:Infinity":50,"f:153:57:153:62":15,"s:153:62:153:73":51,"s:158:32:158:Infinity":52,"s:159:30:159:Infinity":53,"s:160:32:170:Infinity":54,"f:162:43:162:48":16,"s:163:40:163:Infinity":55,"b:164:28:166:Infinity:undefined:undefined:undefined:undefined":13,"s:164:28:166:Infinity":56,"s:165:32:165:Infinity":57,"b:165:39:165:63:165:63:165:Infinity":14,"s:167:28:167:Infinity":58,"s:172:16:188:Infinity":59,"s:173:20:187:Infinity":60,"s:174:39:178:Infinity":61,"f:174:61:174:66":17,"s:175:40:175:Infinity":62,"s:176:42:176:Infinity":63,"b:176:64:176:104:176:104:176:Infinity":15,"b:176:64:176:88:176:88:176:104":16,"s:177:28:177:Infinity":64,"b:177:35:177:51:177:51:177:Infinity":17,"b:179:24:186:Infinity:undefined:undefined:undefined:undefined":18,"s:179:24:186:Infinity":65,"s:180:28:185:Infinity":66,"f:183:68:183:73":18,"s:183:73:183:84":67,"s:190:16:226:Infinity":68,"f:195:51:195:56":19,"s:195:56:195:67":69,"f:196:53:196:58":20,"s:196:58:196:70":70,"f:198:46:198:47":21,"s:198:61:198:95":71,"f:204:64:204:69":22,"s:204:69:204:109":72,"b:204:69:204:98:204:98:204:109":19,"b:204:121:204:185:204:185:204:191":20,"f:204:143:204:148":23,"s:204:148:204:173":73,"f:205:66:205:71":24,"s:205:71:205:117":74,"b:205:71:205:106:205:106:205:117":21,"b:205:129:205:199:205:199:205:205":22,"f:205:151:205:156":25,"s:205:156:205:187":75,"f:206:64:206:69":26,"s:206:69:206:109":76,"b:206:69:206:98:206:98:206:109":23,"b:206:121:206:185:206:185:206:191":24,"f:206:143:206:148":27,"s:206:148:206:173":77,"f:210:31:210:37":28,"b:211:26:211:Infinity:undefined:undefined:undefined:undefined":25,"s:211:26:211:Infinity":78,"s:211:47:211:Infinity":79,"b:212:26:212:Infinity:undefined:undefined:undefined:undefined":26,"s:212:26:212:Infinity":80,"s:212:47:212:Infinity":81,"s:213:26:213:Infinity":82,"b:216:44:216:86:216:86:216:Infinity":27,"s:230:8:230:Infinity":83,"f:230:71:230:76":29,"s:230:76:230:87":84,"s:233:45:242:Infinity":85,"f:233:59:233:65":30,"s:233:65:242:10":86,"s:244:35:265:Infinity":87,"f:249:24:249:30":31,"b:250:20:250:Infinity:undefined:undefined:undefined:undefined":28,"s:250:20:250:Infinity":88,"s:250:55:250:Infinity":89,"b:251:20:251:Infinity:undefined:undefined:undefined:undefined":29,"s:251:20:251:Infinity":90,"b:251:24:251:59:251:59:251:100":30,"s:251:100:251:Infinity":91,"s:252:20:252:Infinity":92,"b:257:26:257:Infinity:258:26:258:Infinity":31,"b:256:20:256:60:256:60:256:Infinity":32,"s:268:8:270:Infinity":93,"s:272:8:272:Infinity":94}}}
}
