{"D:\\onlinewebsites\\quiz-platform\\apps\\api-server\\src\\__test-utils__\\mock-db.ts": {"path":"D:\\onlinewebsites\\quiz-platform\\apps\\api-server\\src\\__test-utils__\\mock-db.ts","statementMap":{"0":{"start":{"line":3,"column":28},"end":{"line":60,"column":null}},"1":{"start":{"line":4,"column":17},"end":{"line":50,"column":null}},"2":{"start":{"line":52,"column":17},"end":{"line":57,"column":null}},"3":{"start":{"line":55,"column":6},"end":{"line":55,"column":null}},"4":{"start":{"line":59,"column":2},"end":{"line":59,"column":null}},"5":{"start":{"line":62,"column":34},"end":{"line":62,"column":null}}},"fnMap":{"0":{"name":"(anonymous_0)","decl":{"start":{"line":3,"column":28},"end":{"line":3,"column":34}},"loc":{"start":{"line":3,"column":34},"end":{"line":60,"column":null}},"line":3},"1":{"name":"(anonymous_1)","decl":{"start":{"line":54,"column":44},"end":{"line":54,"column":51}},"loc":{"start":{"line":54,"column":64},"end":{"line":56,"column":5}},"line":54}},"branchMap":{},"s":{"0":3,"1":3,"2":3,"3":15,"4":3,"5":3},"f":{"0":3,"1":15},"b":{},"meta":{"lastBranch":0,"lastFunction":2,"lastStatement":6,"seen":{"s:3:28:60:Infinity":0,"f:3:28:3:34":0,"s:4:17:50:Infinity":1,"s:52:17:57:Infinity":2,"f:54:44:54:51":1,"s:55:6:55:Infinity":3,"s:59:2:59:Infinity":4,"s:62:34:62:Infinity":5}}}
,"D:\\onlinewebsites\\quiz-platform\\apps\\api-server\\src\\config\\index.ts": {"path":"D:\\onlinewebsites\\quiz-platform\\apps\\api-server\\src\\config\\index.ts","statementMap":{"0":{"start":{"line":8,"column":22},"end":{"line":8,"column":null}},"1":{"start":{"line":11,"column":29},"end":{"line":11,"column":null}},"2":{"start":{"line":12,"column":28},"end":{"line":12,"column":null}}},"fnMap":{},"branchMap":{},"s":{"0":1,"1":1,"2":1},"f":{},"b":{},"meta":{"lastBranch":0,"lastFunction":0,"lastStatement":3,"seen":{"s:8:22:8:Infinity":0,"s:11:29:11:Infinity":1,"s:12:28:12:Infinity":2}}}
,"D:\\onlinewebsites\\quiz-platform\\apps\\api-server\\src\\config\\production.config.ts": {"path":"D:\\onlinewebsites\\quiz-platform\\apps\\api-server\\src\\config\\production.config.ts","statementMap":{"0":{"start":{"line":6,"column":22},"end":{"line":38,"column":null}},"1":{"start":{"line":12,"column":38},"end":{"line":12,"column":47}},"2":{"start":{"line":20,"column":38},"end":{"line":20,"column":47}},"3":{"start":{"line":26,"column":20},"end":{"line":26,"column":null}},"4":{"start":{"line":27,"column":8},"end":{"line":27,"column":null}}},"fnMap":{"0":{"name":"(anonymous_0)","decl":{"start":{"line":12,"column":11},"end":{"line":12,"column":12}},"loc":{"start":{"line":12,"column":38},"end":{"line":12,"column":47}},"line":12},"1":{"name":"(anonymous_1)","decl":{"start":{"line":20,"column":11},"end":{"line":20,"column":12}},"loc":{"start":{"line":20,"column":38},"end":{"line":20,"column":47}},"line":20},"2":{"name":"(anonymous_2)","decl":{"start":{"line":25,"column":15},"end":{"line":25,"column":21}},"loc":{"start":{"line":25,"column":21},"end":{"line":28,"column":9}},"line":25}},"branchMap":{"0":{"loc":{"start":{"line":9,"column":21},"end":{"line":12,"column":7}},"type":"binary-expr","locations":[{"start":{"line":9,"column":21},"end":{"line":9,"column":64}},{"start":{"line":9,"column":64},"end":{"line":12,"column":7}}],"line":9},"1":{"loc":{"start":{"line":17,"column":21},"end":{"line":20,"column":7}},"type":"binary-expr","locations":[{"start":{"line":17,"column":21},"end":{"line":17,"column":64}},{"start":{"line":17,"column":64},"end":{"line":20,"column":7}}],"line":17},"2":{"loc":{"start":{"line":27,"column":15},"end":{"line":27,"column":null}},"type":"cond-expr","locations":[{"start":{"line":27,"column":65},"end":{"line":27,"column":77}},{"start":{"line":27,"column":77},"end":{"line":27,"column":null}}],"line":27},"3":{"loc":{"start":{"line":27,"column":15},"end":{"line":27,"column":65}},"type":"binary-expr","locations":[{"start":{"line":27,"column":15},"end":{"line":27,"column":36}},{"start":{"line":27,"column":36},"end":{"line":27,"column":52}},{"start":{"line":27,"column":52},"end":{"line":27,"column":65}}],"line":27}},"s":{"0":4,"1":7,"2":7,"3":4,"4":4},"f":{"0":7,"1":7,"2":4},"b":{"0":[4,1],"1":[4,1],"2":[3,1],"3":[4,2,2]},"meta":{"lastBranch":4,"lastFunction":3,"lastStatement":5,"seen":{"s:6:22:38:Infinity":0,"b:9:21:9:64:9:64:12:7":0,"f:12:11:12:12":0,"s:12:38:12:47":1,"b:17:21:17:64:17:64:20:7":1,"f:20:11:20:12":1,"s:20:38:20:47":2,"f:25:15:25:21":2,"s:26:20:26:Infinity":3,"s:27:8:27:Infinity":4,"b:27:65:27:77:27:77:27:Infinity":2,"b:27:15:27:36:27:36:27:52:27:52:27:65":3}}}
,"D:\\onlinewebsites\\quiz-platform\\apps\\api-server\\src\\dtos\\admin.dto.ts": {"path":"D:\\onlinewebsites\\quiz-platform\\apps\\api-server\\src\\dtos\\admin.dto.ts","statementMap":{"0":{"start":{"line":54,"column":25},"end":{"line":54,"column":null}},"1":{"start":{"line":54,"column":51},"end":{"line":54,"column":null}},"2":{"start":{"line":60,"column":2},"end":{"line":69,"column":null}},"3":{"start":{"line":64,"column":39},"end":{"line":64,"column":51}},"4":{"start":{"line":73,"column":2},"end":{"line":82,"column":null}},"5":{"start":{"line":79,"column":42},"end":{"line":79,"column":55}}},"fnMap":{"0":{"name":"(anonymous_0)","decl":{"start":{"line":54,"column":25},"end":{"line":54,"column":26}},"loc":{"start":{"line":54,"column":51},"end":{"line":54,"column":null}},"line":54},"1":{"name":"toAdminUserDTO","decl":{"start":{"line":59,"column":16},"end":{"line":59,"column":31}},"loc":{"start":{"line":59,"column":67},"end":{"line":70,"column":null}},"line":59},"2":{"name":"(anonymous_2)","decl":{"start":{"line":64,"column":31},"end":{"line":64,"column":32}},"loc":{"start":{"line":64,"column":39},"end":{"line":64,"column":51}},"line":64},"3":{"name":"toAdminQuestionDTO","decl":{"start":{"line":72,"column":16},"end":{"line":72,"column":35}},"loc":{"start":{"line":72,"column":76},"end":{"line":83,"column":null}},"line":72},"4":{"name":"(anonymous_4)","decl":{"start":{"line":79,"column":34},"end":{"line":79,"column":35}},"loc":{"start":{"line":79,"column":42},"end":{"line":79,"column":55}},"line":79}},"branchMap":{"0":{"loc":{"start":{"line":54,"column":51},"end":{"line":54,"column":null}},"type":"cond-expr","locations":[{"start":{"line":54,"column":104},"end":{"line":54,"column":111}},{"start":{"line":54,"column":111},"end":{"line":54,"column":null}}],"line":54},"1":{"loc":{"start":{"line":54,"column":51},"end":{"line":54,"column":104}},"type":"binary-expr","locations":[{"start":{"line":54,"column":51},"end":{"line":54,"column":73}},{"start":{"line":54,"column":73},"end":{"line":54,"column":90}},{"start":{"line":54,"column":90},"end":{"line":54,"column":104}}],"line":54},"2":{"loc":{"start":{"line":64,"column":11},"end":{"line":64,"column":null}},"type":"binary-expr","locations":[{"start":{"line":64,"column":11},"end":{"line":64,"column":56}},{"start":{"line":64,"column":56},"end":{"line":64,"column":null}}],"line":64},"3":{"loc":{"start":{"line":66,"column":15},"end":{"line":66,"column":null}},"type":"binary-expr","locations":[{"start":{"line":66,"column":15},"end":{"line":66,"column":33}},{"start":{"line":66,"column":33},"end":{"line":66,"column":null}}],"line":66},"4":{"loc":{"start":{"line":67,"column":17},"end":{"line":67,"column":null}},"type":"binary-expr","locations":[{"start":{"line":67,"column":17},"end":{"line":67,"column":38}},{"start":{"line":67,"column":38},"end":{"line":67,"column":null}}],"line":67},"5":{"loc":{"start":{"line":68,"column":15},"end":{"line":68,"column":null}},"type":"binary-expr","locations":[{"start":{"line":68,"column":15},"end":{"line":68,"column":37}},{"start":{"line":68,"column":37},"end":{"line":68,"column":null}}],"line":68},"6":{"loc":{"start":{"line":75,"column":10},"end":{"line":75,"column":null}},"type":"binary-expr","locations":[{"start":{"line":75,"column":10},"end":{"line":75,"column":20}},{"start":{"line":75,"column":20},"end":{"line":75,"column":38}},{"start":{"line":75,"column":38},"end":{"line":75,"column":null}}],"line":75},"7":{"loc":{"start":{"line":77,"column":16},"end":{"line":77,"column":null}},"type":"binary-expr","locations":[{"start":{"line":77,"column":16},"end":{"line":77,"column":32}},{"start":{"line":77,"column":32},"end":{"line":77,"column":null}}],"line":77},"8":{"loc":{"start":{"line":78,"column":11},"end":{"line":78,"column":null}},"type":"binary-expr","locations":[{"start":{"line":78,"column":11},"end":{"line":78,"column":28}},{"start":{"line":78,"column":28},"end":{"line":78,"column":null}}],"line":78},"9":{"loc":{"start":{"line":79,"column":12},"end":{"line":79,"column":null}},"type":"binary-expr","locations":[{"start":{"line":79,"column":12},"end":{"line":79,"column":60}},{"start":{"line":79,"column":60},"end":{"line":79,"column":null}}],"line":79},"10":{"loc":{"start":{"line":80,"column":15},"end":{"line":80,"column":null}},"type":"binary-expr","locations":[{"start":{"line":80,"column":15},"end":{"line":80,"column":30}},{"start":{"line":80,"column":30},"end":{"line":80,"column":null}}],"line":80},"11":{"loc":{"start":{"line":81,"column":16},"end":{"line":81,"column":null}},"type":"binary-expr","locations":[{"start":{"line":81,"column":16},"end":{"line":81,"column":43}},{"start":{"line":81,"column":43},"end":{"line":81,"column":null}}],"line":81}},"s":{"0":1,"1":3,"2":3,"3":2,"4":4,"5":1},"f":{"0":3,"1":3,"2":2,"3":4,"4":1},"b":{"0":[1,2],"1":[3,1,1],"2":[3,2],"3":[3,1],"4":[3,2],"5":[3,2],"6":[4,2,1],"7":[4,2],"8":[4,3],"9":[4,3],"10":[4,2],"11":[4,3]},"meta":{"lastBranch":12,"lastFunction":5,"lastStatement":6,"seen":{"s:54:25:54:Infinity":0,"f:54:25:54:26":0,"s:54:51:54:Infinity":1,"b:54:104:54:111:54:111:54:Infinity":0,"b:54:51:54:73:54:73:54:90:54:90:54:104":1,"f:59:16:59:31":1,"s:60:2:69:Infinity":2,"b:64:11:64:56:64:56:64:Infinity":2,"f:64:31:64:32":2,"s:64:39:64:51":3,"b:66:15:66:33:66:33:66:Infinity":3,"b:67:17:67:38:67:38:67:Infinity":4,"b:68:15:68:37:68:37:68:Infinity":5,"f:72:16:72:35":3,"s:73:2:82:Infinity":4,"b:75:10:75:20:75:20:75:38:75:38:75:Infinity":6,"b:77:16:77:32:77:32:77:Infinity":7,"b:78:11:78:28:78:28:78:Infinity":8,"b:79:12:79:60:79:60:79:Infinity":9,"f:79:34:79:35":4,"s:79:42:79:55":5,"b:80:15:80:30:80:30:80:Infinity":10,"b:81:16:81:43:81:43:81:Infinity":11}}}
,"D:\\onlinewebsites\\quiz-platform\\apps\\api-server\\src\\dtos\\auth.dto.ts": {"path":"D:\\onlinewebsites\\quiz-platform\\apps\\api-server\\src\\dtos\\auth.dto.ts","statementMap":{"0":{"start":{"line":37,"column":17},"end":{"line":37,"column":null}},"1":{"start":{"line":37,"column":43},"end":{"line":37,"column":null}},"2":{"start":{"line":43,"column":20},"end":{"line":46,"column":null}},"3":{"start":{"line":48,"column":2},"end":{"line":57,"column":null}},"4":{"start":{"line":61,"column":2},"end":{"line":65,"column":null}}},"fnMap":{"0":{"name":"(anonymous_0)","decl":{"start":{"line":37,"column":17},"end":{"line":37,"column":18}},"loc":{"start":{"line":37,"column":43},"end":{"line":37,"column":null}},"line":37},"1":{"name":"toUserSummaryDTO","decl":{"start":{"line":42,"column":16},"end":{"line":42,"column":33}},"loc":{"start":{"line":42,"column":96},"end":{"line":58,"column":null}},"line":42},"2":{"name":"toLoginResponseDTO","decl":{"start":{"line":60,"column":16},"end":{"line":60,"column":35}},"loc":{"start":{"line":60,"column":152},"end":{"line":66,"column":null}},"line":60}},"branchMap":{"0":{"loc":{"start":{"line":37,"column":43},"end":{"line":37,"column":null}},"type":"binary-expr","locations":[{"start":{"line":37,"column":43},"end":{"line":37,"column":66}},{"start":{"line":37,"column":66},"end":{"line":37,"column":84}},{"start":{"line":37,"column":84},"end":{"line":37,"column":null}}],"line":37},"1":{"loc":{"start":{"line":42,"column":54},"end":{"line":42,"column":96}},"type":"default-arg","locations":[{"start":{"line":42,"column":73},"end":{"line":42,"column":96}}],"line":42},"2":{"loc":{"start":{"line":44,"column":4},"end":{"line":45,"column":null}},"type":"binary-expr","locations":[{"start":{"line":44,"column":4},"end":{"line":44,"column":null}},{"start":{"line":45,"column":4},"end":{"line":45,"column":null}}],"line":44},"3":{"loc":{"start":{"line":51,"column":10},"end":{"line":51,"column":null}},"type":"cond-expr","locations":[{"start":{"line":51,"column":41},"end":{"line":51,"column":63}},{"start":{"line":51,"column":63},"end":{"line":51,"column":null}}],"line":51},"4":{"loc":{"start":{"line":55,"column":10},"end":{"line":55,"column":null}},"type":"cond-expr","locations":[{"start":{"line":55,"column":20},"end":{"line":55,"column":30}},{"start":{"line":55,"column":30},"end":{"line":55,"column":null}}],"line":55},"5":{"loc":{"start":{"line":60,"column":108},"end":{"line":60,"column":152}},"type":"default-arg","locations":[{"start":{"line":60,"column":127},"end":{"line":60,"column":152}}],"line":60}},"s":{"0":1,"1":8,"2":3,"3":3,"4":1},"f":{"0":8,"1":3,"2":1},"b":{"0":[8,7,7],"1":[3],"2":[3,2],"3":[2,1],"4":[1,2],"5":[1]},"meta":{"lastBranch":6,"lastFunction":3,"lastStatement":5,"seen":{"s:37:17:37:Infinity":0,"f:37:17:37:18":0,"s:37:43:37:Infinity":1,"b:37:43:37:66:37:66:37:84:37:84:37:Infinity":0,"f:42:16:42:33":1,"b:42:73:42:96":1,"s:43:20:46:Infinity":2,"b:44:4:44:Infinity:45:4:45:Infinity":2,"s:48:2:57:Infinity":3,"b:51:41:51:63:51:63:51:Infinity":3,"b:55:20:55:30:55:30:55:Infinity":4,"f:60:16:60:35":2,"b:60:127:60:152":5,"s:61:2:65:Infinity":4}}}
,"D:\\onlinewebsites\\quiz-platform\\apps\\api-server\\src\\dtos\\exam.dto.ts": {"path":"D:\\onlinewebsites\\quiz-platform\\apps\\api-server\\src\\dtos\\exam.dto.ts","statementMap":{"0":{"start":{"line":88,"column":2},"end":{"line":88,"column":null}},"1":{"start":{"line":88,"column":37},"end":{"line":88,"column":null}},"2":{"start":{"line":89,"column":18},"end":{"line":101,"column":null}},"3":{"start":{"line":91,"column":8},"end":{"line":93,"column":null}},"4":{"start":{"line":92,"column":10},"end":{"line":92,"column":null}},"5":{"start":{"line":94,"column":22},"end":{"line":94,"column":null}},"6":{"start":{"line":95,"column":8},"end":{"line":99,"column":null}},"7":{"start":{"line":102,"column":2},"end":{"line":108,"column":null}},"8":{"start":{"line":112,"column":2},"end":{"line":119,"column":null}},"9":{"start":{"line":123,"column":22},"end":{"line":123,"column":null}},"10":{"start":{"line":124,"column":23},"end":{"line":124,"column":null}},"11":{"start":{"line":126,"column":4},"end":{"line":128,"column":null}},"12":{"start":{"line":129,"column":21},"end":{"line":129,"column":null}},"13":{"start":{"line":130,"column":21},"end":{"line":130,"column":null}},"14":{"start":{"line":131,"column":22},"end":{"line":131,"column":null}},"15":{"start":{"line":133,"column":2},"end":{"line":145,"column":null}},"16":{"start":{"line":137,"column":39},"end":{"line":143,"column":6}}},"fnMap":{"0":{"name":"toQuestionDTO","decl":{"start":{"line":87,"column":16},"end":{"line":87,"column":30}},"loc":{"start":{"line":87,"column":87},"end":{"line":109,"column":null}},"line":87},"1":{"name":"(anonymous_1)","decl":{"start":{"line":90,"column":20},"end":{"line":90,"column":21}},"loc":{"start":{"line":90,"column":36},"end":{"line":100,"column":7}},"line":90},"2":{"name":"toExamStartDTO","decl":{"start":{"line":111,"column":16},"end":{"line":111,"column":31}},"loc":{"start":{"line":111,"column":71},"end":{"line":120,"column":null}},"line":111},"3":{"name":"toExamResultDTO","decl":{"start":{"line":122,"column":16},"end":{"line":122,"column":32}},"loc":{"start":{"line":122,"column":75},"end":{"line":146,"column":null}},"line":122},"4":{"name":"(anonymous_4)","decl":{"start":{"line":137,"column":31},"end":{"line":137,"column":32}},"loc":{"start":{"line":137,"column":39},"end":{"line":143,"column":6}},"line":137}},"branchMap":{"0":{"loc":{"start":{"line":88,"column":2},"end":{"line":88,"column":null}},"type":"if","locations":[{"start":{"line":88,"column":2},"end":{"line":88,"column":null}},{"start":{},"end":{}}],"line":88},"1":{"loc":{"start":{"line":88,"column":6},"end":{"line":88,"column":37}},"type":"binary-expr","locations":[{"start":{"line":88,"column":6},"end":{"line":88,"column":20}},{"start":{"line":88,"column":20},"end":{"line":88,"column":37}}],"line":88},"2":{"loc":{"start":{"line":89,"column":18},"end":{"line":101,"column":null}},"type":"cond-expr","locations":[{"start":{"line":90,"column":6},"end":{"line":100,"column":null}},{"start":{"line":101,"column":6},"end":{"line":101,"column":null}}],"line":89},"3":{"loc":{"start":{"line":91,"column":8},"end":{"line":93,"column":null}},"type":"if","locations":[{"start":{"line":91,"column":8},"end":{"line":93,"column":null}},{"start":{},"end":{}}],"line":91},"4":{"loc":{"start":{"line":96,"column":14},"end":{"line":96,"column":null}},"type":"binary-expr","locations":[{"start":{"line":96,"column":14},"end":{"line":96,"column":26}},{"start":{"line":96,"column":26},"end":{"line":96,"column":null}}],"line":96},"5":{"loc":{"start":{"line":97,"column":16},"end":{"line":97,"column":null}},"type":"binary-expr","locations":[{"start":{"line":97,"column":16},"end":{"line":97,"column":30}},{"start":{"line":97,"column":30},"end":{"line":97,"column":null}}],"line":97},"6":{"loc":{"start":{"line":98,"column":17},"end":{"line":98,"column":null}},"type":"binary-expr","locations":[{"start":{"line":98,"column":17},"end":{"line":98,"column":32}},{"start":{"line":98,"column":32},"end":{"line":98,"column":null}}],"line":98},"7":{"loc":{"start":{"line":104,"column":10},"end":{"line":104,"column":null}},"type":"binary-expr","locations":[{"start":{"line":104,"column":10},"end":{"line":104,"column":28}},{"start":{"line":104,"column":28},"end":{"line":104,"column":38}},{"start":{"line":104,"column":38},"end":{"line":104,"column":null}}],"line":104},"8":{"loc":{"start":{"line":106,"column":16},"end":{"line":106,"column":null}},"type":"binary-expr","locations":[{"start":{"line":106,"column":16},"end":{"line":106,"column":32}},{"start":{"line":106,"column":32},"end":{"line":106,"column":null}}],"line":106},"9":{"loc":{"start":{"line":118,"column":19},"end":{"line":118,"column":null}},"type":"cond-expr","locations":[{"start":{"line":118,"column":93},"end":{"line":118,"column":133}},{"start":{"line":118,"column":133},"end":{"line":118,"column":null}}],"line":118},"10":{"loc":{"start":{"line":118,"column":19},"end":{"line":118,"column":93}},"type":"binary-expr","locations":[{"start":{"line":118,"column":19},"end":{"line":118,"column":54}},{"start":{"line":118,"column":54},"end":{"line":118,"column":93}}],"line":118},"11":{"loc":{"start":{"line":123,"column":22},"end":{"line":123,"column":null}},"type":"cond-expr","locations":[{"start":{"line":123,"column":88},"end":{"line":123,"column":106}},{"start":{"line":123,"column":106},"end":{"line":123,"column":null}}],"line":123},"12":{"loc":{"start":{"line":123,"column":22},"end":{"line":123,"column":88}},"type":"binary-expr","locations":[{"start":{"line":123,"column":22},"end":{"line":123,"column":61}},{"start":{"line":123,"column":61},"end":{"line":123,"column":88}}],"line":123},"13":{"loc":{"start":{"line":124,"column":23},"end":{"line":124,"column":null}},"type":"binary-expr","locations":[{"start":{"line":124,"column":23},"end":{"line":124,"column":53}},{"start":{"line":124,"column":53},"end":{"line":124,"column":null}}],"line":124},"14":{"loc":{"start":{"line":124,"column":53},"end":{"line":124,"column":null}},"type":"cond-expr","locations":[{"start":{"line":124,"column":91},"end":{"line":124,"column":109}},{"start":{"line":124,"column":109},"end":{"line":124,"column":null}}],"line":124},"15":{"loc":{"start":{"line":124,"column":109},"end":{"line":124,"column":null}},"type":"binary-expr","locations":[{"start":{"line":124,"column":109},"end":{"line":124,"column":133}},{"start":{"line":124,"column":133},"end":{"line":124,"column":null}}],"line":124},"16":{"loc":{"start":{"line":126,"column":4},"end":{"line":128,"column":null}},"type":"cond-expr","locations":[{"start":{"line":127,"column":8},"end":{"line":127,"column":null}},{"start":{"line":128,"column":8},"end":{"line":128,"column":null}}],"line":126},"17":{"loc":{"start":{"line":128,"column":8},"end":{"line":128,"column":null}},"type":"binary-expr","locations":[{"start":{"line":128,"column":8},"end":{"line":128,"column":34}},{"start":{"line":128,"column":34},"end":{"line":128,"column":null}}],"line":128},"18":{"loc":{"start":{"line":129,"column":21},"end":{"line":129,"column":null}},"type":"cond-expr","locations":[{"start":{"line":129,"column":54},"end":{"line":129,"column":70}},{"start":{"line":129,"column":70},"end":{"line":129,"column":null}}],"line":129},"19":{"loc":{"start":{"line":130,"column":21},"end":{"line":130,"column":null}},"type":"binary-expr","locations":[{"start":{"line":130,"column":21},"end":{"line":130,"column":48}},{"start":{"line":130,"column":48},"end":{"line":130,"column":null}}],"line":130},"20":{"loc":{"start":{"line":131,"column":22},"end":{"line":131,"column":null}},"type":"binary-expr","locations":[{"start":{"line":131,"column":22},"end":{"line":131,"column":50}},{"start":{"line":131,"column":50},"end":{"line":131,"column":75}},{"start":{"line":131,"column":75},"end":{"line":131,"column":null}}],"line":131},"21":{"loc":{"start":{"line":134,"column":12},"end":{"line":134,"column":null}},"type":"binary-expr","locations":[{"start":{"line":134,"column":12},"end":{"line":134,"column":32}},{"start":{"line":134,"column":32},"end":{"line":134,"column":48}},{"start":{"line":134,"column":48},"end":{"line":134,"column":null}}],"line":134},"22":{"loc":{"start":{"line":142,"column":18},"end":{"line":142,"column":null}},"type":"binary-expr","locations":[{"start":{"line":142,"column":18},"end":{"line":142,"column":32}},{"start":{"line":142,"column":32},"end":{"line":142,"column":48}},{"start":{"line":142,"column":48},"end":{"line":142,"column":null}}],"line":142}},"s":{"0":6,"1":1,"2":5,"3":6,"4":1,"5":5,"6":5,"7":6,"8":2,"9":5,"10":5,"11":5,"12":5,"13":5,"14":5,"15":5,"16":4},"f":{"0":6,"1":6,"2":2,"3":5,"4":4},"b":{"0":[1,5],"1":[6,5],"2":[4,1],"3":[1,5],"4":[5,2],"5":[6,1],"6":[6,2],"7":[6,3,1],"8":[6,2],"9":[1,1],"10":[2,1],"11":[4,1],"12":[5,4],"13":[5,3],"14":[1,2],"15":[2,1],"16":[1,4],"17":[4,2],"18":[4,1],"19":[5,1],"20":[5,3,3],"21":[5,2,1],"22":[4,3,1]},"meta":{"lastBranch":23,"lastFunction":5,"lastStatement":17,"seen":{"f:87:16:87:30":0,"b:88:2:88:Infinity:undefined:undefined:undefined:undefined":0,"s:88:2:88:Infinity":0,"b:88:6:88:20:88:20:88:37":1,"s:88:37:88:Infinity":1,"s:89:18:101:Infinity":2,"b:90:6:100:Infinity:101:6:101:Infinity":2,"f:90:20:90:21":1,"b:91:8:93:Infinity:undefined:undefined:undefined:undefined":3,"s:91:8:93:Infinity":3,"s:92:10:92:Infinity":4,"s:94:22:94:Infinity":5,"s:95:8:99:Infinity":6,"b:96:14:96:26:96:26:96:Infinity":4,"b:97:16:97:30:97:30:97:Infinity":5,"b:98:17:98:32:98:32:98:Infinity":6,"s:102:2:108:Infinity":7,"b:104:10:104:28:104:28:104:38:104:38:104:Infinity":7,"b:106:16:106:32:106:32:106:Infinity":8,"f:111:16:111:31":2,"s:112:2:119:Infinity":8,"b:118:93:118:133:118:133:118:Infinity":9,"b:118:19:118:54:118:54:118:93":10,"f:122:16:122:32":3,"s:123:22:123:Infinity":9,"b:123:88:123:106:123:106:123:Infinity":11,"b:123:22:123:61:123:61:123:88":12,"s:124:23:124:Infinity":10,"b:124:23:124:53:124:53:124:Infinity":13,"b:124:91:124:109:124:109:124:Infinity":14,"b:124:109:124:133:124:133:124:Infinity":15,"s:126:4:128:Infinity":11,"b:127:8:127:Infinity:128:8:128:Infinity":16,"b:128:8:128:34:128:34:128:Infinity":17,"s:129:21:129:Infinity":12,"b:129:54:129:70:129:70:129:Infinity":18,"s:130:21:130:Infinity":13,"b:130:21:130:48:130:48:130:Infinity":19,"s:131:22:131:Infinity":14,"b:131:22:131:50:131:50:131:75:131:75:131:Infinity":20,"s:133:2:145:Infinity":15,"b:134:12:134:32:134:32:134:48:134:48:134:Infinity":21,"f:137:31:137:32":4,"s:137:39:143:6":16,"b:142:18:142:32:142:32:142:48:142:48:142:Infinity":22}}}
,"D:\\onlinewebsites\\quiz-platform\\apps\\api-server\\src\\lib\\db.ts": {"path":"D:\\onlinewebsites\\quiz-platform\\apps\\api-server\\src\\lib\\db.ts","statementMap":{"0":{"start":{"line":4,"column":23},"end":{"line":4,"column":null}},"1":{"start":{"line":5,"column":22},"end":{"line":5,"column":null}},"2":{"start":{"line":8,"column":2},"end":{"line":10,"column":null}},"3":{"start":{"line":15,"column":13},"end":{"line":15,"column":null}},"4":{"start":{"line":22,"column":2},"end":{"line":24,"column":null}}},"fnMap":{},"branchMap":{"0":{"loc":{"start":{"line":8,"column":2},"end":{"line":10,"column":null}},"type":"cond-expr","locations":[{"start":{"line":9,"column":6},"end":{"line":9,"column":null}},{"start":{"line":10,"column":6},"end":{"line":10,"column":null}}],"line":8},"1":{"loc":{"start":{"line":8,"column":2},"end":{"line":8,"column":null}},"type":"binary-expr","locations":[{"start":{"line":8,"column":2},"end":{"line":8,"column":34}},{"start":{"line":8,"column":34},"end":{"line":8,"column":61}},{"start":{"line":8,"column":61},"end":{"line":8,"column":null}}],"line":8},"2":{"loc":{"start":{"line":22,"column":2},"end":{"line":24,"column":null}},"type":"cond-expr","locations":[{"start":{"line":22,"column":77},"end":{"line":23,"column":null}},{"start":{"line":24,"column":6},"end":{"line":24,"column":null}}],"line":22},"3":{"loc":{"start":{"line":22,"column":2},"end":{"line":22,"column":null}},"type":"binary-expr","locations":[{"start":{"line":22,"column":2},"end":{"line":22,"column":33}},{"start":{"line":22,"column":33},"end":{"line":22,"column":59}},{"start":{"line":22,"column":59},"end":{"line":22,"column":null}}],"line":22}},"s":{"0":63,"1":63,"2":63,"3":63,"4":63},"f":{},"b":{"0":[60,3],"1":[63,4,4],"2":[1,62],"3":[63,1,1]},"meta":{"lastBranch":4,"lastFunction":0,"lastStatement":5,"seen":{"s:4:23:4:Infinity":0,"s:5:22:5:Infinity":1,"s:8:2:10:Infinity":2,"b:9:6:9:Infinity:10:6:10:Infinity":0,"b:8:2:8:34:8:34:8:61:8:61:8:Infinity":1,"s:15:13:15:Infinity":3,"s:22:2:24:Infinity":4,"b:22:77:23:Infinity:24:6:24:Infinity":2,"b:22:2:22:33:22:33:22:59:22:59:22:Infinity":3}}}
,"D:\\onlinewebsites\\quiz-platform\\apps\\api-server\\src\\lib\\metrics.ts": {"path":"D:\\onlinewebsites\\quiz-platform\\apps\\api-server\\src\\lib\\metrics.ts","statementMap":{"0":{"start":{"line":11,"column":21},"end":{"line":44,"column":null}},"1":{"start":{"line":12,"column":2},"end":{"line":12,"column":null}},"2":{"start":{"line":12,"column":13},"end":{"line":12,"column":null}},"3":{"start":{"line":13,"column":38},"end":{"line":13,"column":null}},"4":{"start":{"line":16,"column":18},"end":{"line":16,"column":null}},"5":{"start":{"line":18,"column":2},"end":{"line":42,"column":null}},"6":{"start":{"line":19,"column":4},"end":{"line":19,"column":null}},"7":{"start":{"line":19,"column":39},"end":{"line":19,"column":null}},"8":{"start":{"line":22,"column":21},"end":{"line":22,"column":null}},"9":{"start":{"line":23,"column":22},"end":{"line":26,"column":null}},"10":{"start":{"line":28,"column":4},"end":{"line":31,"column":null}},"11":{"start":{"line":29,"column":6},"end":{"line":29,"column":null}},"12":{"start":{"line":30,"column":6},"end":{"line":30,"column":null}},"13":{"start":{"line":34,"column":4},"end":{"line":41,"column":null}},"14":{"start":{"line":35,"column":23},"end":{"line":37,"column":null}},"15":{"start":{"line":38,"column":6},"end":{"line":38,"column":null}},"16":{"start":{"line":40,"column":6},"end":{"line":40,"column":null}},"17":{"start":{"line":43,"column":2},"end":{"line":43,"column":null}},"18":{"start":{"line":46,"column":13},"end":{"line":84,"column":null}},"19":{"start":{"line":47,"column":19},"end":{"line":47,"column":null}},"20":{"start":{"line":50,"column":2},"end":{"line":55,"column":null}},"21":{"start":{"line":58,"column":2},"end":{"line":83,"column":null}},"22":{"start":{"line":63,"column":24},"end":{"line":63,"column":null}},"23":{"start":{"line":64,"column":4},"end":{"line":79,"column":null}},"24":{"start":{"line":65,"column":22},"end":{"line":65,"column":null}},"25":{"start":{"line":66,"column":6},"end":{"line":70,"column":null}},"26":{"start":{"line":67,"column":8},"end":{"line":67,"column":null}},"27":{"start":{"line":69,"column":8},"end":{"line":69,"column":null}},"28":{"start":{"line":73,"column":6},"end":{"line":78,"column":null}},"29":{"start":{"line":82,"column":4},"end":{"line":82,"column":null}},"30":{"start":{"line":86,"column":29},"end":{"line":91,"column":null}},"31":{"start":{"line":87,"column":2},"end":{"line":87,"column":null}},"32":{"start":{"line":88,"column":2},"end":{"line":90,"column":null}},"33":{"start":{"line":89,"column":4},"end":{"line":89,"column":null}},"34":{"start":{"line":93,"column":27},"end":{"line":98,"column":null}},"35":{"start":{"line":94,"column":2},"end":{"line":94,"column":null}},"36":{"start":{"line":95,"column":2},"end":{"line":97,"column":null}},"37":{"start":{"line":96,"column":4},"end":{"line":96,"column":null}}},"fnMap":{"0":{"name":"(anonymous_0)","decl":{"start":{"line":11,"column":21},"end":{"line":11,"column":22}},"loc":{"start":{"line":11,"column":62},"end":{"line":44,"column":null}},"line":11},"1":{"name":"(anonymous_1)","decl":{"start":{"line":46,"column":13},"end":{"line":46,"column":14}},"loc":{"start":{"line":46,"column":61},"end":{"line":84,"column":null}},"line":46},"2":{"name":"(anonymous_2)","decl":{"start":{"line":86,"column":29},"end":{"line":86,"column":30}},"loc":{"start":{"line":86,"column":79},"end":{"line":91,"column":null}},"line":86},"3":{"name":"(anonymous_3)","decl":{"start":{"line":93,"column":27},"end":{"line":93,"column":28}},"loc":{"start":{"line":93,"column":78},"end":{"line":98,"column":null}},"line":93}},"branchMap":{"0":{"loc":{"start":{"line":12,"column":2},"end":{"line":12,"column":null}},"type":"if","locations":[{"start":{"line":12,"column":2},"end":{"line":12,"column":null}},{"start":{},"end":{}}],"line":12},"1":{"loc":{"start":{"line":19,"column":4},"end":{"line":19,"column":null}},"type":"if","locations":[{"start":{"line":19,"column":4},"end":{"line":19,"column":null}},{"start":{},"end":{}}],"line":19},"2":{"loc":{"start":{"line":19,"column":8},"end":{"line":19,"column":39}},"type":"binary-expr","locations":[{"start":{"line":19,"column":8},"end":{"line":19,"column":27}},{"start":{"line":19,"column":27},"end":{"line":19,"column":39}}],"line":19},"3":{"loc":{"start":{"line":23,"column":22},"end":{"line":26,"column":null}},"type":"binary-expr","locations":[{"start":{"line":23,"column":22},"end":{"line":23,"column":null}},{"start":{"line":24,"column":22},"end":{"line":24,"column":null}},{"start":{"line":25,"column":22},"end":{"line":25,"column":null}},{"start":{"line":26,"column":22},"end":{"line":26,"column":null}}],"line":23},"4":{"loc":{"start":{"line":28,"column":4},"end":{"line":31,"column":null}},"type":"if","locations":[{"start":{"line":28,"column":4},"end":{"line":31,"column":null}},{"start":{},"end":{}}],"line":28},"5":{"loc":{"start":{"line":28,"column":8},"end":{"line":28,"column":192}},"type":"binary-expr","locations":[{"start":{"line":28,"column":8},"end":{"line":28,"column":21}},{"start":{"line":28,"column":21},"end":{"line":28,"column":40}},{"start":{"line":28,"column":40},"end":{"line":28,"column":59}},{"start":{"line":28,"column":59},"end":{"line":28,"column":74}},{"start":{"line":28,"column":74},"end":{"line":28,"column":93}},{"start":{"line":28,"column":93},"end":{"line":28,"column":110}},{"start":{"line":28,"column":110},"end":{"line":28,"column":131}},{"start":{"line":28,"column":131},"end":{"line":28,"column":152}},{"start":{"line":28,"column":152},"end":{"line":28,"column":173}},{"start":{"line":28,"column":173},"end":{"line":28,"column":192}}],"line":28},"6":{"loc":{"start":{"line":34,"column":4},"end":{"line":41,"column":null}},"type":"if","locations":[{"start":{"line":34,"column":4},"end":{"line":41,"column":null}},{"start":{"line":39,"column":11},"end":{"line":41,"column":null}}],"line":34},"7":{"loc":{"start":{"line":64,"column":4},"end":{"line":79,"column":null}},"type":"if","locations":[{"start":{"line":64,"column":4},"end":{"line":79,"column":null}},{"start":{"line":71,"column":11},"end":{"line":79,"column":null}}],"line":64},"8":{"loc":{"start":{"line":66,"column":6},"end":{"line":70,"column":null}},"type":"if","locations":[{"start":{"line":66,"column":6},"end":{"line":70,"column":null}},{"start":{"line":68,"column":13},"end":{"line":70,"column":null}}],"line":66},"9":{"loc":{"start":{"line":86,"column":44},"end":{"line":86,"column":63}},"type":"default-arg","locations":[{"start":{"line":86,"column":60},"end":{"line":86,"column":63}}],"line":86},"10":{"loc":{"start":{"line":88,"column":2},"end":{"line":90,"column":null}},"type":"if","locations":[{"start":{"line":88,"column":2},"end":{"line":90,"column":null}},{"start":{},"end":{}}],"line":88},"11":{"loc":{"start":{"line":95,"column":2},"end":{"line":97,"column":null}},"type":"if","locations":[{"start":{"line":95,"column":2},"end":{"line":97,"column":null}},{"start":{},"end":{}}],"line":95}},"s":{"0":64,"1":232,"2":142,"3":90,"4":90,"5":90,"6":102,"7":4,"8":98,"9":98,"10":102,"11":4,"12":4,"13":94,"14":92,"15":92,"16":2,"17":90,"18":64,"19":232,"20":232,"21":232,"22":232,"23":232,"24":224,"25":224,"26":150,"27":74,"28":8,"29":150,"30":64,"31":60,"32":60,"33":59,"34":64,"35":57,"36":57,"37":56},"f":{"0":232,"1":232,"2":60,"3":57},"b":{"0":[142,90],"1":[4,98],"2":[102,100],"3":[98,94,94,94],"4":[4,98],"5":[102,4,4,4,4,4,4,4,4,4],"6":[92,2],"7":[224,8],"8":[150,74],"9":[60],"10":[59,1],"11":[56,1]},"meta":{"lastBranch":12,"lastFunction":4,"lastStatement":38,"seen":{"s:11:21:44:Infinity":0,"f:11:21:11:22":0,"b:12:2:12:Infinity:undefined:undefined:undefined:undefined":0,"s:12:2:12:Infinity":1,"s:12:13:12:Infinity":2,"s:13:38:13:Infinity":3,"s:16:18:16:Infinity":4,"s:18:2:42:Infinity":5,"b:19:4:19:Infinity:undefined:undefined:undefined:undefined":1,"s:19:4:19:Infinity":6,"b:19:8:19:27:19:27:19:39":2,"s:19:39:19:Infinity":7,"s:22:21:22:Infinity":8,"s:23:22:26:Infinity":9,"b:23:22:23:Infinity:24:22:24:Infinity:25:22:25:Infinity:26:22:26:Infinity":3,"b:28:4:31:Infinity:undefined:undefined:undefined:undefined":4,"s:28:4:31:Infinity":10,"b:28:8:28:21:28:21:28:40:28:40:28:59:28:59:28:74:28:74:28:93:28:93:28:110:28:110:28:131:28:131:28:152:28:152:28:173:28:173:28:192":5,"s:29:6:29:Infinity":11,"s:30:6:30:Infinity":12,"b:34:4:41:Infinity:39:11:41:Infinity":6,"s:34:4:41:Infinity":13,"s:35:23:37:Infinity":14,"s:38:6:38:Infinity":15,"s:40:6:40:Infinity":16,"s:43:2:43:Infinity":17,"s:46:13:84:Infinity":18,"f:46:13:46:14":1,"s:47:19:47:Infinity":19,"s:50:2:55:Infinity":20,"s:58:2:83:Infinity":21,"s:63:24:63:Infinity":22,"b:64:4:79:Infinity:71:11:79:Infinity":7,"s:64:4:79:Infinity":23,"s:65:22:65:Infinity":24,"b:66:6:70:Infinity:68:13:70:Infinity":8,"s:66:6:70:Infinity":25,"s:67:8:67:Infinity":26,"s:69:8:69:Infinity":27,"s:73:6:78:Infinity":28,"s:82:4:82:Infinity":29,"s:86:29:91:Infinity":30,"f:86:29:86:30":2,"b:86:60:86:63":9,"s:87:2:87:Infinity":31,"b:88:2:90:Infinity:undefined:undefined:undefined:undefined":10,"s:88:2:90:Infinity":32,"s:89:4:89:Infinity":33,"s:93:27:98:Infinity":34,"f:93:27:93:28":3,"s:94:2:94:Infinity":35,"b:95:2:97:Infinity:undefined:undefined:undefined:undefined":11,"s:95:2:97:Infinity":36,"s:96:4:96:Infinity":37}}}
,"D:\\onlinewebsites\\quiz-platform\\apps\\api-server\\src\\lib\\redis.ts": {"path":"D:\\onlinewebsites\\quiz-platform\\apps\\api-server\\src\\lib\\redis.ts","statementMap":{"0":{"start":{"line":4,"column":21},"end":{"line":7,"column":null}}},"fnMap":{},"branchMap":{},"s":{"0":58},"f":{},"b":{},"meta":{"lastBranch":0,"lastFunction":0,"lastStatement":1,"seen":{"s:4:21:7:Infinity":0}}}
,"D:\\onlinewebsites\\quiz-platform\\apps\\api-server\\src\\lib\\trace.context.ts": {"path":"D:\\onlinewebsites\\quiz-platform\\apps\\api-server\\src\\lib\\trace.context.ts","statementMap":{"0":{"start":{"line":7,"column":21},"end":{"line":7,"column":null}},"1":{"start":{"line":15,"column":2},"end":{"line":15,"column":null}},"2":{"start":{"line":22,"column":16},"end":{"line":22,"column":null}},"3":{"start":{"line":23,"column":2},"end":{"line":23,"column":null}}},"fnMap":{"0":{"name":"runWithTrace","decl":{"start":{"line":14,"column":16},"end":{"line":14,"column":32}},"loc":{"start":{"line":14,"column":77},"end":{"line":16,"column":null}},"line":14},"1":{"name":"getCorrelationId","decl":{"start":{"line":21,"column":16},"end":{"line":21,"column":55}},"loc":{"start":{"line":21,"column":55},"end":{"line":24,"column":null}},"line":21}},"branchMap":{},"s":{"0":2,"1":4,"2":10,"3":10},"f":{"0":4,"1":10},"b":{},"meta":{"lastBranch":0,"lastFunction":2,"lastStatement":4,"seen":{"s:7:21:7:Infinity":0,"f:14:16:14:32":0,"s:15:2:15:Infinity":1,"f:21:16:21:55":1,"s:22:16:22:Infinity":2,"s:23:2:23:Infinity":3}}}
,"D:\\onlinewebsites\\quiz-platform\\apps\\api-server\\src\\lib\\tracer.ts": {"path":"D:\\onlinewebsites\\quiz-platform\\apps\\api-server\\src\\lib\\tracer.ts","statementMap":{"0":{"start":{"line":8,"column":22},"end":{"line":8,"column":null}},"1":{"start":{"line":25,"column":2},"end":{"line":41,"column":null}},"2":{"start":{"line":26,"column":4},"end":{"line":40,"column":null}},"3":{"start":{"line":27,"column":21},"end":{"line":27,"column":null}},"4":{"start":{"line":28,"column":6},"end":{"line":28,"column":null}},"5":{"start":{"line":29,"column":6},"end":{"line":29,"column":null}},"6":{"start":{"line":31,"column":6},"end":{"line":31,"column":null}},"7":{"start":{"line":32,"column":6},"end":{"line":35,"column":null}},"8":{"start":{"line":37,"column":6},"end":{"line":37,"column":null}},"9":{"start":{"line":39,"column":6},"end":{"line":39,"column":null}}},"fnMap":{"0":{"name":"withSpan","decl":{"start":{"line":20,"column":22},"end":{"line":20,"column":null}},"loc":{"start":{"line":24,"column":14},"end":{"line":42,"column":null}},"line":24},"1":{"name":"(anonymous_1)","decl":{"start":{"line":25,"column":53},"end":{"line":25,"column":60}},"loc":{"start":{"line":25,"column":69},"end":{"line":41,"column":3}},"line":25}},"branchMap":{"0":{"loc":{"start":{"line":25,"column":38},"end":{"line":25,"column":53}},"type":"binary-expr","locations":[{"start":{"line":25,"column":38},"end":{"line":25,"column":49}},{"start":{"line":25,"column":49},"end":{"line":25,"column":53}}],"line":25},"1":{"loc":{"start":{"line":31,"column":27},"end":{"line":31,"column":84}},"type":"cond-expr","locations":[{"start":{"line":31,"column":52},"end":{"line":31,"column":60}},{"start":{"line":31,"column":60},"end":{"line":31,"column":84}}],"line":31},"2":{"loc":{"start":{"line":34,"column":17},"end":{"line":34,"column":null}},"type":"cond-expr","locations":[{"start":{"line":34,"column":42},"end":{"line":34,"column":58}},{"start":{"line":34,"column":58},"end":{"line":34,"column":null}}],"line":34}},"s":{"0":88,"1":226,"2":226,"3":226,"4":166,"5":166,"6":60,"7":60,"8":60,"9":226},"f":{"0":226,"1":226},"b":{"0":[226,225],"1":[56,4],"2":[56,4]},"meta":{"lastBranch":3,"lastFunction":2,"lastStatement":10,"seen":{"s:8:22:8:Infinity":0,"f:20:22:20:Infinity":0,"s:25:2:41:Infinity":1,"b:25:38:25:49:25:49:25:53":0,"f:25:53:25:60":1,"s:26:4:40:Infinity":2,"s:27:21:27:Infinity":3,"s:28:6:28:Infinity":4,"s:29:6:29:Infinity":5,"s:31:6:31:Infinity":6,"b:31:52:31:60:31:60:31:84":1,"s:32:6:35:Infinity":7,"b:34:42:34:58:34:58:34:Infinity":2,"s:37:6:37:Infinity":8,"s:39:6:39:Infinity":9}}}
,"D:\\onlinewebsites\\quiz-platform\\apps\\api-server\\src\\lib\\withLogging.ts": {"path":"D:\\onlinewebsites\\quiz-platform\\apps\\api-server\\src\\lib\\withLogging.ts","statementMap":{"0":{"start":{"line":24,"column":2},"end":{"line":27,"column":null}},"1":{"start":{"line":26,"column":4},"end":{"line":26,"column":null}},"2":{"start":{"line":28,"column":2},"end":{"line":30,"column":null}},"3":{"start":{"line":29,"column":4},"end":{"line":29,"column":null}},"4":{"start":{"line":31,"column":2},"end":{"line":41,"column":null}},"5":{"start":{"line":32,"column":41},"end":{"line":32,"column":null}},"6":{"start":{"line":33,"column":4},"end":{"line":39,"column":null}},"7":{"start":{"line":34,"column":6},"end":{"line":38,"column":null}},"8":{"start":{"line":35,"column":8},"end":{"line":35,"column":null}},"9":{"start":{"line":37,"column":8},"end":{"line":37,"column":null}},"10":{"start":{"line":40,"column":4},"end":{"line":40,"column":null}},"11":{"start":{"line":42,"column":2},"end":{"line":42,"column":null}},"12":{"start":{"line":46,"column":4},"end":{"line":112,"column":null}},"13":{"start":{"line":47,"column":22},"end":{"line":47,"column":null}},"14":{"start":{"line":48,"column":26},"end":{"line":48,"column":null}},"15":{"start":{"line":49,"column":28},"end":{"line":53,"column":null}},"16":{"start":{"line":55,"column":8},"end":{"line":111,"column":null}},"17":{"start":{"line":56,"column":29},"end":{"line":56,"column":null}},"18":{"start":{"line":57,"column":27},"end":{"line":57,"column":null}},"19":{"start":{"line":58,"column":31},"end":{"line":58,"column":null}},"20":{"start":{"line":59,"column":28},"end":{"line":59,"column":null}},"21":{"start":{"line":62,"column":12},"end":{"line":82,"column":null}},"22":{"start":{"line":63,"column":16},"end":{"line":71,"column":null}},"23":{"start":{"line":72,"column":12},"end":{"line":82,"column":null}},"24":{"start":{"line":73,"column":16},"end":{"line":81,"column":null}},"25":{"start":{"line":85,"column":28},"end":{"line":85,"column":null}},"26":{"start":{"line":86,"column":12},"end":{"line":86,"column":null}},"27":{"start":{"line":87,"column":12},"end":{"line":91,"column":null}},"28":{"start":{"line":93,"column":31},"end":{"line":93,"column":null}},"29":{"start":{"line":94,"column":27},"end":{"line":94,"column":null}},"30":{"start":{"line":95,"column":28},"end":{"line":95,"column":null}},"31":{"start":{"line":97,"column":12},"end":{"line":107,"column":null}},"32":{"start":{"line":109,"column":25},"end":{"line":109,"column":null}},"33":{"start":{"line":110,"column":12},"end":{"line":110,"column":null}},"34":{"start":{"line":116,"column":24},"end":{"line":116,"column":null}}},"fnMap":{"0":{"name":"scrub","decl":{"start":{"line":23,"column":9},"end":{"line":23,"column":15}},"loc":{"start":{"line":23,"column":40},"end":{"line":43,"column":null}},"line":23},"1":{"name":"withLogging","decl":{"start":{"line":45,"column":16},"end":{"line":45,"column":41}},"loc":{"start":{"line":45,"column":110},"end":{"line":113,"column":null}},"line":45},"2":{"name":"(anonymous_2)","decl":{"start":{"line":46,"column":11},"end":{"line":46,"column":18}},"loc":{"start":{"line":46,"column":55},"end":{"line":112,"column":null}},"line":46}},"branchMap":{"0":{"loc":{"start":{"line":24,"column":2},"end":{"line":27,"column":null}},"type":"if","locations":[{"start":{"line":24,"column":2},"end":{"line":27,"column":null}},{"start":{},"end":{}}],"line":24},"1":{"loc":{"start":{"line":28,"column":2},"end":{"line":30,"column":null}},"type":"if","locations":[{"start":{"line":28,"column":2},"end":{"line":30,"column":null}},{"start":{},"end":{}}],"line":28},"2":{"loc":{"start":{"line":31,"column":2},"end":{"line":41,"column":null}},"type":"if","locations":[{"start":{"line":31,"column":2},"end":{"line":41,"column":null}},{"start":{},"end":{}}],"line":31},"3":{"loc":{"start":{"line":31,"column":6},"end":{"line":31,"column":51}},"type":"binary-expr","locations":[{"start":{"line":31,"column":6},"end":{"line":31,"column":35}},{"start":{"line":31,"column":35},"end":{"line":31,"column":51}}],"line":31},"4":{"loc":{"start":{"line":34,"column":6},"end":{"line":38,"column":null}},"type":"if","locations":[{"start":{"line":34,"column":6},"end":{"line":38,"column":null}},{"start":{"line":36,"column":13},"end":{"line":38,"column":null}}],"line":34},"5":{"loc":{"start":{"line":45,"column":67},"end":{"line":45,"column":110}},"type":"default-arg","locations":[{"start":{"line":45,"column":89},"end":{"line":45,"column":110}}],"line":45},"6":{"loc":{"start":{"line":48,"column":26},"end":{"line":48,"column":null}},"type":"binary-expr","locations":[{"start":{"line":48,"column":26},"end":{"line":48,"column":65}},{"start":{"line":48,"column":65},"end":{"line":48,"column":null}}],"line":48},"7":{"loc":{"start":{"line":57,"column":27},"end":{"line":57,"column":null}},"type":"binary-expr","locations":[{"start":{"line":57,"column":27},"end":{"line":57,"column":46}},{"start":{"line":57,"column":46},"end":{"line":57,"column":null}}],"line":57},"8":{"loc":{"start":{"line":59,"column":28},"end":{"line":59,"column":null}},"type":"cond-expr","locations":[{"start":{"line":59,"column":44},"end":{"line":59,"column":56}},{"start":{"line":59,"column":56},"end":{"line":59,"column":null}}],"line":59},"9":{"loc":{"start":{"line":59,"column":56},"end":{"line":59,"column":null}},"type":"cond-expr","locations":[{"start":{"line":59,"column":72},"end":{"line":59,"column":84}},{"start":{"line":59,"column":84},"end":{"line":59,"column":null}}],"line":59},"10":{"loc":{"start":{"line":62,"column":12},"end":{"line":82,"column":null}},"type":"if","locations":[{"start":{"line":62,"column":12},"end":{"line":82,"column":null}},{"start":{"line":72,"column":12},"end":{"line":82,"column":null}}],"line":62},"11":{"loc":{"start":{"line":62,"column":16},"end":{"line":62,"column":47}},"type":"binary-expr","locations":[{"start":{"line":62,"column":16},"end":{"line":62,"column":33}},{"start":{"line":62,"column":33},"end":{"line":62,"column":47}}],"line":62},"12":{"loc":{"start":{"line":70,"column":31},"end":{"line":70,"column":null}},"type":"binary-expr","locations":[{"start":{"line":70,"column":31},"end":{"line":70,"column":52}},{"start":{"line":70,"column":52},"end":{"line":70,"column":null}}],"line":70},"13":{"loc":{"start":{"line":72,"column":12},"end":{"line":82,"column":null}},"type":"if","locations":[{"start":{"line":72,"column":12},"end":{"line":82,"column":null}},{"start":{},"end":{}}],"line":72},"14":{"loc":{"start":{"line":80,"column":31},"end":{"line":80,"column":null}},"type":"binary-expr","locations":[{"start":{"line":80,"column":31},"end":{"line":80,"column":52}},{"start":{"line":80,"column":52},"end":{"line":80,"column":null}}],"line":80},"15":{"loc":{"start":{"line":104,"column":27},"end":{"line":104,"column":null}},"type":"binary-expr","locations":[{"start":{"line":104,"column":27},"end":{"line":104,"column":48}},{"start":{"line":104,"column":48},"end":{"line":104,"column":null}}],"line":104},"16":{"loc":{"start":{"line":105,"column":23},"end":{"line":105,"column":null}},"type":"cond-expr","locations":[{"start":{"line":105,"column":46},"end":{"line":105,"column":67}},{"start":{"line":105,"column":67},"end":{"line":105,"column":null}}],"line":105},"17":{"loc":{"start":{"line":106,"column":23},"end":{"line":106,"column":null}},"type":"cond-expr","locations":[{"start":{"line":106,"column":57},"end":{"line":106,"column":76}},{"start":{"line":106,"column":76},"end":{"line":106,"column":null}}],"line":106},"18":{"loc":{"start":{"line":106,"column":23},"end":{"line":106,"column":57}},"type":"binary-expr","locations":[{"start":{"line":106,"column":23},"end":{"line":106,"column":34}},{"start":{"line":106,"column":34},"end":{"line":106,"column":57}}],"line":106}},"s":{"0":14,"1":9,"2":5,"3":2,"4":3,"5":1,"6":1,"7":3,"8":2,"9":1,"10":1,"11":2,"12":8,"13":8,"14":8,"15":8,"16":8,"17":8,"18":4,"19":8,"20":8,"21":8,"22":1,"23":3,"24":1,"25":4,"26":4,"27":4,"28":4,"29":4,"30":4,"31":4,"32":4,"33":4,"34":2},"f":{"0":14,"1":8,"2":8},"b":{"0":[9,5],"1":[2,3],"2":[1,2],"3":[3,1],"4":[2,1],"5":[8],"6":[8,7],"7":[4,1],"8":[1,3],"9":[1,2],"10":[1,3],"11":[8,2],"12":[1,1],"13":[1,2],"14":[1,1],"15":[4,3],"16":[3,1],"17":[2,2],"18":[4,3]},"meta":{"lastBranch":19,"lastFunction":3,"lastStatement":35,"seen":{"f:23:9:23:15":0,"b:24:2:27:Infinity:undefined:undefined:undefined:undefined":0,"s:24:2:27:Infinity":0,"s:26:4:26:Infinity":1,"b:28:2:30:Infinity:undefined:undefined:undefined:undefined":1,"s:28:2:30:Infinity":2,"s:29:4:29:Infinity":3,"b:31:2:41:Infinity:undefined:undefined:undefined:undefined":2,"s:31:2:41:Infinity":4,"b:31:6:31:35:31:35:31:51":3,"s:32:41:32:Infinity":5,"s:33:4:39:Infinity":6,"b:34:6:38:Infinity:36:13:38:Infinity":4,"s:34:6:38:Infinity":7,"s:35:8:35:Infinity":8,"s:37:8:37:Infinity":9,"s:40:4:40:Infinity":10,"s:42:2:42:Infinity":11,"f:45:16:45:41":1,"b:45:89:45:110":5,"s:46:4:112:Infinity":12,"f:46:11:46:18":2,"s:47:22:47:Infinity":13,"s:48:26:48:Infinity":14,"b:48:26:48:65:48:65:48:Infinity":6,"s:49:28:53:Infinity":15,"s:55:8:111:Infinity":16,"s:56:29:56:Infinity":17,"s:57:27:57:Infinity":18,"b:57:27:57:46:57:46:57:Infinity":7,"s:58:31:58:Infinity":19,"s:59:28:59:Infinity":20,"b:59:44:59:56:59:56:59:Infinity":8,"b:59:72:59:84:59:84:59:Infinity":9,"b:62:12:82:Infinity:72:12:82:Infinity":10,"s:62:12:82:Infinity":21,"b:62:16:62:33:62:33:62:47":11,"s:63:16:71:Infinity":22,"b:70:31:70:52:70:52:70:Infinity":12,"b:72:12:82:Infinity:undefined:undefined:undefined:undefined":13,"s:72:12:82:Infinity":23,"s:73:16:81:Infinity":24,"b:80:31:80:52:80:52:80:Infinity":14,"s:85:28:85:Infinity":25,"s:86:12:86:Infinity":26,"s:87:12:91:Infinity":27,"s:93:31:93:Infinity":28,"s:94:27:94:Infinity":29,"s:95:28:95:Infinity":30,"s:97:12:107:Infinity":31,"b:104:27:104:48:104:48:104:Infinity":15,"b:105:46:105:67:105:67:105:Infinity":16,"b:106:57:106:76:106:76:106:Infinity":17,"b:106:23:106:34:106:34:106:57":18,"s:109:25:109:Infinity":32,"s:110:12:110:Infinity":33,"s:116:24:116:Infinity":34}}}
,"D:\\onlinewebsites\\quiz-platform\\apps\\api-server\\src\\modules\\adaptive-engine\\adaptive-tutor.service.ts": {"path":"D:\\onlinewebsites\\quiz-platform\\apps\\api-server\\src\\modules\\adaptive-engine\\adaptive-tutor.service.ts","statementMap":{"0":{"start":{"line":26,"column":31},"end":{"line":26,"column":44}},"1":{"start":{"line":24,"column":2},"end":{"line":24,"column":null}},"2":{"start":{"line":35,"column":4},"end":{"line":117,"column":null}},"3":{"start":{"line":36,"column":6},"end":{"line":36,"column":null}},"4":{"start":{"line":38,"column":23},"end":{"line":38,"column":null}},"5":{"start":{"line":39,"column":26},"end":{"line":39,"column":null}},"6":{"start":{"line":39,"column":56},"end":{"line":39,"column":79}},"7":{"start":{"line":42,"column":24},"end":{"line":42,"column":null}},"8":{"start":{"line":42,"column":59},"end":{"line":42,"column":74}},"9":{"start":{"line":43,"column":4},"end":{"line":43,"column":null}},"10":{"start":{"line":43,"column":34},"end":{"line":43,"column":null}},"11":{"start":{"line":46,"column":19},"end":{"line":47,"column":null}},"12":{"start":{"line":47,"column":6},"end":{"line":47,"column":null}},"13":{"start":{"line":49,"column":19},"end":{"line":49,"column":null}},"14":{"start":{"line":49,"column":42},"end":{"line":49,"column":51}},"15":{"start":{"line":50,"column":21},"end":{"line":50,"column":null}},"16":{"start":{"line":50,"column":44},"end":{"line":50,"column":53}},"17":{"start":{"line":50,"column":70},"end":{"line":50,"column":81}},"18":{"start":{"line":52,"column":40},"end":{"line":59,"column":null}},"19":{"start":{"line":61,"column":24},"end":{"line":63,"column":null}},"20":{"start":{"line":62,"column":30},"end":{"line":62,"column":54}},"21":{"start":{"line":64,"column":26},"end":{"line":68,"column":null}},"22":{"start":{"line":66,"column":23},"end":{"line":66,"column":70}},"23":{"start":{"line":67,"column":20},"end":{"line":67,"column":56}},"24":{"start":{"line":70,"column":37},"end":{"line":70,"column":null}},"25":{"start":{"line":72,"column":4},"end":{"line":112,"column":null}},"26":{"start":{"line":73,"column":27},"end":{"line":73,"column":null}},"27":{"start":{"line":75,"column":8},"end":{"line":77,"column":null}},"28":{"start":{"line":79,"column":47},"end":{"line":79,"column":null}},"29":{"start":{"line":80,"column":18},"end":{"line":80,"column":null}},"30":{"start":{"line":81,"column":27},"end":{"line":81,"column":null}},"31":{"start":{"line":83,"column":6},"end":{"line":95,"column":null}},"32":{"start":{"line":84,"column":8},"end":{"line":84,"column":null}},"33":{"start":{"line":85,"column":8},"end":{"line":85,"column":null}},"34":{"start":{"line":86,"column":8},"end":{"line":86,"column":null}},"35":{"start":{"line":87,"column":6},"end":{"line":95,"column":null}},"36":{"start":{"line":88,"column":8},"end":{"line":88,"column":null}},"37":{"start":{"line":89,"column":8},"end":{"line":89,"column":null}},"38":{"start":{"line":90,"column":8},"end":{"line":90,"column":null}},"39":{"start":{"line":92,"column":8},"end":{"line":92,"column":null}},"40":{"start":{"line":93,"column":8},"end":{"line":93,"column":null}},"41":{"start":{"line":94,"column":8},"end":{"line":94,"column":null}},"42":{"start":{"line":97,"column":6},"end":{"line":111,"column":null}},"43":{"start":{"line":114,"column":4},"end":{"line":116,"column":null}},"44":{"start":{"line":115,"column":24},"end":{"line":115,"column":59}},"45":{"start":{"line":124,"column":4},"end":{"line":158,"column":null}},"46":{"start":{"line":125,"column":6},"end":{"line":125,"column":null}},"47":{"start":{"line":126,"column":6},"end":{"line":126,"column":null}},"48":{"start":{"line":127,"column":20},"end":{"line":129,"column":null}},"49":{"start":{"line":131,"column":31},"end":{"line":131,"column":null}},"50":{"start":{"line":132,"column":21},"end":{"line":132,"column":null}},"51":{"start":{"line":133,"column":4},"end":{"line":135,"column":null}},"52":{"start":{"line":134,"column":6},"end":{"line":134,"column":null}},"53":{"start":{"line":138,"column":23},"end":{"line":140,"column":null}},"54":{"start":{"line":139,"column":36},"end":{"line":139,"column":null}},"55":{"start":{"line":143,"column":4},"end":{"line":153,"column":null}},"56":{"start":{"line":157,"column":4},"end":{"line":157,"column":null}},"57":{"start":{"line":163,"column":4},"end":{"line":163,"column":null}},"58":{"start":{"line":163,"column":32},"end":{"line":163,"column":null}},"59":{"start":{"line":164,"column":4},"end":{"line":164,"column":null}},"60":{"start":{"line":168,"column":4},"end":{"line":168,"column":null}},"61":{"start":{"line":172,"column":4},"end":{"line":172,"column":null}},"62":{"start":{"line":176,"column":4},"end":{"line":176,"column":null}}},"fnMap":{"0":{"name":"(anonymous_0)","decl":{"start":{"line":26,"column":2},"end":{"line":26,"column":31}},"loc":{"start":{"line":26,"column":48},"end":{"line":26,"column":null}},"line":26},"1":{"name":"(anonymous_1)","decl":{"start":{"line":31,"column":8},"end":{"line":31,"column":null}},"loc":{"start":{"line":34,"column":29},"end":{"line":118,"column":null}},"line":34},"2":{"name":"(anonymous_2)","decl":{"start":{"line":35,"column":61},"end":{"line":35,"column":68}},"loc":{"start":{"line":35,"column":77},"end":{"line":117,"column":5}},"line":35},"3":{"name":"(anonymous_3)","decl":{"start":{"line":39,"column":49},"end":{"line":39,"column":50}},"loc":{"start":{"line":39,"column":56},"end":{"line":39,"column":79}},"line":39},"4":{"name":"(anonymous_4)","decl":{"start":{"line":42,"column":52},"end":{"line":42,"column":53}},"loc":{"start":{"line":42,"column":59},"end":{"line":42,"column":74}},"line":42},"5":{"name":"(anonymous_5)","decl":{"start":{"line":46,"column":19},"end":{"line":46,"column":20}},"loc":{"start":{"line":47,"column":6},"end":{"line":47,"column":null}},"line":47},"6":{"name":"(anonymous_6)","decl":{"start":{"line":49,"column":35},"end":{"line":49,"column":36}},"loc":{"start":{"line":49,"column":42},"end":{"line":49,"column":51}},"line":49},"7":{"name":"(anonymous_7)","decl":{"start":{"line":50,"column":37},"end":{"line":50,"column":38}},"loc":{"start":{"line":50,"column":44},"end":{"line":50,"column":53}},"line":50},"8":{"name":"(anonymous_8)","decl":{"start":{"line":50,"column":62},"end":{"line":50,"column":63}},"loc":{"start":{"line":50,"column":70},"end":{"line":50,"column":81}},"line":50},"9":{"name":"(anonymous_9)","decl":{"start":{"line":62,"column":23},"end":{"line":62,"column":24}},"loc":{"start":{"line":62,"column":30},"end":{"line":62,"column":54}},"line":62},"10":{"name":"(anonymous_10)","decl":{"start":{"line":66,"column":16},"end":{"line":66,"column":17}},"loc":{"start":{"line":66,"column":23},"end":{"line":66,"column":70}},"line":66},"11":{"name":"(anonymous_11)","decl":{"start":{"line":67,"column":13},"end":{"line":67,"column":14}},"loc":{"start":{"line":67,"column":20},"end":{"line":67,"column":56}},"line":67},"12":{"name":"(anonymous_12)","decl":{"start":{"line":115,"column":12},"end":{"line":115,"column":13}},"loc":{"start":{"line":115,"column":24},"end":{"line":115,"column":59}},"line":115},"13":{"name":"(anonymous_13)","decl":{"start":{"line":123,"column":8},"end":{"line":123,"column":27}},"loc":{"start":{"line":123,"column":78},"end":{"line":159,"column":null}},"line":123},"14":{"name":"(anonymous_14)","decl":{"start":{"line":124,"column":63},"end":{"line":124,"column":70}},"loc":{"start":{"line":124,"column":79},"end":{"line":158,"column":5}},"line":124},"15":{"name":"(anonymous_15)","decl":{"start":{"line":139,"column":13},"end":{"line":139,"column":14}},"loc":{"start":{"line":139,"column":36},"end":{"line":139,"column":null}},"line":139},"16":{"name":"(anonymous_16)","decl":{"start":{"line":162,"column":17},"end":{"line":162,"column":31}},"loc":{"start":{"line":162,"column":31},"end":{"line":165,"column":null}},"line":162},"17":{"name":"(anonymous_17)","decl":{"start":{"line":167,"column":9},"end":{"line":167,"column":26}},"loc":{"start":{"line":167,"column":105},"end":{"line":169,"column":null}},"line":167},"18":{"name":"(anonymous_18)","decl":{"start":{"line":171,"column":9},"end":{"line":171,"column":28}},"loc":{"start":{"line":171,"column":61},"end":{"line":173,"column":null}},"line":171},"19":{"name":"(anonymous_19)","decl":{"start":{"line":175,"column":9},"end":{"line":175,"column":21}},"loc":{"start":{"line":175,"column":49},"end":{"line":177,"column":null}},"line":175}},"branchMap":{"0":{"loc":{"start":{"line":26,"column":31},"end":{"line":26,"column":48}},"type":"default-arg","locations":[{"start":{"line":26,"column":44},"end":{"line":26,"column":48}}],"line":26},"1":{"loc":{"start":{"line":43,"column":4},"end":{"line":43,"column":null}},"type":"if","locations":[{"start":{"line":43,"column":4},"end":{"line":43,"column":null}},{"start":{},"end":{}}],"line":43},"2":{"loc":{"start":{"line":53,"column":10},"end":{"line":55,"column":null}},"type":"cond-expr","locations":[{"start":{"line":54,"column":12},"end":{"line":54,"column":null}},{"start":{"line":55,"column":10},"end":{"line":55,"column":null}}],"line":53},"3":{"loc":{"start":{"line":56,"column":10},"end":{"line":58,"column":null}},"type":"cond-expr","locations":[{"start":{"line":57,"column":12},"end":{"line":57,"column":null}},{"start":{"line":58,"column":10},"end":{"line":58,"column":null}}],"line":56},"4":{"loc":{"start":{"line":66,"column":23},"end":{"line":66,"column":70}},"type":"binary-expr","locations":[{"start":{"line":66,"column":23},"end":{"line":66,"column":53}},{"start":{"line":66,"column":53},"end":{"line":66,"column":70}}],"line":66},"5":{"loc":{"start":{"line":73,"column":27},"end":{"line":73,"column":null}},"type":"binary-expr","locations":[{"start":{"line":73,"column":27},"end":{"line":73,"column":64}},{"start":{"line":73,"column":64},"end":{"line":73,"column":null}}],"line":73},"6":{"loc":{"start":{"line":75,"column":8},"end":{"line":77,"column":null}},"type":"binary-expr","locations":[{"start":{"line":75,"column":8},"end":{"line":75,"column":null}},{"start":{"line":76,"column":8},"end":{"line":76,"column":null}},{"start":{"line":77,"column":8},"end":{"line":77,"column":null}}],"line":75},"7":{"loc":{"start":{"line":83,"column":6},"end":{"line":95,"column":null}},"type":"if","locations":[{"start":{"line":83,"column":6},"end":{"line":95,"column":null}},{"start":{"line":87,"column":6},"end":{"line":95,"column":null}}],"line":83},"8":{"loc":{"start":{"line":87,"column":6},"end":{"line":95,"column":null}},"type":"if","locations":[{"start":{"line":87,"column":6},"end":{"line":95,"column":null}},{"start":{"line":91,"column":13},"end":{"line":95,"column":null}}],"line":87},"9":{"loc":{"start":{"line":87,"column":17},"end":{"line":87,"column":60}},"type":"binary-expr","locations":[{"start":{"line":87,"column":17},"end":{"line":87,"column":41}},{"start":{"line":87,"column":41},"end":{"line":87,"column":60}}],"line":87},"10":{"loc":{"start":{"line":100,"column":10},"end":{"line":102,"column":null}},"type":"cond-expr","locations":[{"start":{"line":101,"column":14},"end":{"line":101,"column":null}},{"start":{"line":102,"column":14},"end":{"line":102,"column":null}}],"line":100},"11":{"loc":{"start":{"line":100,"column":10},"end":{"line":100,"column":null}},"type":"binary-expr","locations":[{"start":{"line":100,"column":10},"end":{"line":100,"column":47}},{"start":{"line":100,"column":47},"end":{"line":100,"column":null}}],"line":100},"12":{"loc":{"start":{"line":107,"column":10},"end":{"line":109,"column":null}},"type":"cond-expr","locations":[{"start":{"line":108,"column":14},"end":{"line":108,"column":null}},{"start":{"line":109,"column":14},"end":{"line":109,"column":null}}],"line":107},"13":{"loc":{"start":{"line":107,"column":10},"end":{"line":107,"column":null}},"type":"binary-expr","locations":[{"start":{"line":107,"column":10},"end":{"line":107,"column":54}},{"start":{"line":107,"column":54},"end":{"line":107,"column":null}}],"line":107},"14":{"loc":{"start":{"line":115,"column":24},"end":{"line":115,"column":59}},"type":"cond-expr","locations":[{"start":{"line":115,"column":52},"end":{"line":115,"column":57}},{"start":{"line":115,"column":57},"end":{"line":115,"column":59}}],"line":115},"15":{"loc":{"start":{"line":132,"column":21},"end":{"line":132,"column":null}},"type":"binary-expr","locations":[{"start":{"line":132,"column":21},"end":{"line":132,"column":62}},{"start":{"line":132,"column":62},"end":{"line":132,"column":null}}],"line":132},"16":{"loc":{"start":{"line":133,"column":4},"end":{"line":135,"column":null}},"type":"if","locations":[{"start":{"line":133,"column":4},"end":{"line":135,"column":null}},{"start":{},"end":{}}],"line":133},"17":{"loc":{"start":{"line":133,"column":8},"end":{"line":133,"column":29}},"type":"binary-expr","locations":[{"start":{"line":133,"column":8},"end":{"line":133,"column":18}},{"start":{"line":133,"column":18},"end":{"line":133,"column":29}}],"line":133},"18":{"loc":{"start":{"line":148,"column":8},"end":{"line":150,"column":null}},"type":"cond-expr","locations":[{"start":{"line":149,"column":12},"end":{"line":149,"column":null}},{"start":{"line":150,"column":12},"end":{"line":150,"column":null}}],"line":148},"19":{"loc":{"start":{"line":148,"column":8},"end":{"line":148,"column":null}},"type":"binary-expr","locations":[{"start":{"line":148,"column":8},"end":{"line":148,"column":49}},{"start":{"line":148,"column":49},"end":{"line":148,"column":null}}],"line":148},"20":{"loc":{"start":{"line":163,"column":4},"end":{"line":163,"column":null}},"type":"if","locations":[{"start":{"line":163,"column":4},"end":{"line":163,"column":null}},{"start":{},"end":{}}],"line":163}},"s":{"0":8,"1":58,"2":6,"3":6,"4":6,"5":6,"6":8,"7":6,"8":13,"9":6,"10":1,"11":5,"12":20,"13":5,"14":10,"15":5,"16":10,"17":10,"18":5,"19":6,"20":7,"21":6,"22":7,"23":6,"24":6,"25":6,"26":10,"27":10,"28":10,"29":10,"30":10,"31":10,"32":4,"33":4,"34":4,"35":6,"36":4,"37":4,"38":4,"39":2,"40":2,"41":2,"42":10,"43":5,"44":6,"45":9,"46":9,"47":9,"48":9,"49":9,"50":9,"51":9,"52":4,"53":5,"54":1,"55":5,"56":5,"57":14,"58":7,"59":14,"60":5,"61":9,"62":1},"f":{"0":8,"1":6,"2":6,"3":8,"4":13,"5":20,"6":10,"7":10,"8":10,"9":7,"10":7,"11":6,"12":6,"13":9,"14":9,"15":1,"16":58,"17":58,"18":58,"19":58},"b":{"0":[8],"1":[1,5],"2":[2,3],"3":[4,1],"4":[7,7],"5":[10,2],"6":[10,6,5],"7":[4,6],"8":[4,2],"9":[6,5],"10":[4,6],"11":[10,5],"12":[3,7],"13":[10,5],"14":[4,2],"15":[9,7],"16":[4,5],"17":[9,9],"18":[3,2],"19":[5,4],"20":[7,7]},"meta":{"lastBranch":21,"lastFunction":20,"lastStatement":63,"seen":{"f:26:2:26:31":0,"b:26:44:26:48":0,"s:26:31:26:44":0,"s:24:2:24:Infinity":1,"f:31:8:31:Infinity":1,"s:35:4:117:Infinity":2,"f:35:61:35:68":2,"s:36:6:36:Infinity":3,"s:38:23:38:Infinity":4,"s:39:26:39:Infinity":5,"f:39:49:39:50":3,"s:39:56:39:79":6,"s:42:24:42:Infinity":7,"f:42:52:42:53":4,"s:42:59:42:74":8,"b:43:4:43:Infinity:undefined:undefined:undefined:undefined":1,"s:43:4:43:Infinity":9,"s:43:34:43:Infinity":10,"s:46:19:47:Infinity":11,"f:46:19:46:20":5,"s:47:6:47:Infinity":12,"s:49:19:49:Infinity":13,"f:49:35:49:36":6,"s:49:42:49:51":14,"s:50:21:50:Infinity":15,"f:50:37:50:38":7,"s:50:44:50:53":16,"f:50:62:50:63":8,"s:50:70:50:81":17,"s:52:40:59:Infinity":18,"b:54:12:54:Infinity:55:10:55:Infinity":2,"b:57:12:57:Infinity:58:10:58:Infinity":3,"s:61:24:63:Infinity":19,"f:62:23:62:24":9,"s:62:30:62:54":20,"s:64:26:68:Infinity":21,"f:66:16:66:17":10,"s:66:23:66:70":22,"b:66:23:66:53:66:53:66:70":4,"f:67:13:67:14":11,"s:67:20:67:56":23,"s:70:37:70:Infinity":24,"s:72:4:112:Infinity":25,"s:73:27:73:Infinity":26,"b:73:27:73:64:73:64:73:Infinity":5,"s:75:8:77:Infinity":27,"b:75:8:75:Infinity:76:8:76:Infinity:77:8:77:Infinity":6,"s:79:47:79:Infinity":28,"s:80:18:80:Infinity":29,"s:81:27:81:Infinity":30,"b:83:6:95:Infinity:87:6:95:Infinity":7,"s:83:6:95:Infinity":31,"s:84:8:84:Infinity":32,"s:85:8:85:Infinity":33,"s:86:8:86:Infinity":34,"b:87:6:95:Infinity:91:13:95:Infinity":8,"s:87:6:95:Infinity":35,"b:87:17:87:41:87:41:87:60":9,"s:88:8:88:Infinity":36,"s:89:8:89:Infinity":37,"s:90:8:90:Infinity":38,"s:92:8:92:Infinity":39,"s:93:8:93:Infinity":40,"s:94:8:94:Infinity":41,"s:97:6:111:Infinity":42,"b:101:14:101:Infinity:102:14:102:Infinity":10,"b:100:10:100:47:100:47:100:Infinity":11,"b:108:14:108:Infinity:109:14:109:Infinity":12,"b:107:10:107:54:107:54:107:Infinity":13,"s:114:4:116:Infinity":43,"f:115:12:115:13":12,"s:115:24:115:59":44,"b:115:52:115:57:115:57:115:59":14,"f:123:8:123:27":13,"s:124:4:158:Infinity":45,"f:124:63:124:70":14,"s:125:6:125:Infinity":46,"s:126:6:126:Infinity":47,"s:127:20:129:Infinity":48,"s:131:31:131:Infinity":49,"s:132:21:132:Infinity":50,"b:132:21:132:62:132:62:132:Infinity":15,"b:133:4:135:Infinity:undefined:undefined:undefined:undefined":16,"s:133:4:135:Infinity":51,"b:133:8:133:18:133:18:133:29":17,"s:134:6:134:Infinity":52,"s:138:23:140:Infinity":53,"f:139:13:139:14":15,"s:139:36:139:Infinity":54,"s:143:4:153:Infinity":55,"b:149:12:149:Infinity:150:12:150:Infinity":18,"b:148:8:148:49:148:49:148:Infinity":19,"s:157:4:157:Infinity":56,"f:162:17:162:31":16,"b:163:4:163:Infinity:undefined:undefined:undefined:undefined":20,"s:163:4:163:Infinity":57,"s:163:32:163:Infinity":58,"s:164:4:164:Infinity":59,"f:167:9:167:26":17,"s:168:4:168:Infinity":60,"f:171:9:171:28":18,"s:172:4:172:Infinity":61,"f:175:9:175:21":19,"s:176:4:176:Infinity":62}}}
,"D:\\onlinewebsites\\quiz-platform\\apps\\api-server\\src\\modules\\admin-engine\\admin.analytics.engine.ts": {"path":"D:\\onlinewebsites\\quiz-platform\\apps\\api-server\\src\\modules\\admin-engine\\admin.analytics.engine.ts","statementMap":{"0":{"start":{"line":17,"column":21},"end":{"line":17,"column":61}},"1":{"start":{"line":21,"column":4},"end":{"line":21,"column":null}},"2":{"start":{"line":25,"column":19},"end":{"line":25,"column":null}},"3":{"start":{"line":27,"column":17},"end":{"line":30,"column":null}},"4":{"start":{"line":28,"column":6},"end":{"line":28,"column":null}},"5":{"start":{"line":29,"column":6},"end":{"line":29,"column":null}},"6":{"start":{"line":32,"column":4},"end":{"line":36,"column":null}},"7":{"start":{"line":34,"column":55},"end":{"line":34,"column":107}},"8":{"start":{"line":40,"column":19},"end":{"line":40,"column":null}},"9":{"start":{"line":42,"column":4},"end":{"line":49,"column":null}},"10":{"start":{"line":43,"column":39},"end":{"line":43,"column":63}},"11":{"start":{"line":44,"column":43},"end":{"line":44,"column":71}},"12":{"start":{"line":45,"column":36},"end":{"line":45,"column":57}},"13":{"start":{"line":46,"column":40},"end":{"line":46,"column":65}},"14":{"start":{"line":47,"column":38},"end":{"line":47,"column":62}},"15":{"start":{"line":48,"column":55},"end":{"line":48,"column":73}},"16":{"start":{"line":60,"column":8},"end":{"line":65,"column":null}},"17":{"start":{"line":69,"column":19},"end":{"line":69,"column":null}},"18":{"start":{"line":70,"column":20},"end":{"line":70,"column":null}},"19":{"start":{"line":75,"column":55},"end":{"line":79,"column":null}},"20":{"start":{"line":85,"column":24},"end":{"line":85,"column":null}},"21":{"start":{"line":86,"column":25},"end":{"line":86,"column":null}},"22":{"start":{"line":87,"column":25},"end":{"line":87,"column":null}},"23":{"start":{"line":89,"column":27},"end":{"line":91,"column":null}},"24":{"start":{"line":93,"column":25},"end":{"line":95,"column":null}},"25":{"start":{"line":97,"column":22},"end":{"line":97,"column":null}},"26":{"start":{"line":98,"column":25},"end":{"line":98,"column":null}},"27":{"start":{"line":99,"column":25},"end":{"line":99,"column":null}},"28":{"start":{"line":101,"column":4},"end":{"line":123,"column":null}},"29":{"start":{"line":102,"column":37},"end":{"line":108,"column":8}},"30":{"start":{"line":109,"column":41},"end":{"line":112,"column":8}},"31":{"start":{"line":114,"column":60},"end":{"line":114,"column":77}},"32":{"start":{"line":115,"column":60},"end":{"line":115,"column":78}},"33":{"start":{"line":127,"column":4},"end":{"line":127,"column":null}},"34":{"start":{"line":130,"column":32},"end":{"line":130,"column":77}},"35":{"start":{"line":133,"column":23},"end":{"line":133,"column":null}},"36":{"start":{"line":135,"column":27},"end":{"line":144,"column":null}},"37":{"start":{"line":136,"column":20},"end":{"line":142,"column":null}},"38":{"start":{"line":138,"column":31},"end":{"line":138,"column":56}},"39":{"start":{"line":139,"column":37},"end":{"line":139,"column":68}},"40":{"start":{"line":140,"column":31},"end":{"line":140,"column":56}},"41":{"start":{"line":143,"column":6},"end":{"line":143,"column":null}},"42":{"start":{"line":146,"column":4},"end":{"line":178,"column":null}},"43":{"start":{"line":147,"column":37},"end":{"line":147,"column":null}},"44":{"start":{"line":148,"column":30},"end":{"line":170,"column":null}},"45":{"start":{"line":149,"column":40},"end":{"line":149,"column":null}},"46":{"start":{"line":150,"column":30},"end":{"line":162,"column":null}},"47":{"start":{"line":151,"column":10},"end":{"line":151,"column":null}},"48":{"start":{"line":151,"column":68},"end":{"line":151,"column":123}},"49":{"start":{"line":152,"column":10},"end":{"line":161,"column":null}},"50":{"start":{"line":155,"column":67},"end":{"line":155,"column":122}},"51":{"start":{"line":156,"column":57},"end":{"line":160,"column":14}},"52":{"start":{"line":159,"column":71},"end":{"line":159,"column":93}},"53":{"start":{"line":159,"column":112},"end":{"line":159,"column":167}},"54":{"start":{"line":163,"column":8},"end":{"line":163,"column":null}},"55":{"start":{"line":164,"column":8},"end":{"line":169,"column":null}},"56":{"start":{"line":172,"column":6},"end":{"line":177,"column":null}},"57":{"start":{"line":180,"column":27},"end":{"line":180,"column":49}},"58":{"start":{"line":182,"column":4},"end":{"line":182,"column":null}},"59":{"start":{"line":184,"column":31},"end":{"line":184,"column":83}},"60":{"start":{"line":185,"column":30},"end":{"line":185,"column":70}},"61":{"start":{"line":186,"column":28},"end":{"line":186,"column":62}}},"fnMap":{"0":{"name":"(anonymous_0)","decl":{"start":{"line":16,"column":2},"end":{"line":16,"column":null}},"loc":{"start":{"line":18,"column":4},"end":{"line":18,"column":null}},"line":18},"1":{"name":"(anonymous_1)","decl":{"start":{"line":20,"column":8},"end":{"line":20,"column":29}},"loc":{"start":{"line":20,"column":29},"end":{"line":22,"column":null}},"line":20},"2":{"name":"(anonymous_2)","decl":{"start":{"line":24,"column":8},"end":{"line":24,"column":55}},"loc":{"start":{"line":24,"column":55},"end":{"line":37,"column":null}},"line":24},"3":{"name":"(anonymous_3)","decl":{"start":{"line":27,"column":43},"end":{"line":27,"column":44}},"loc":{"start":{"line":27,"column":87},"end":{"line":30,"column":7}},"line":27},"4":{"name":"(anonymous_4)","decl":{"start":{"line":34,"column":42},"end":{"line":34,"column":43}},"loc":{"start":{"line":34,"column":55},"end":{"line":34,"column":107}},"line":34},"5":{"name":"(anonymous_5)","decl":{"start":{"line":39,"column":8},"end":{"line":39,"column":33}},"loc":{"start":{"line":39,"column":33},"end":{"line":50,"column":null}},"line":39},"6":{"name":"(anonymous_6)","decl":{"start":{"line":43,"column":27},"end":{"line":43,"column":28}},"loc":{"start":{"line":43,"column":39},"end":{"line":43,"column":63}},"line":43},"7":{"name":"(anonymous_7)","decl":{"start":{"line":44,"column":31},"end":{"line":44,"column":32}},"loc":{"start":{"line":44,"column":43},"end":{"line":44,"column":71}},"line":44},"8":{"name":"(anonymous_8)","decl":{"start":{"line":45,"column":24},"end":{"line":45,"column":25}},"loc":{"start":{"line":45,"column":36},"end":{"line":45,"column":57}},"line":45},"9":{"name":"(anonymous_9)","decl":{"start":{"line":46,"column":28},"end":{"line":46,"column":29}},"loc":{"start":{"line":46,"column":40},"end":{"line":46,"column":65}},"line":46},"10":{"name":"(anonymous_10)","decl":{"start":{"line":47,"column":26},"end":{"line":47,"column":27}},"loc":{"start":{"line":47,"column":38},"end":{"line":47,"column":62}},"line":47},"11":{"name":"(anonymous_11)","decl":{"start":{"line":48,"column":27},"end":{"line":48,"column":28}},"loc":{"start":{"line":48,"column":55},"end":{"line":48,"column":73}},"line":48},"12":{"name":"(anonymous_12)","decl":{"start":{"line":52,"column":8},"end":{"line":52,"column":32}},"loc":{"start":{"line":52,"column":54},"end":{"line":124,"column":null}},"line":52},"13":{"name":"(anonymous_13)","decl":{"start":{"line":102,"column":31},"end":{"line":102,"column":37}},"loc":{"start":{"line":102,"column":37},"end":{"line":108,"column":8}},"line":102},"14":{"name":"(anonymous_14)","decl":{"start":{"line":109,"column":35},"end":{"line":109,"column":41}},"loc":{"start":{"line":109,"column":41},"end":{"line":112,"column":8}},"line":109},"15":{"name":"(anonymous_15)","decl":{"start":{"line":114,"column":39},"end":{"line":114,"column":40}},"loc":{"start":{"line":114,"column":60},"end":{"line":114,"column":77}},"line":114},"16":{"name":"(anonymous_16)","decl":{"start":{"line":115,"column":39},"end":{"line":115,"column":40}},"loc":{"start":{"line":115,"column":60},"end":{"line":115,"column":78}},"line":115},"17":{"name":"(anonymous_17)","decl":{"start":{"line":126,"column":8},"end":{"line":126,"column":27}},"loc":{"start":{"line":126,"column":47},"end":{"line":128,"column":null}},"line":126},"18":{"name":"(anonymous_18)","decl":{"start":{"line":130,"column":8},"end":{"line":130,"column":30}},"loc":{"start":{"line":130,"column":30},"end":{"line":130,"column":null}},"line":130},"19":{"name":"(anonymous_19)","decl":{"start":{"line":132,"column":8},"end":{"line":132,"column":33}},"loc":{"start":{"line":132,"column":33},"end":{"line":179,"column":null}},"line":132},"20":{"name":"(anonymous_20)","decl":{"start":{"line":135,"column":27},"end":{"line":135,"column":28}},"loc":{"start":{"line":135,"column":42},"end":{"line":144,"column":null}},"line":135},"21":{"name":"(anonymous_21)","decl":{"start":{"line":138,"column":26},"end":{"line":138,"column":31}},"loc":{"start":{"line":138,"column":31},"end":{"line":138,"column":56}},"line":138},"22":{"name":"(anonymous_22)","decl":{"start":{"line":139,"column":32},"end":{"line":139,"column":37}},"loc":{"start":{"line":139,"column":37},"end":{"line":139,"column":68}},"line":139},"23":{"name":"(anonymous_23)","decl":{"start":{"line":140,"column":26},"end":{"line":140,"column":31}},"loc":{"start":{"line":140,"column":31},"end":{"line":140,"column":56}},"line":140},"24":{"name":"(anonymous_24)","decl":{"start":{"line":146,"column":26},"end":{"line":146,"column":36}},"loc":{"start":{"line":146,"column":36},"end":{"line":178,"column":5}},"line":146},"25":{"name":"(anonymous_25)","decl":{"start":{"line":148,"column":50},"end":{"line":148,"column":51}},"loc":{"start":{"line":148,"column":68},"end":{"line":170,"column":7}},"line":148},"26":{"name":"(anonymous_26)","decl":{"start":{"line":150,"column":49},"end":{"line":150,"column":50}},"loc":{"start":{"line":150,"column":65},"end":{"line":162,"column":9}},"line":150},"27":{"name":"(anonymous_27)","decl":{"start":{"line":151,"column":55},"end":{"line":151,"column":56}},"loc":{"start":{"line":151,"column":68},"end":{"line":151,"column":123}},"line":151},"28":{"name":"(anonymous_28)","decl":{"start":{"line":155,"column":54},"end":{"line":155,"column":55}},"loc":{"start":{"line":155,"column":67},"end":{"line":155,"column":122}},"line":155},"29":{"name":"(anonymous_29)","decl":{"start":{"line":156,"column":43},"end":{"line":156,"column":44}},"loc":{"start":{"line":156,"column":57},"end":{"line":160,"column":14}},"line":156},"30":{"name":"(anonymous_30)","decl":{"start":{"line":159,"column":59},"end":{"line":159,"column":60}},"loc":{"start":{"line":159,"column":71},"end":{"line":159,"column":93}},"line":159},"31":{"name":"(anonymous_31)","decl":{"start":{"line":159,"column":99},"end":{"line":159,"column":100}},"loc":{"start":{"line":159,"column":112},"end":{"line":159,"column":167}},"line":159},"32":{"name":"(anonymous_32)","decl":{"start":{"line":180,"column":8},"end":{"line":180,"column":25}},"loc":{"start":{"line":180,"column":25},"end":{"line":180,"column":null}},"line":180},"33":{"name":"(anonymous_33)","decl":{"start":{"line":181,"column":8},"end":{"line":181,"column":25}},"loc":{"start":{"line":181,"column":25},"end":{"line":183,"column":null}},"line":181},"34":{"name":"(anonymous_34)","decl":{"start":{"line":184,"column":8},"end":{"line":184,"column":29}},"loc":{"start":{"line":184,"column":29},"end":{"line":184,"column":null}},"line":184},"35":{"name":"(anonymous_35)","decl":{"start":{"line":185,"column":8},"end":{"line":185,"column":28}},"loc":{"start":{"line":185,"column":28},"end":{"line":185,"column":null}},"line":185},"36":{"name":"(anonymous_36)","decl":{"start":{"line":186,"column":8},"end":{"line":186,"column":26}},"loc":{"start":{"line":186,"column":26},"end":{"line":186,"column":null}},"line":186}},"branchMap":{"0":{"loc":{"start":{"line":17,"column":21},"end":{"line":17,"column":null}},"type":"default-arg","locations":[{"start":{"line":17,"column":61},"end":{"line":17,"column":null}}],"line":17},"1":{"loc":{"start":{"line":28,"column":32},"end":{"line":28,"column":47}},"type":"binary-expr","locations":[{"start":{"line":28,"column":32},"end":{"line":28,"column":46}},{"start":{"line":28,"column":46},"end":{"line":28,"column":47}}],"line":28},"2":{"loc":{"start":{"line":34,"column":91},"end":{"line":34,"column":103}},"type":"binary-expr","locations":[{"start":{"line":34,"column":91},"end":{"line":34,"column":102}},{"start":{"line":34,"column":102},"end":{"line":34,"column":103}}],"line":34},"3":{"loc":{"start":{"line":35,"column":50},"end":{"line":35,"column":69}},"type":"binary-expr","locations":[{"start":{"line":35,"column":50},"end":{"line":35,"column":68}},{"start":{"line":35,"column":68},"end":{"line":35,"column":69}}],"line":35},"4":{"loc":{"start":{"line":43,"column":15},"end":{"line":43,"column":null}},"type":"binary-expr","locations":[{"start":{"line":43,"column":15},"end":{"line":43,"column":75}},{"start":{"line":43,"column":75},"end":{"line":43,"column":null}}],"line":43},"5":{"loc":{"start":{"line":44,"column":19},"end":{"line":44,"column":null}},"type":"binary-expr","locations":[{"start":{"line":44,"column":19},"end":{"line":44,"column":83}},{"start":{"line":44,"column":83},"end":{"line":44,"column":null}}],"line":44},"6":{"loc":{"start":{"line":45,"column":12},"end":{"line":45,"column":null}},"type":"binary-expr","locations":[{"start":{"line":45,"column":12},"end":{"line":45,"column":69}},{"start":{"line":45,"column":69},"end":{"line":45,"column":null}}],"line":45},"7":{"loc":{"start":{"line":46,"column":16},"end":{"line":46,"column":null}},"type":"binary-expr","locations":[{"start":{"line":46,"column":16},"end":{"line":46,"column":77}},{"start":{"line":46,"column":77},"end":{"line":46,"column":null}}],"line":46},"8":{"loc":{"start":{"line":47,"column":14},"end":{"line":47,"column":null}},"type":"binary-expr","locatio
[...]
ull}},"58":{"start":{"line":171,"column":24},"end":{"line":183,"column":null}},"59":{"start":{"line":172,"column":43},"end":{"line":174,"column":null}},"60":{"start":{"line":173,"column":32},"end":{"line":173,"column":null}},"61":{"start":{"line":175,"column":28},"end":{"line":182,"column":null}},"62":{"start":{"line":176,"column":32},"end":{"line":181,"column":null}},"63":{"start":{"line":179,"column":77},"end":{"line":179,"column":88}},"64":{"start":{"line":186,"column":20},"end":{"line":222,"column":null}},"65":{"start":{"line":191,"column":60},"end":{"line":191,"column":71}},"66":{"start":{"line":192,"column":62},"end":{"line":192,"column":74}},"67":{"start":{"line":194,"column":65},"end":{"line":194,"column":99}},"68":{"start":{"line":200,"column":73},"end":{"line":200,"column":113}},"69":{"start":{"line":200,"column":152},"end":{"line":200,"column":177}},"70":{"start":{"line":201,"column":75},"end":{"line":201,"column":121}},"71":{"start":{"line":201,"column":160},"end":{"line":201,"column":191}},"72":{"start":{"line":202,"column":73},"end":{"line":202,"column":113}},"73":{"start":{"line":202,"column":152},"end":{"line":202,"column":177}},"74":{"start":{"line":207,"column":28},"end":{"line":207,"column":null}},"75":{"start":{"line":207,"column":49},"end":{"line":207,"column":null}},"76":{"start":{"line":208,"column":28},"end":{"line":208,"column":null}},"77":{"start":{"line":208,"column":49},"end":{"line":208,"column":null}},"78":{"start":{"line":209,"column":28},"end":{"line":209,"column":null}},"79":{"start":{"line":226,"column":12},"end":{"line":226,"column":null}},"80":{"start":{"line":226,"column":80},"end":{"line":226,"column":91}},"81":{"start":{"line":229,"column":49},"end":{"line":238,"column":null}},"82":{"start":{"line":229,"column":69},"end":{"line":238,"column":14}},"83":{"start":{"line":240,"column":39},"end":{"line":261,"column":null}},"84":{"start":{"line":246,"column":24},"end":{"line":246,"column":null}},"85":{"start":{"line":246,"column":59},"end":{"line":246,"column":null}},"86":{"start":{"line":247,"column":24},"end":{"line":247,"column":null}},"87":{"start":{"line":247,"column":104},"end":{"line":247,"column":null}},"88":{"start":{"line":248,"column":24},"end":{"line":248,"column":null}},"89":{"start":{"line":264,"column":12},"end":{"line":266,"column":null}},"90":{"start":{"line":268,"column":12},"end":{"line":268,"column":null}}},"fnMap":{"0":{"name":"(anonymous_0)","decl":{"start":{"line":10,"column":30},"end":{"line":10,"column":31}},"loc":{"start":{"line":11,"column":8},"end":{"line":11,"column":null}},"line":11},"1":{"name":"(anonymous_1)","decl":{"start":{"line":13,"column":17},"end":{"line":13,"column":29}},"loc":{"start":{"line":13,"column":66},"end":{"line":270,"column":null}},"line":13},"2":{"name":"(anonymous_2)","decl":{"start":{"line":14,"column":58},"end":{"line":14,"column":65}},"loc":{"start":{"line":14,"column":74},"end":{"line":269,"column":9}},"line":14},"3":{"name":"(anonymous_3)","decl":{"start":{"line":45,"column":53},"end":{"line":45,"column":60}},"loc":{"start":{"line":45,"column":60},"end":{"line":67,"column":14}},"line":45},"4":{"name":"(anonymous_4)","decl":{"start":{"line":73,"column":29},"end":{"line":73,"column":34}},"loc":{"start":{"line":73,"column":34},"end":{"line":73,"column":46}},"line":73},"5":{"name":"(anonymous_5)","decl":{"start":{"line":74,"column":32},"end":{"line":74,"column":33}},"loc":{"start":{"line":74,"column":54},"end":{"line":74,"column":98}},"line":74},"6":{"name":"(anonymous_6)","decl":{"start":{"line":78,"column":61},"end":{"line":78,"column":62}},"loc":{"start":{"line":78,"column":81},"end":{"line":78,"column":120}},"line":78},"7":{"name":"(anonymous_7)","decl":{"start":{"line":80,"column":56},"end":{"line":80,"column":61}},"loc":{"start":{"line":80,"column":61},"end":{"line":80,"column":75}},"line":80},"8":{"name":"(anonymous_8)","decl":{"start":{"line":94,"column":30},"end":{"line":94,"column":35}},"loc":{"start":{"line":94,"column":35},"end":{"line":105,"column":13}},"line":94},"9":{"name":"(anonymous_9)","decl":{"start":{"line":120,"column":58},"end":{"line":120,"column":63}},"loc":{"start":{"line":120,"column":63},"end":{"line":120,"column":89}},"line":120},"10":{"name":"(anonymous_10)","decl":{"start":{"line":121,"column":59},"end":{"line":121,"column":64}},"loc":{"start":{"line":121,"column":64},"end":{"line":121,"column":75}},"line":121},"11":{"name":"(anonymous_11)","decl":{"start":{"line":138,"column":60},"end":{"line":138,"column":65}},"loc":{"start":{"line":138,"column":65},"end":{"line":138,"column":87}},"line":138},"12":{"name":"(anonymous_12)","decl":{"start":{"line":139,"column":61},"end":{"line":139,"column":66}},"loc":{"start":{"line":139,"column":66},"end":{"line":139,"column":77}},"line":139},"13":{"name":"(anonymous_13)","decl":{"start":{"line":148,"column":81},"end":{"line":148,"column":86}},"loc":{"start":{"line":148,"column":86},"end":{"line":148,"column":98}},"line":148},"14":{"name":"(anonymous_14)","decl":{"start":{"line":148,"column":106},"end":{"line":148,"column":113}},"loc":{"start":{"line":148,"column":113},"end":{"line":158,"column":21}},"line":148},"15":{"name":"(anonymous_15)","decl":{"start":{"line":149,"column":58},"end":{"line":149,"column":63}},"loc":{"start":{"line":149,"column":63},"end":{"line":149,"column":83}},"line":149},"16":{"name":"(anonymous_16)","decl":{"start":{"line":155,"column":61},"end":{"line":155,"column":66}},"loc":{"start":{"line":155,"column":66},"end":{"line":155,"column":77}},"line":155},"17":{"name":"(anonymous_17)","decl":{"start":{"line":164,"column":47},"end":{"line":164,"column":52}},"loc":{"start":{"line":164,"column":52},"end":{"line":166,"column":29}},"line":164},"18":{"name":"(anonymous_18)","decl":{"start":{"line":172,"column":65},"end":{"line":172,"column":70}},"loc":{"start":{"line":172,"column":70},"end":{"line":174,"column":29}},"line":172},"19":{"name":"(anonymous_19)","decl":{"start":{"line":179,"column":72},"end":{"line":179,"column":77}},"loc":{"start":{"line":179,"column":77},"end":{"line":179,"column":88}},"line":179},"20":{"name":"(anonymous_20)","decl":{"start":{"line":191,"column":55},"end":{"line":191,"column":60}},"loc":{"start":{"line":191,"column":60},"end":{"line":191,"column":71}},"line":191},"21":{"name":"(anonymous_21)","decl":{"start":{"line":192,"column":57},"end":{"line":192,"column":62}},"loc":{"start":{"line":192,"column":62},"end":{"line":192,"column":74}},"line":192},"22":{"name":"(anonymous_22)","decl":{"start":{"line":194,"column":50},"end":{"line":194,"column":51}},"loc":{"start":{"line":194,"column":65},"end":{"line":194,"column":99}},"line":194},"23":{"name":"(anonymous_23)","decl":{"start":{"line":200,"column":68},"end":{"line":200,"column":73}},"loc":{"start":{"line":200,"column":73},"end":{"line":200,"column":113}},"line":200},"24":{"name":"(anonymous_24)","decl":{"start":{"line":200,"column":147},"end":{"line":200,"column":152}},"loc":{"start":{"line":200,"column":152},"end":{"line":200,"column":177}},"line":200},"25":{"name":"(anonymous_25)","decl":{"start":{"line":201,"column":70},"end":{"line":201,"column":75}},"loc":{"start":{"line":201,"column":75},"end":{"line":201,"column":121}},"line":201},"26":{"name":"(anonymous_26)","decl":{"start":{"line":201,"column":155},"end":{"line":201,"column":160}},"loc":{"start":{"line":201,"column":160},"end":{"line":201,"column":191}},"line":201},"27":{"name":"(anonymous_27)","decl":{"start":{"line":202,"column":68},"end":{"line":202,"column":73}},"loc":{"start":{"line":202,"column":73},"end":{"line":202,"column":113}},"line":202},"28":{"name":"(anonymous_28)","decl":{"start":{"line":202,"column":147},"end":{"line":202,"column":152}},"loc":{"start":{"line":202,"column":152},"end":{"line":202,"column":177}},"line":202},"29":{"name":"(anonymous_29)","decl":{"start":{"line":206,"column":33},"end":{"line":206,"column":39}},"loc":{"start":{"line":206,"column":39},"end":{"line":210,"column":27}},"line":206},"30":{"name":"(anonymous_30)","decl":{"start":{"line":226,"column":75},"end":{"line":226,"column":80}},"loc":{"start":{"line":226,"column":80},"end":{"line":226,"column":91}},"line":226},"31":{"name":"(anonymous_31)","decl":{"start":{"line":229,"column":63},"end":{"line":229,"column":69}},"loc":{"start":{"line":229,"column":69},"end":{"line":238,"column":14}},"line":229},"32":{"name":"(anonymous_32)","decl":{"start":{"line":245,"column":28},"end":{"line":245,"column":34}},"loc":{"start":{"line":245,"column":34},"end":{"line":249,"column":23}},"line":245}},"branchMap":{"0":{"loc":{"start":{"line":11,"column":8},"end":{"line":11,"column":null}},"type":"binary-expr","locations":[{"start":{"line":11,"column":8},"end":{"line":11,"column":31}},{"start":{"line":11,"column":31},"end":{"line":11,"column":49}},{"start":{"line":11,"column":49},"end":{"line":11,"column":null}}],"line":11},"1":{"loc":{"start":{"line":43,"column":12},"end":{"line":43,"column":null}},"type":"if","locations":[{"start":{"line":43,"column":12},"end":{"line":43,"column":null}},{"start":{},"end":{}}],"line":43},"2":{"loc":{"start":{"line":53,"column":20},"end":{"line":57,"column":null}},"type":"cond-expr","locations":[{"start":{"line":56,"column":27},"end":{"line":56,"column":null}},{"start":{"line":57,"column":26},"end":{"line":57,"column":null}}],"line":53},"3":{"loc":{"start":{"line":53,"column":20},"end":{"line":55,"column":null}},"type":"binary-expr","locations":[{"start":{"line":53,"column":20},"end":{"line":53,"column":null}},{"start":{"line":54,"column":20},"end":{"line":54,"column":null}},{"start":{"line":55,"column":20},"end":{"line":55,"column":null}}],"line":53},"4":{"loc":{"start":{"line":74,"column":54},"end":{"line":74,"column":98}},"type":"binary-expr","locations":[{"start":{"line":74,"column":54},"end":{"line":74,"column":69}},{"start":{"line":74,"column":69},"end":{"line":74,"column":89}},{"start":{"line":74,"column":89},"end":{"line":74,"column":98}}],"line":74},"5":{"loc":{"start":{"line":77,"column":32},"end":{"line":79,"column":null}},"type":"cond-expr","locations":[{"start":{"line":78,"column":18},"end":{"line":78,"column":null}},{"start":{"line":79,"column":18},"end":{"line":79,"column":null}}],"line":77},"6":{"loc":{"start":{"line":95,"column":16},"end":{"line":99,"column":null}},"type":"if","locations":[{"start":{"line":95,"column":16},"end":{"line":99,"column":null}},{"start":{},"end":{}}],"line":95},"7":{"loc":{"start":{"line":100,"column":16},"end":{"line":104,"column":null}},"type":"if","locations":[{"start":{"line":100,"column":16},"end":{"line":104,"column":null}},{"start":{},"end":{}}],"line":100},"8":{"loc":{"start":{"line":173,"column":39},"end":{"line":173,"column":null}},"type":"binary-expr","locations":[{"start":{"line":173,"column":39},"end":{"line":173,"column":97}},{"start":{"line":173,"column":97},"end":{"line":173,"column":null}}],"line":173},"9":{"loc":{"start":{"line":175,"column":28},"end":{"line":182,"column":null}},"type":"if","locations":[{"start":{"line":175,"column":28},"end":{"line":182,"column":null}},{"start":{},"end":{}}],"line":175},"10":{"loc":{"start":{"line":200,"column":73},"end":{"line":200,"column":113}},"type":"binary-expr","locations":[{"start":{"line":200,"column":73},"end":{"line":200,"column":102}},{"start":{"line":200,"column":102},"end":{"line":200,"column":113}}],"line":200},"11":{"loc":{"start":{"line":200,"column":125},"end":{"line":200,"column":195}},"type":"binary-expr","locations":[{"start":{"line":200,"column":125},"end":{"line":200,"column":189}},{"start":{"line":200,"column":189},"end":{"line":200,"column":195}}],"line":200},"12":{"loc":{"start":{"line":201,"column":75},"end":{"line":201,"column":121}},"type":"binary-expr","locations":[{"start":{"line":201,"column":75},"end":{"line":201,"column":110}},{"start":{"line":201,"column":110},"end":{"line":201,"column":121}}],"line":201},"13":{"loc":{"start":{"line":201,"column":133},"end":{"line":201,"column":209}},"type":"binary-expr","locations":[{"start":{"line":201,"column":133},"end":{"line":201,"column":203}},{"start":{"line":201,"column":203},"end":{"line":201,"column":209}}],"line":201},"14":{"loc":{"start":{"line":202,"column":73},"end":{"line":202,"column":113}},"type":"binary-expr","locations":[{"start":{"line":202,"column":73},"end":{"line":202,"column":102}},{"start":{"line":202,"column":102},"end":{"line":202,"column":113}}],"line":202},"15":{"loc":{"start":{"line":202,"column":125},"end":{"line":202,"column":195}},"type":"binary-expr","locations":[{"start":{"line":202,"column":125},"end":{"line":202,"column":189}},{"start":{"line":202,"column":189},"end":{"line":202,"column":195}}],"line":202},"16":{"loc":{"start":{"line":207,"column":28},"end":{"line":207,"column":null}},"type":"if","locations":[{"start":{"line":207,"column":28},"end":{"line":207,"column":null}},{"start":{},"end":{}}],"line":207},"17":{"loc":{"start":{"line":208,"column":28},"end":{"line":208,"column":null}},"type":"if","locations":[{"start":{"line":208,"column":28},"end":{"line":208,"column":null}},{"start":{},"end":{}}],"line":208},"18":{"loc":{"start":{"line":212,"column":28},"end":{"line":212,"column":null}},"type":"cond-expr","locations":[{"start":{"line":212,"column":46},"end":{"line":212,"column":88}},{"start":{"line":212,"column":88},"end":{"line":212,"column":null}}],"line":212},"19":{"loc":{"start":{"line":246,"column":24},"end":{"line":246,"column":null}},"type":"if","locations":[{"start":{"line":246,"column":24},"end":{"line":246,"column":null}},{"start":{},"end":{}}],"line":246},"20":{"loc":{"start":{"line":247,"column":24},"end":{"line":247,"column":null}},"type":"if","locations":[{"start":{"line":247,"column":24},"end":{"line":247,"column":null}},{"start":{},"end":{}}],"line":247},"21":{"loc":{"start":{"line":247,"column":28},"end":{"line":247,"column":104}},"type":"binary-expr","locations":[{"start":{"line":247,"column":28},"end":{"line":247,"column":63}},{"start":{"line":247,"column":63},"end":{"line":247,"column":104}}],"line":247},"22":{"loc":{"start":{"line":252,"column":24},"end":{"line":254,"column":null}},"type":"cond-expr","locations":[{"start":{"line":253,"column":30},"end":{"line":253,"column":null}},{"start":{"line":254,"column":30},"end":{"line":254,"column":null}}],"line":252},"23":{"loc":{"start":{"line":252,"column":24},"end":{"line":252,"column":null}},"type":"binary-expr","locations":[{"start":{"line":252,"column":24},"end":{"line":252,"column":64}},{"start":{"line":252,"column":64},"end":{"line":252,"column":null}}],"line":252}},"s":{"0":16,"1":16,"2":3,"3":25,"4":25,"5":25,"6":25,"7":23,"8":2,"9":21,"10":27,"11":21,"12":23,"13":23,"14":21,"15":2,"16":25,"17":4,"18":25,"19":17,"20":25,"21":25,"22":25,"23":25,"24":23,"25":16,"26":16,"27":16,"28":23,"29":18,"30":18,"31":18,"32":25,"33":25,"34":16,"35":27,"36":16,"37":23,"38":16,"39":16,"40":16,"41":18,"42":35,"43":18,"44":23,"45":18,"46":18,"47":23,"48":20,"49":29,"50":20,"51":20,"52":23,"53":18,"54":18,"55":18,"56":23,"57":18,"58":19,"59":57,"60":75,"61":57,"62":13,"63":17,"64":18,"65":23,"66":23,"67":23,"68":23,"69":23,"70":23,"71":23,"72":23,"73":23,"74":18,"75":12,"76":6,"77":1,"78":5,"79":17,"80":23,"81":17,"82":23,"83":17,"84":17,"85":2,"86":15,"87":2,"88":13,"89":25,"90":17},"f":{"0":3,"1":16,"2":25,"3":27,"4":23,"5":23,"6":2,"7":4,"8":23,"9":27,"10":23,"11":35,"12":23,"13":23,"14":20,"15":29,"16":23,"17":23,"18":75,"19":17,"20":23,"21":23,"22":23,"23":23,"24":23,"25":23,"26":23,"27":23,"28":23,"29":18,"30":23,"31":23,"32":17},"b":{"0":[3,3,2],"1":[2,21],"2":[9,18],"3":[27,15,12],"4":[23,18,9],"5":[6,11],"6":[16,7],"7":[18,5],"8":[75,69],"9":[13,44],"10":[23,7],"11":[18,11],"12":[23,6],"13":[18,15],"14":[23,4],"15":[18,15],"16":[12,6],"17":[1,5],"18":[12,6],"19":[2,15],"20":[2,13],"21":[15,12],"22":[3,14],"23":[17,4]},"meta":{"lastBranch":24,"lastFunction":33,"lastStatement":91,"seen":{"s:9:4:9:Infinity":0,"s:10:4:11:Infinity":1,"f:10:30:10:31":0,"s:11:8:11:Infinity":2,"b:11:8:11:31:11:31:11:49:11:49:11:Infinity":0,"f:13:17:13:29":1,"s:14:8:269:Infinity":3,"f:14:58:14:65":2,"s:15:12:15:Infinity":4,"s:16:12:16:Infinity":5,"s:19:25:41:Infinity":6,"b:43:12:43:Infinity:undefined:undefined:undefined:undefined":1,"s:43:12:43:Infinity":7,"s:43:23:43:Infinity":8,"s:45:30:67:Infinity":9,"f:45:53:45:60":3,"s:45:60:67:14":10,"b:56:27:56:Infinity:57:26:57:Infinity":2,"b:53:20:53:Infinity:54:20:54:Infinity:55:20:55:Infinity":3,"s:70:32:76:Infinity":11,"f:73:29:73:34":4,"s:73:34:73:46":12,"f:74:32:74:33":5,"s:74:54:74:98":13,"b:74:54:74:69:74:69:74:89:74:89:74:98":4,"s:77:32:79:Infinity":14,"b:78:18:78:Infinity:79:18:79:Infinity":5,"f:78:61:78:62":6,"s:78:81:78:120":15,"s:80:32:80:Infinity":16,"f:80:56:80:61":7,"s:80:61:80:75":17,"s:82:55:82:Infinity":18,"s:83:31:83:Infinity":19,"s:85:42:89:Infinity":20,"s:91:32:91:Infinity":21,"s:92:30:92:Infinity":22,"s:94:12:105:Infinity":23,"f:94:30:94:35":8,"b:95:16:99:Infinity:undefined:undefined:undefined:undefined":6,"s:95:16:99:Infinity":24,"s:96:47:96:Infinity":25,"s:97:20:97:Infinity":26,"s:98:20:98:Infinity":27,"b:100:16:104:Infinity:undefined:undefined:undefined:undefined":7,"s:100:16:104:Infinity":28,"s:101:45:101:Infinity":29,"s:102:20:102:Infinity":30,"s:103:20:103:Infinity":31,"s:108:53:117:Infinity":32,"s:119:12:224:Infinity":33,"s:120:41:120:Infinity":34,"f:120:58:120:63":9,"s:120:63:120:89":35,"s:121:35:121:Infinity":36,"f:121:59:121:64":10,"s:121:64:121:75":37,"s:123:16:127:Infinity":38,"s:129:16:135:Infinity":39,"s:137:16:223:Infinity":40,"s:138:43:138:Infinity":41,"f:138:60:138:65":11,"s:138:65:138:87":42,"s:139:39:139:Infinity":43,"f:139:61:139:66":12,"s:139:66:139:77":44,"s:141:20:145:Infinity":45,"s:148:43:158:Infinity":46,"f:148:81:148:86":13,"s:148:86:148:98":47,"f:148:106:148:113":14,"s:149:36:149:Infinity":48,"f:149:58:149:63":15,"s:149:63:149:83":49,"s:150:45:150:Infinity":50,"s:152:24:157:Infinity":51,"f:155:61:155:66":16,"s:155:66:155:77":52,"s:160:36:160:Infinity":53,"s:161:34:161:Infinity":54,"s:162:36:168:Infinity":55,"f:164:47:164:52":17,"s:165:32:165:Infinity":56,"s:170:20:184:Infinity":57,"s:171:24:183:Infinity":58,"s:172:43:174:Infinity":59,"f:172:65:172:70":18,"s:173:32:173:Infinity":60,"b:173:39:173:97:173:97:173:Infinity":8,"b:175:28:182:Infinity:undefined:undefined:undefined:undefined":9,"s:175:28:182:Infinity":61,"s:176:32:181:Infinity":62,"f:179:72:179:77":19,"s:179:77:179:88":63,"s:186:20:222:Infinity":64,"f:191:55:191:60":20,"s:191:60:191:71":65,"f:192:57:192:62":21,"s:192:62:192:74":66,"f:194:50:194:51":22,"s:194:65:194:99":67,"f:200:68:200:73":23,"s:200:73:200:113":68,"b:200:73:200:102:200:102:200:113":10,"b:200:125:200:189:200:189:200:195":11,"f:200:147:200:152":24,"s:200:152:200:177":69,"f:201:70:201:75":25,"s:201:75:201:121":70,"b:201:75:201:110:201:110:201:121":12,"b:201:133:201:203:201:203:201:209":13,"f:201:155:201:160":26,"s:201:160:201:191":71,"f:202:68:202:73":27,"s:202:73:202:113":72,"b:202:73:202:102:202:102:202:113":14,"b:202:125:202:189:202:189:202:195":15,"f:202:147:202:152":28,"s:202:152:202:177":73,"f:206:33:206:39":29,"b:207:28:207:Infinity:undefined:undefined:undefined:undefined":16,"s:207:28:207:Infinity":74,"s:207:49:207:Infinity":75,"b:208:28:208:Infinity:undefined:undefined:undefined:undefined":17,"s:208:28:208:Infinity":76,"s:208:49:208:Infinity":77,"s:209:28:209:Infinity":78,"b:212:46:212:88:212:88:212:Infinity":18,"s:226:12:226:Infinity":79,"f:226:75:226:80":30,"s:226:80:226:91":80,"s:229:49:238:Infinity":81,"f:229:63:229:69":31,"s:229:69:238:14":82,"s:240:39:261:Infinity":83,"f:245:28:245:34":32,"b:246:24:246:Infinity:undefined:undefined:undefined:undefined":19,"s:246:24:246:Infinity":84,"s:246:59:246:Infinity":85,"b:247:24:247:Infinity:undefined:undefined:undefined:undefined":20,"s:247:24:247:Infinity":86,"b:247:28:247:63:247:63:247:104":21,"s:247:104:247:Infinity":87,"s:248:24:248:Infinity":88,"b:253:30:253:Infinity:254:30:254:Infinity":22,"b:252:24:252:64:252:64:252:Infinity":23,"s:264:12:266:Infinity":89,"s:268:12:268:Infinity":90}}}
}
